<?xml version="1.0" encoding="UTF-8"?>
<coverage generated="1674777167099" clover="3.2.0">
  <project timestamp="1674777167099" name="All files">
    <metrics statements="592" coveredstatements="333" conditionals="91" coveredconditionals="55" methods="42" coveredmethods="38" elements="725" coveredelements="426" complexity="0" loc="592" ncloc="592" packages="1" files="6" classes="6"/>
    <file name="bodyParser.ts" path="D:\Coding\wasmmts-A_wasm_interpreter\src\bodyParser.ts">
      <metrics statements="243" coveredstatements="172" conditionals="46" coveredconditionals="22" methods="11" coveredmethods="11"/>
      <line num="1" count="1" type="stmt"/>
      <line num="3" count="1" type="stmt"/>
      <line num="13" count="1" type="stmt"/>
      <line num="14" count="8" type="stmt"/>
      <line num="23" count="1" type="stmt"/>
      <line num="25" count="9" type="stmt"/>
      <line num="26" count="9" type="stmt"/>
      <line num="27" count="9" type="stmt"/>
      <line num="29" count="9" type="stmt"/>
      <line num="30" count="80" type="cond" truecount="0" falsecount="1"/>
      <line num="31" count="80" type="stmt"/>
      <line num="33" count="80" type="stmt"/>
      <line num="36" count="80" type="cond" truecount="2" falsecount="0"/>
      <line num="39" count="49" type="stmt"/>
      <line num="40" count="49" type="stmt"/>
      <line num="41" count="49" type="stmt"/>
      <line num="42" count="49" type="stmt"/>
      <line num="44" count="80" type="cond" truecount="2" falsecount="0"/>
      <line num="47" count="45" type="stmt"/>
      <line num="48" count="45" type="stmt"/>
      <line num="49" count="45" type="stmt"/>
      <line num="50" count="45" type="stmt"/>
      <line num="53" count="80" type="stmt"/>
      <line num="54" count="80" type="stmt"/>
      <line num="56" count="9" type="stmt"/>
      <line num="60" count="1" type="stmt"/>
      <line num="62" count="5" type="stmt"/>
      <line num="63" count="5" type="stmt"/>
      <line num="64" count="5" type="stmt"/>
      <line num="66" count="5" type="stmt"/>
      <line num="69" count="20" type="stmt"/>
      <line num="72" count="20" type="stmt"/>
      <line num="74" count="20" type="cond" truecount="4" falsecount="1"/>
      <line num="77" count="20" type="cond" truecount="3" falsecount="2"/>
      <line num="78" count="10" type="stmt"/>
      <line num="79" count="1" type="stmt"/>
      <line num="80" count="0" type="stmt"/>
      <line num="81" count="9" type="stmt"/>
      <line num="82" count="0" type="stmt"/>
      <line num="84" count="20" type="stmt"/>
      <line num="85" count="20" type="stmt"/>
      <line num="87" count="5" type="stmt"/>
      <line num="92" count="1" type="stmt"/>
      <line num="93" count="9" type="stmt"/>
      <line num="94" count="9" type="stmt"/>
      <line num="95" count="9" type="stmt"/>
      <line num="96" count="9" type="stmt"/>
      <line num="97" count="177" type="stmt"/>
      <line num="98" count="177" type="stmt"/>
      <line num="99" count="177" type="stmt"/>
      <line num="101" count="9" type="stmt"/>
      <line num="104" count="1" type="stmt"/>
      <line num="105" count="4" type="stmt"/>
      <line num="106" count="4" type="stmt"/>
      <line num="107" count="4" type="stmt"/>
      <line num="108" count="4" type="stmt"/>
      <line num="109" count="4" type="stmt"/>
      <line num="111" count="4" type="stmt"/>
      <line num="114" count="1" type="stmt"/>
      <line num="115" count="6" type="stmt"/>
      <line num="116" count="6" type="stmt"/>
      <line num="117" count="6" type="stmt"/>
      <line num="118" count="6" type="stmt"/>
      <line num="119" count="6" type="stmt"/>
      <line num="121" count="6" type="stmt"/>
      <line num="124" count="1" type="stmt"/>
      <line num="125" count="2" type="stmt"/>
      <line num="126" count="2" type="stmt"/>
      <line num="127" count="2" type="stmt"/>
      <line num="128" count="2" type="stmt"/>
      <line num="130" count="15" type="stmt"/>
      <line num="132" count="15" type="stmt"/>
      <line num="133" count="15" type="stmt"/>
      <line num="135" count="2" type="stmt"/>
      <line num="138" count="1" type="stmt"/>
      <line num="140" count="6" type="stmt"/>
      <line num="141" count="6" type="stmt"/>
      <line num="142" count="6" type="stmt"/>
      <line num="143" count="6" type="stmt"/>
      <line num="144" count="133" type="stmt"/>
      <line num="145" count="133" type="stmt"/>
      <line num="146" count="133" type="stmt"/>
      <line num="147" count="133" type="stmt"/>
      <line num="148" count="1583" type="stmt"/>
      <line num="150" count="133" type="stmt"/>
      <line num="152" count="133" type="cond" truecount="4" falsecount="1"/>
      <line num="161" count="133" type="stmt"/>
      <line num="162" count="133" type="stmt"/>
      <line num="164" count="6" type="stmt"/>
      <line num="166" count="1" type="stmt"/>
      <line num="168" count="2" type="stmt"/>
      <line num="169" count="2" type="stmt"/>
      <line num="170" count="2" type="stmt"/>
      <line num="172" count="2" type="stmt"/>
      <line num="173" count="54" type="stmt"/>
      <line num="174" count="54" type="stmt"/>
      <line num="175" count="54" type="cond" truecount="4" falsecount="5"/>
      <line num="176" count="0" type="stmt"/>
      <line num="181" count="39" type="stmt"/>
      <line num="183" count="39" type="stmt"/>
      <line num="184" count="39" type="stmt"/>
      <line num="185" count="39" type="stmt"/>
      <line num="186" count="39" type="stmt"/>
      <line num="187" count="41" type="stmt"/>
      <line num="188" count="41" type="stmt"/>
      <line num="189" count="41" type="stmt"/>
      <line num="191" count="39" type="stmt"/>
      <line num="193" count="39" type="stmt"/>
      <line num="194" count="39" type="stmt"/>
      <line num="200" count="6" type="cond" truecount="0" falsecount="1"/>
      <line num="201" count="6" type="stmt"/>
      <line num="203" count="6" type="stmt"/>
      <line num="204" count="6" type="stmt"/>
      <line num="205" count="6" type="stmt"/>
      <line num="206" count="6" type="stmt"/>
      <line num="207" count="8" type="stmt"/>
      <line num="208" count="8" type="stmt"/>
      <line num="209" count="8" type="stmt"/>
      <line num="211" count="6" type="stmt"/>
      <line num="213" count="6" type="stmt"/>
      <line num="214" count="6" type="stmt"/>
      <line num="219" count="0" type="stmt"/>
      <line num="220" count="0" type="stmt"/>
      <line num="223" count="0" type="stmt"/>
      <line num="226" count="0" type="cond" truecount="0" falsecount="1"/>
      <line num="229" count="0" type="stmt"/>
      <line num="230" count="0" type="stmt"/>
      <line num="231" count="0" type="stmt"/>
      <line num="232" count="0" type="stmt"/>
      <line num="233" count="0" type="stmt"/>
      <line num="234" count="0" type="stmt"/>
      <line num="235" count="0" type="stmt"/>
      <line num="237" count="0" type="stmt"/>
      <line num="239" count="0" type="stmt"/>
      <line num="240" count="0" type="stmt"/>
      <line num="245" count="0" type="cond" truecount="0" falsecount="1"/>
      <line num="246" count="0" type="stmt"/>
      <line num="248" count="0" type="stmt"/>
      <line num="249" count="0" type="stmt"/>
      <line num="250" count="0" type="stmt"/>
      <line num="251" count="0" type="stmt"/>
      <line num="252" count="0" type="stmt"/>
      <line num="253" count="0" type="stmt"/>
      <line num="254" count="0" type="stmt"/>
      <line num="256" count="0" type="stmt"/>
      <line num="257" count="0" type="stmt"/>
      <line num="258" count="0" type="stmt"/>
      <line num="264" count="7" type="stmt"/>
      <line num="266" count="7" type="stmt"/>
      <line num="267" count="7" type="stmt"/>
      <line num="268" count="7" type="stmt"/>
      <line num="269" count="7" type="stmt"/>
      <line num="270" count="14" type="stmt"/>
      <line num="272" count="7" type="stmt"/>
      <line num="273" count="7" type="stmt"/>
      <line num="278" count="2" type="cond" truecount="1" falsecount="2"/>
      <line num="279" count="2" type="stmt"/>
      <line num="280" count="2" type="stmt"/>
      <line num="282" count="2" type="stmt"/>
      <line num="283" count="2" type="stmt"/>
      <line num="284" count="2" type="stmt"/>
      <line num="285" count="2" type="stmt"/>
      <line num="286" count="8" type="stmt"/>
      <line num="288" count="2" type="stmt"/>
      <line num="289" count="2" type="stmt"/>
      <line num="294" count="0" type="stmt"/>
      <line num="295" count="0" type="stmt"/>
      <line num="298" count="0" type="stmt"/>
      <line num="300" count="0" type="cond" truecount="0" falsecount="3"/>
      <line num="301" count="0" type="stmt"/>
      <line num="302" count="0" type="stmt"/>
      <line num="305" count="0" type="stmt"/>
      <line num="306" count="0" type="stmt"/>
      <line num="307" count="0" type="stmt"/>
      <line num="308" count="0" type="stmt"/>
      <line num="309" count="0" type="stmt"/>
      <line num="312" count="0" type="stmt"/>
      <line num="313" count="0" type="stmt"/>
      <line num="318" count="0" type="cond" truecount="0" falsecount="3"/>
      <line num="319" count="0" type="stmt"/>
      <line num="320" count="0" type="stmt"/>
      <line num="322" count="0" type="stmt"/>
      <line num="323" count="0" type="stmt"/>
      <line num="324" count="0" type="stmt"/>
      <line num="325" count="0" type="stmt"/>
      <line num="326" count="0" type="stmt"/>
      <line num="329" count="0" type="stmt"/>
      <line num="330" count="0" type="stmt"/>
      <line num="334" count="2" type="stmt"/>
      <line num="337" count="1" type="stmt"/>
      <line num="338" count="8" type="stmt"/>
      <line num="340" count="8" type="stmt"/>
      <line num="341" count="8" type="stmt"/>
      <line num="343" count="8" type="stmt"/>
      <line num="345" count="167" type="stmt"/>
      <line num="347" count="167" type="stmt"/>
      <line num="348" count="167" type="stmt"/>
      <line num="351" count="167" type="stmt"/>
      <line num="353" count="167" type="stmt"/>
      <line num="355" count="167" type="cond" truecount="1" falsecount="0"/>
      <line num="356" count="25" type="stmt"/>
      <line num="357" count="25" type="stmt"/>
      <line num="358" count="47" type="stmt"/>
      <line num="363" count="167" type="stmt"/>
      <line num="365" count="167" type="stmt"/>
      <line num="367" count="8" type="stmt"/>
      <line num="370" count="1" type="stmt"/>
      <line num="371" count="2" type="stmt"/>
      <line num="372" count="2" type="stmt"/>
      <line num="373" count="2" type="stmt"/>
      <line num="374" count="2" type="stmt"/>
      <line num="375" count="26" type="stmt"/>
      <line num="376" count="26" type="stmt"/>
      <line num="377" count="26" type="cond" truecount="1" falsecount="3"/>
      <line num="378" count="0" type="stmt"/>
      <line num="383" count="26" type="stmt"/>
      <line num="385" count="26" type="stmt"/>
      <line num="386" count="26" type="stmt"/>
      <line num="387" count="26" type="stmt"/>
      <line num="388" count="26" type="stmt"/>
      <line num="389" count="51" type="stmt"/>
      <line num="390" count="51" type="stmt"/>
      <line num="392" count="26" type="stmt"/>
      <line num="393" count="26" type="stmt"/>
      <line num="398" count="0" type="stmt"/>
      <line num="399" count="0" type="stmt"/>
      <line num="400" count="0" type="stmt"/>
      <line num="401" count="0" type="stmt"/>
      <line num="402" count="0" type="stmt"/>
      <line num="403" count="0" type="stmt"/>
      <line num="405" count="0" type="stmt"/>
      <line num="406" count="0" type="stmt"/>
      <line num="411" count="0" type="stmt"/>
      <line num="412" count="0" type="stmt"/>
      <line num="415" count="0" type="stmt"/>
      <line num="418" count="0" type="stmt"/>
      <line num="419" count="0" type="stmt"/>
      <line num="420" count="0" type="stmt"/>
      <line num="421" count="0" type="stmt"/>
      <line num="422" count="0" type="stmt"/>
      <line num="424" count="0" type="stmt"/>
      <line num="425" count="0" type="stmt"/>
      <line num="429" count="2" type="stmt"/>
    </file>
    <file name="helperParser.ts" path="D:\Coding\wasmmts-A_wasm_interpreter\src\helperParser.ts">
      <metrics statements="66" coveredstatements="62" conditionals="23" coveredconditionals="18" methods="11" coveredmethods="9"/>
      <line num="3" count="1" type="stmt"/>
      <line num="5" count="1" type="stmt"/>
      <line num="6" count="144" type="stmt"/>
      <line num="7" count="144" type="stmt"/>
      <line num="9" count="1" type="stmt"/>
      <line num="12" count="5" type="cond" truecount="1" falsecount="2"/>
      <line num="13" count="5" type="stmt"/>
      <line num="14" count="5" type="stmt"/>
      <line num="17" count="5" type="stmt"/>
      <line num="19" count="5" type="stmt"/>
      <line num="22" count="1" type="stmt"/>
      <line num="24" count="13" type="cond" truecount="2" falsecount="1"/>
      <line num="25" count="13" type="stmt"/>
      <line num="26" count="13" type="stmt"/>
      <line num="28" count="13" type="stmt"/>
      <line num="29" count="13" type="cond" truecount="1" falsecount="0"/>
      <line num="30" count="2" type="stmt"/>
      <line num="31" count="2" type="stmt"/>
      <line num="32" count="2" type="stmt"/>
      <line num="33" count="2" type="stmt"/>
      <line num="36" count="1" type="stmt"/>
      <line num="38" count="33" type="stmt"/>
      <line num="40" count="32" type="cond" truecount="3" falsecount="0"/>
      <line num="41" count="31" type="stmt"/>
      <line num="44" count="1" type="stmt"/>
      <line num="45" count="80" type="cond" truecount="8" falsecount="0"/>
      <line num="50" count="73" type="stmt"/>
      <line num="53" count="5" type="stmt"/>
      <line num="55" count="1" type="stmt"/>
      <line num="57" count="1" type="stmt"/>
      <line num="58" count="1" type="stmt"/>
      <line num="61" count="1" type="cond" truecount="1" falsecount="0"/>
      <line num="62" count="277" type="stmt"/>
      <line num="63" count="277" type="stmt"/>
      <line num="64" count="277" type="cond" truecount="2" falsecount="0"/>
      <line num="65" count="168" type="stmt"/>
      <line num="66" count="1274" type="stmt"/>
      <line num="67" count="1274" type="stmt"/>
      <line num="68" count="1274" type="stmt"/>
      <line num="70" count="168" type="cond" truecount="0" falsecount="1"/>
      <line num="73" count="109" type="stmt"/>
      <line num="74" count="238" type="stmt"/>
      <line num="75" count="238" type="stmt"/>
      <line num="76" count="238" type="stmt"/>
      <line num="78" count="109" type="cond" truecount="0" falsecount="1"/>
      <line num="79" count="109" type="stmt"/>
      <line num="80" count="109" type="stmt"/>
      <line num="82" count="277" type="stmt"/>
      <line num="85" count="1" type="stmt"/>
      <line num="86" count="47" type="stmt"/>
      <line num="87" count="47" type="stmt"/>
      <line num="89" count="47" type="stmt"/>
      <line num="90" count="47" type="stmt"/>
      <line num="92" count="1" type="stmt"/>
      <line num="93" count="41" type="stmt"/>
      <line num="94" count="41" type="stmt"/>
      <line num="95" count="41" type="stmt"/>
      <line num="96" count="41" type="stmt"/>
      <line num="97" count="374" type="stmt"/>
      <line num="99" count="41" type="stmt"/>
      <line num="100" count="41" type="stmt"/>
      <line num="104" count="1" type="stmt"/>
      <line num="105" count="0" type="stmt"/>
      <line num="106" count="0" type="stmt"/>
      <line num="107" count="0" type="stmt"/>
      <line num="108" count="0" type="stmt"/>
    </file>
    <file name="leb128ToInt.ts" path="D:\Coding\wasmmts-A_wasm_interpreter\src\leb128ToInt.ts">
      <metrics statements="10" coveredstatements="10" conditionals="1" coveredconditionals="1" methods="1" coveredmethods="1"/>
      <line num="1" count="1" type="stmt"/>
      <line num="2" count="1306" type="stmt"/>
      <line num="3" count="1306" type="stmt"/>
      <line num="4" count="1306" type="stmt"/>
      <line num="5" count="1306" type="stmt"/>
      <line num="6" count="1321" type="stmt"/>
      <line num="7" count="1321" type="stmt"/>
      <line num="8" count="1321" type="stmt"/>
      <line num="9" count="1321" type="cond" truecount="1" falsecount="0"/>
      <line num="13" count="1306" type="stmt"/>
    </file>
    <file name="opcodes.ts" path="D:\Coding\wasmmts-A_wasm_interpreter\src\opcodes.ts">
      <metrics statements="178" coveredstatements="0" conditionals="2" coveredconditionals="0" methods="1" coveredmethods="0"/>
      <line num="1" count="0" type="cond" truecount="0" falsecount="2"/>
      <line num="3" count="0" type="stmt"/>
      <line num="4" count="0" type="stmt"/>
      <line num="5" count="0" type="stmt"/>
      <line num="6" count="0" type="stmt"/>
      <line num="7" count="0" type="stmt"/>
      <line num="8" count="0" type="stmt"/>
      <line num="9" count="0" type="stmt"/>
      <line num="10" count="0" type="stmt"/>
      <line num="11" count="0" type="stmt"/>
      <line num="12" count="0" type="stmt"/>
      <line num="13" count="0" type="stmt"/>
      <line num="14" count="0" type="stmt"/>
      <line num="15" count="0" type="stmt"/>
      <line num="18" count="0" type="stmt"/>
      <line num="19" count="0" type="stmt"/>
      <line num="22" count="0" type="stmt"/>
      <line num="23" count="0" type="stmt"/>
      <line num="24" count="0" type="stmt"/>
      <line num="25" count="0" type="stmt"/>
      <line num="26" count="0" type="stmt"/>
      <line num="29" count="0" type="stmt"/>
      <line num="30" count="0" type="stmt"/>
      <line num="31" count="0" type="stmt"/>
      <line num="32" count="0" type="stmt"/>
      <line num="33" count="0" type="stmt"/>
      <line num="34" count="0" type="stmt"/>
      <line num="35" count="0" type="stmt"/>
      <line num="36" count="0" type="stmt"/>
      <line num="37" count="0" type="stmt"/>
      <line num="38" count="0" type="stmt"/>
      <line num="39" count="0" type="stmt"/>
      <line num="40" count="0" type="stmt"/>
      <line num="41" count="0" type="stmt"/>
      <line num="42" count="0" type="stmt"/>
      <line num="43" count="0" type="stmt"/>
      <line num="44" count="0" type="stmt"/>
      <line num="45" count="0" type="stmt"/>
      <line num="46" count="0" type="stmt"/>
      <line num="47" count="0" type="stmt"/>
      <line num="48" count="0" type="stmt"/>
      <line num="49" count="0" type="stmt"/>
      <line num="50" count="0" type="stmt"/>
      <line num="51" count="0" type="stmt"/>
      <line num="52" count="0" type="stmt"/>
      <line num="53" count="0" type="stmt"/>
      <line num="56" count="0" type="stmt"/>
      <line num="57" count="0" type="stmt"/>
      <line num="58" count="0" type="stmt"/>
      <line num="59" count="0" type="stmt"/>
      <line num="61" count="0" type="stmt"/>
      <line num="62" count="0" type="stmt"/>
      <line num="63" count="0" type="stmt"/>
      <line num="64" count="0" type="stmt"/>
      <line num="65" count="0" type="stmt"/>
      <line num="66" count="0" type="stmt"/>
      <line num="67" count="0" type="stmt"/>
      <line num="68" count="0" type="stmt"/>
      <line num="69" count="0" type="stmt"/>
      <line num="70" count="0" type="stmt"/>
      <line num="71" count="0" type="stmt"/>
      <line num="73" count="0" type="stmt"/>
      <line num="74" count="0" type="stmt"/>
      <line num="75" count="0" type="stmt"/>
      <line num="76" count="0" type="stmt"/>
      <line num="77" count="0" type="stmt"/>
      <line num="78" count="0" type="stmt"/>
      <line num="79" count="0" type="stmt"/>
      <line num="80" count="0" type="stmt"/>
      <line num="81" count="0" type="stmt"/>
      <line num="82" count="0" type="stmt"/>
      <line num="83" count="0" type="stmt"/>
      <line num="85" count="0" type="stmt"/>
      <line num="86" count="0" type="stmt"/>
      <line num="87" count="0" type="stmt"/>
      <line num="88" count="0" type="stmt"/>
      <line num="89" count="0" type="stmt"/>
      <line num="90" count="0" type="stmt"/>
      <line num="92" count="0" type="stmt"/>
      <line num="93" count="0" type="stmt"/>
      <line num="94" count="0" type="stmt"/>
      <line num="95" count="0" type="stmt"/>
      <line num="96" count="0" type="stmt"/>
      <line num="97" count="0" type="stmt"/>
      <line num="99" count="0" type="stmt"/>
      <line num="100" count="0" type="stmt"/>
      <line num="101" count="0" type="stmt"/>
      <line num="102" count="0" type="stmt"/>
      <line num="103" count="0" type="stmt"/>
      <line num="104" count="0" type="stmt"/>
      <line num="105" count="0" type="stmt"/>
      <line num="106" count="0" type="stmt"/>
      <line num="107" count="0" type="stmt"/>
      <line num="108" count="0" type="stmt"/>
      <line num="109" count="0" type="stmt"/>
      <line num="110" count="0" type="stmt"/>
      <line num="111" count="0" type="stmt"/>
      <line num="112" count="0" type="stmt"/>
      <line num="113" count="0" type="stmt"/>
      <line num="114" count="0" type="stmt"/>
      <line num="115" count="0" type="stmt"/>
      <line num="116" count="0" type="stmt"/>
      <line num="118" count="0" type="stmt"/>
      <line num="119" count="0" type="stmt"/>
      <line num="120" count="0" type="stmt"/>
      <line num="121" count="0" type="stmt"/>
      <line num="122" count="0" type="stmt"/>
      <line num="123" count="0" type="stmt"/>
      <line num="124" count="0" type="stmt"/>
      <line num="125" count="0" type="stmt"/>
      <line num="126" count="0" type="stmt"/>
      <line num="127" count="0" type="stmt"/>
      <line num="128" count="0" type="stmt"/>
      <line num="129" count="0" type="stmt"/>
      <line num="130" count="0" type="stmt"/>
      <line num="131" count="0" type="stmt"/>
      <line num="132" count="0" type="stmt"/>
      <line num="133" count="0" type="stmt"/>
      <line num="134" count="0" type="stmt"/>
      <line num="135" count="0" type="stmt"/>
      <line num="137" count="0" type="stmt"/>
      <line num="138" count="0" type="stmt"/>
      <line num="139" count="0" type="stmt"/>
      <line num="140" count="0" type="stmt"/>
      <line num="141" count="0" type="stmt"/>
      <line num="142" count="0" type="stmt"/>
      <line num="143" count="0" type="stmt"/>
      <line num="144" count="0" type="stmt"/>
      <line num="145" count="0" type="stmt"/>
      <line num="146" count="0" type="stmt"/>
      <line num="147" count="0" type="stmt"/>
      <line num="148" count="0" type="stmt"/>
      <line num="149" count="0" type="stmt"/>
      <line num="150" count="0" type="stmt"/>
      <line num="152" count="0" type="stmt"/>
      <line num="153" count="0" type="stmt"/>
      <line num="154" count="0" type="stmt"/>
      <line num="155" count="0" type="stmt"/>
      <line num="156" count="0" type="stmt"/>
      <line num="157" count="0" type="stmt"/>
      <line num="158" count="0" type="stmt"/>
      <line num="159" count="0" type="stmt"/>
      <line num="160" count="0" type="stmt"/>
      <line num="161" count="0" type="stmt"/>
      <line num="162" count="0" type="stmt"/>
      <line num="163" count="0" type="stmt"/>
      <line num="164" count="0" type="stmt"/>
      <line num="165" count="0" type="stmt"/>
      <line num="167" count="0" type="stmt"/>
      <line num="168" count="0" type="stmt"/>
      <line num="169" count="0" type="stmt"/>
      <line num="170" count="0" type="stmt"/>
      <line num="171" count="0" type="stmt"/>
      <line num="172" count="0" type="stmt"/>
      <line num="173" count="0" type="stmt"/>
      <line num="174" count="0" type="stmt"/>
      <line num="175" count="0" type="stmt"/>
      <line num="176" count="0" type="stmt"/>
      <line num="177" count="0" type="stmt"/>
      <line num="178" count="0" type="stmt"/>
      <line num="179" count="0" type="stmt"/>
      <line num="180" count="0" type="stmt"/>
      <line num="181" count="0" type="stmt"/>
      <line num="182" count="0" type="stmt"/>
      <line num="183" count="0" type="stmt"/>
      <line num="184" count="0" type="stmt"/>
      <line num="185" count="0" type="stmt"/>
      <line num="186" count="0" type="stmt"/>
      <line num="187" count="0" type="stmt"/>
      <line num="188" count="0" type="stmt"/>
      <line num="189" count="0" type="stmt"/>
      <line num="190" count="0" type="stmt"/>
      <line num="191" count="0" type="stmt"/>
      <line num="192" count="0" type="stmt"/>
      <line num="193" count="0" type="stmt"/>
      <line num="194" count="0" type="stmt"/>
      <line num="195" count="0" type="stmt"/>
      <line num="196" count="0" type="stmt"/>
    </file>
    <file name="parser.ts" path="D:\Coding\wasmmts-A_wasm_interpreter\src\parser.ts">
      <metrics statements="81" coveredstatements="75" conditionals="17" coveredconditionals="12" methods="17" coveredmethods="16"/>
      <line num="2" count="1" type="stmt"/>
      <line num="4" count="1" type="stmt"/>
      <line num="5" count="1" type="stmt"/>
      <line num="6" count="1" type="stmt"/>
      <line num="9" count="1" type="stmt"/>
      <line num="10" count="11" type="stmt"/>
      <line num="12" count="1" type="stmt"/>
      <line num="13" count="59" type="stmt"/>
      <line num="17" count="1" type="stmt"/>
      <line num="18" count="8" type="stmt"/>
      <line num="20" count="8" type="stmt"/>
      <line num="23" count="1" type="stmt"/>
      <line num="24" count="9" type="stmt"/>
      <line num="26" count="9" type="stmt"/>
      <line num="29" count="1" type="stmt"/>
      <line num="30" count="4" type="stmt"/>
      <line num="32" count="4" type="stmt"/>
      <line num="35" count="1" type="stmt"/>
      <line num="36" count="8" type="stmt"/>
      <line num="38" count="8" type="stmt"/>
      <line num="41" count="1" type="stmt"/>
      <line num="42" count="4" type="stmt"/>
      <line num="44" count="4" type="stmt"/>
      <line num="47" count="1" type="stmt"/>
      <line num="48" count="5" type="stmt"/>
      <line num="50" count="5" type="stmt"/>
      <line num="53" count="1" type="stmt"/>
      <line num="54" count="2" type="stmt"/>
      <line num="56" count="2" type="stmt"/>
      <line num="59" count="1" type="stmt"/>
      <line num="60" count="6" type="stmt"/>
      <line num="62" count="6" type="stmt"/>
      <line num="65" count="1" type="stmt"/>
      <line num="66" count="1" type="stmt"/>
      <line num="68" count="1" type="stmt"/>
      <line num="71" count="1" type="stmt"/>
      <line num="72" count="2" type="stmt"/>
      <line num="74" count="2" type="stmt"/>
      <line num="77" count="1" type="stmt"/>
      <line num="78" count="8" type="stmt"/>
      <line num="80" count="8" type="stmt"/>
      <line num="83" count="1" type="stmt"/>
      <line num="84" count="2" type="stmt"/>
      <line num="86" count="2" type="stmt"/>
      <line num="89" count="1" type="stmt"/>
      <line num="90" count="0" type="stmt"/>
      <line num="92" count="0" type="stmt"/>
      <line num="98" count="1" type="stmt"/>
      <line num="100" count="11" type="stmt"/>
      <line num="102" count="11" type="stmt"/>
      <line num="103" count="88" type="cond" truecount="0" falsecount="1"/>
      <line num="105" count="11" type="stmt"/>
      <line num="106" count="11" type="stmt"/>
      <line num="107" count="11" type="stmt"/>
      <line num="109" count="59" type="stmt"/>
      <line num="111" count="59" type="stmt"/>
      <line num="112" count="59" type="stmt"/>
      <line num="115" count="11" type="stmt"/>
      <line num="118" count="1" type="stmt"/>
      <line num="119" count="59" type="stmt"/>
      <line num="120" count="59" type="stmt"/>
      <line num="122" count="59" type="stmt"/>
      <line num="128" count="59" type="cond" truecount="12" falsecount="2"/>
      <line num="129" count="8" type="stmt"/>
      <line num="130" count="9" type="stmt"/>
      <line num="131" count="4" type="stmt"/>
      <line num="132" count="8" type="stmt"/>
      <line num="133" count="4" type="stmt"/>
      <line num="134" count="5" type="stmt"/>
      <line num="135" count="2" type="stmt"/>
      <line num="136" count="6" type="stmt"/>
      <line num="138" count="1" type="cond" truecount="0" falsecount="1"/>
      <line num="139" count="1" type="stmt"/>
      <line num="140" count="1" type="stmt"/>
      <line num="142" count="2" type="stmt"/>
      <line num="143" count="8" type="stmt"/>
      <line num="144" count="2" type="stmt"/>
      <line num="146" count="0" type="cond" truecount="0" falsecount="1"/>
      <line num="147" count="0" type="stmt"/>
      <line num="148" count="0" type="stmt"/>
      <line num="152" count="0" type="stmt"/>
    </file>
    <file name="types.ts" path="D:\Coding\wasmmts-A_wasm_interpreter\src\types.ts">
      <metrics statements="14" coveredstatements="14" conditionals="2" coveredconditionals="2" methods="1" coveredmethods="1"/>
      <line num="12" count="1" type="cond" truecount="2" falsecount="0"/>
      <line num="13" count="1" type="stmt"/>
      <line num="14" count="1" type="stmt"/>
      <line num="15" count="1" type="stmt"/>
      <line num="16" count="1" type="stmt"/>
      <line num="17" count="1" type="stmt"/>
      <line num="18" count="1" type="stmt"/>
      <line num="19" count="1" type="stmt"/>
      <line num="20" count="1" type="stmt"/>
      <line num="21" count="1" type="stmt"/>
      <line num="22" count="1" type="stmt"/>
      <line num="23" count="1" type="stmt"/>
      <line num="24" count="1" type="stmt"/>
      <line num="25" count="1" type="stmt"/>
    </file>
  </project>
</coverage>
