<?xml version="1.0" encoding="UTF-8"?>
<coverage generated="1674745341009" clover="3.2.0">
  <project timestamp="1674745341009" name="All files">
    <metrics statements="572" coveredstatements="232" conditionals="90" coveredconditionals="37" methods="42" coveredmethods="31" elements="704" coveredelements="300" complexity="0" loc="572" ncloc="572" packages="1" files="6" classes="6"/>
    <file name="bodyParser.ts" path="D:\Coding\wasmmts-A_wasm_interpreter\src\bodyParser.ts">
      <metrics statements="228" coveredstatements="90" conditionals="45" coveredconditionals="10" methods="11" coveredmethods="7"/>
      <line num="1" count="1" type="stmt"/>
      <line num="3" count="1" type="stmt"/>
      <line num="13" count="1" type="stmt"/>
      <line num="14" count="2" type="stmt"/>
      <line num="23" count="1" type="stmt"/>
      <line num="25" count="2" type="stmt"/>
      <line num="26" count="2" type="stmt"/>
      <line num="27" count="2" type="stmt"/>
      <line num="29" count="2" type="stmt"/>
      <line num="30" count="6" type="cond" truecount="0" falsecount="1"/>
      <line num="31" count="6" type="stmt"/>
      <line num="33" count="6" type="stmt"/>
      <line num="36" count="6" type="cond" truecount="2" falsecount="0"/>
      <line num="39" count="5" type="stmt"/>
      <line num="40" count="5" type="stmt"/>
      <line num="41" count="5" type="stmt"/>
      <line num="42" count="5" type="stmt"/>
      <line num="44" count="6" type="cond" truecount="2" falsecount="0"/>
      <line num="47" count="3" type="stmt"/>
      <line num="48" count="3" type="stmt"/>
      <line num="49" count="3" type="stmt"/>
      <line num="50" count="3" type="stmt"/>
      <line num="53" count="6" type="stmt"/>
      <line num="54" count="6" type="stmt"/>
      <line num="56" count="2" type="stmt"/>
      <line num="60" count="1" type="stmt"/>
      <line num="62" count="2" type="stmt"/>
      <line num="63" count="2" type="stmt"/>
      <line num="64" count="2" type="stmt"/>
      <line num="66" count="2" type="stmt"/>
      <line num="69" count="2" type="stmt"/>
      <line num="72" count="2" type="stmt"/>
      <line num="74" count="2" type="cond" truecount="1" falsecount="4"/>
      <line num="84" count="2" type="stmt"/>
      <line num="85" count="2" type="stmt"/>
      <line num="86" count="2" type="stmt"/>
      <line num="88" count="2" type="stmt"/>
      <line num="93" count="1" type="stmt"/>
      <line num="94" count="3" type="stmt"/>
      <line num="95" count="3" type="stmt"/>
      <line num="96" count="3" type="stmt"/>
      <line num="97" count="3" type="stmt"/>
      <line num="98" count="22" type="stmt"/>
      <line num="99" count="22" type="stmt"/>
      <line num="100" count="22" type="stmt"/>
      <line num="102" count="3" type="stmt"/>
      <line num="105" count="1" type="stmt"/>
      <line num="106" count="0" type="stmt"/>
      <line num="107" count="0" type="stmt"/>
      <line num="108" count="0" type="stmt"/>
      <line num="109" count="0" type="stmt"/>
      <line num="110" count="0" type="stmt"/>
      <line num="112" count="0" type="stmt"/>
      <line num="115" count="1" type="stmt"/>
      <line num="116" count="2" type="stmt"/>
      <line num="117" count="2" type="stmt"/>
      <line num="118" count="2" type="stmt"/>
      <line num="119" count="2" type="stmt"/>
      <line num="120" count="2" type="stmt"/>
      <line num="122" count="2" type="stmt"/>
      <line num="125" count="1" type="stmt"/>
      <line num="126" count="0" type="stmt"/>
      <line num="127" count="0" type="stmt"/>
      <line num="128" count="0" type="stmt"/>
      <line num="129" count="0" type="stmt"/>
      <line num="131" count="0" type="stmt"/>
      <line num="133" count="0" type="stmt"/>
      <line num="134" count="0" type="stmt"/>
      <line num="136" count="0" type="stmt"/>
      <line num="139" count="1" type="stmt"/>
      <line num="141" count="2" type="stmt"/>
      <line num="142" count="2" type="stmt"/>
      <line num="143" count="2" type="stmt"/>
      <line num="144" count="2" type="stmt"/>
      <line num="145" count="12" type="stmt"/>
      <line num="146" count="12" type="stmt"/>
      <line num="147" count="12" type="stmt"/>
      <line num="148" count="12" type="stmt"/>
      <line num="149" count="62" type="stmt"/>
      <line num="151" count="12" type="stmt"/>
      <line num="153" count="12" type="cond" truecount="3" falsecount="2"/>
      <line num="155" count="12" type="cond" truecount="2" falsecount="3"/>
      <line num="156" count="10" type="stmt"/>
      <line num="157" count="0" type="stmt"/>
      <line num="158" count="2" type="stmt"/>
      <line num="159" count="0" type="stmt"/>
      <line num="160" count="0" type="stmt"/>
      <line num="162" count="12" type="stmt"/>
      <line num="164" count="2" type="stmt"/>
      <line num="166" count="1" type="stmt"/>
      <line num="168" count="0" type="stmt"/>
      <line num="169" count="0" type="stmt"/>
      <line num="170" count="0" type="stmt"/>
      <line num="172" count="0" type="stmt"/>
      <line num="173" count="0" type="stmt"/>
      <line num="174" count="0" type="stmt"/>
      <line num="175" count="0" type="cond" truecount="0" falsecount="9"/>
      <line num="176" count="0" type="stmt"/>
      <line num="181" count="0" type="stmt"/>
      <line num="183" count="0" type="stmt"/>
      <line num="184" count="0" type="stmt"/>
      <line num="185" count="0" type="stmt"/>
      <line num="186" count="0" type="stmt"/>
      <line num="187" count="0" type="stmt"/>
      <line num="188" count="0" type="stmt"/>
      <line num="189" count="0" type="stmt"/>
      <line num="191" count="0" type="stmt"/>
      <line num="193" count="0" type="stmt"/>
      <line num="194" count="0" type="stmt"/>
      <line num="200" count="0" type="cond" truecount="0" falsecount="1"/>
      <line num="203" count="0" type="stmt"/>
      <line num="204" count="0" type="stmt"/>
      <line num="205" count="0" type="stmt"/>
      <line num="206" count="0" type="stmt"/>
      <line num="207" count="0" type="stmt"/>
      <line num="208" count="0" type="stmt"/>
      <line num="209" count="0" type="stmt"/>
      <line num="211" count="0" type="stmt"/>
      <line num="213" count="0" type="stmt"/>
      <line num="218" count="0" type="stmt"/>
      <line num="219" count="0" type="stmt"/>
      <line num="221" count="0" type="stmt"/>
      <line num="223" count="0" type="cond" truecount="0" falsecount="1"/>
      <line num="226" count="0" type="stmt"/>
      <line num="227" count="0" type="stmt"/>
      <line num="228" count="0" type="stmt"/>
      <line num="229" count="0" type="stmt"/>
      <line num="230" count="0" type="stmt"/>
      <line num="231" count="0" type="stmt"/>
      <line num="232" count="0" type="stmt"/>
      <line num="234" count="0" type="stmt"/>
      <line num="236" count="0" type="stmt"/>
      <line num="241" count="0" type="cond" truecount="0" falsecount="1"/>
      <line num="244" count="0" type="stmt"/>
      <line num="245" count="0" type="stmt"/>
      <line num="246" count="0" type="stmt"/>
      <line num="247" count="0" type="stmt"/>
      <line num="248" count="0" type="stmt"/>
      <line num="249" count="0" type="stmt"/>
      <line num="250" count="0" type="stmt"/>
      <line num="252" count="0" type="stmt"/>
      <line num="254" count="0" type="stmt"/>
      <line num="260" count="0" type="stmt"/>
      <line num="262" count="0" type="stmt"/>
      <line num="263" count="0" type="stmt"/>
      <line num="264" count="0" type="stmt"/>
      <line num="265" count="0" type="stmt"/>
      <line num="266" count="0" type="stmt"/>
      <line num="269" count="0" type="stmt"/>
      <line num="274" count="0" type="cond" truecount="0" falsecount="3"/>
      <line num="275" count="0" type="stmt"/>
      <line num="276" count="0" type="stmt"/>
      <line num="278" count="0" type="stmt"/>
      <line num="279" count="0" type="stmt"/>
      <line num="280" count="0" type="stmt"/>
      <line num="281" count="0" type="stmt"/>
      <line num="282" count="0" type="stmt"/>
      <line num="285" count="0" type="stmt"/>
      <line num="290" count="0" type="stmt"/>
      <line num="291" count="0" type="stmt"/>
      <line num="294" count="0" type="stmt"/>
      <line num="296" count="0" type="cond" truecount="0" falsecount="3"/>
      <line num="297" count="0" type="stmt"/>
      <line num="298" count="0" type="stmt"/>
      <line num="301" count="0" type="stmt"/>
      <line num="302" count="0" type="stmt"/>
      <line num="303" count="0" type="stmt"/>
      <line num="304" count="0" type="stmt"/>
      <line num="305" count="0" type="stmt"/>
      <line num="308" count="0" type="stmt"/>
      <line num="313" count="0" type="cond" truecount="0" falsecount="3"/>
      <line num="314" count="0" type="stmt"/>
      <line num="315" count="0" type="stmt"/>
      <line num="317" count="0" type="stmt"/>
      <line num="318" count="0" type="stmt"/>
      <line num="319" count="0" type="stmt"/>
      <line num="320" count="0" type="stmt"/>
      <line num="321" count="0" type="stmt"/>
      <line num="324" count="0" type="stmt"/>
      <line num="328" count="0" type="stmt"/>
      <line num="331" count="1" type="stmt"/>
      <line num="332" count="2" type="stmt"/>
      <line num="333" count="2" type="stmt"/>
      <line num="334" count="2" type="stmt"/>
      <line num="336" count="2" type="stmt"/>
      <line num="338" count="12" type="stmt"/>
      <line num="340" count="12" type="stmt"/>
      <line num="341" count="12" type="stmt"/>
      <line num="344" count="12" type="stmt"/>
      <line num="345" count="12" type="stmt"/>
      <line num="346" count="12" type="stmt"/>
      <line num="347" count="12" type="stmt"/>
      <line num="348" count="5" type="stmt"/>
      <line num="353" count="12" type="stmt"/>
      <line num="355" count="12" type="stmt"/>
      <line num="357" count="2" type="stmt"/>
      <line num="360" count="1" type="stmt"/>
      <line num="361" count="0" type="stmt"/>
      <line num="362" count="0" type="stmt"/>
      <line num="363" count="0" type="stmt"/>
      <line num="365" count="0" type="stmt"/>
      <line num="366" count="0" type="stmt"/>
      <line num="367" count="0" type="stmt"/>
      <line num="368" count="0" type="cond" truecount="0" falsecount="4"/>
      <line num="369" count="0" type="stmt"/>
      <line num="374" count="0" type="stmt"/>
      <line num="376" count="0" type="stmt"/>
      <line num="377" count="0" type="stmt"/>
      <line num="378" count="0" type="stmt"/>
      <line num="379" count="0" type="stmt"/>
      <line num="380" count="0" type="stmt"/>
      <line num="382" count="0" type="stmt"/>
      <line num="387" count="0" type="stmt"/>
      <line num="388" count="0" type="stmt"/>
      <line num="389" count="0" type="stmt"/>
      <line num="390" count="0" type="stmt"/>
      <line num="391" count="0" type="stmt"/>
      <line num="393" count="0" type="stmt"/>
      <line num="398" count="0" type="stmt"/>
      <line num="399" count="0" type="stmt"/>
      <line num="402" count="0" type="stmt"/>
      <line num="405" count="0" type="stmt"/>
      <line num="406" count="0" type="stmt"/>
      <line num="407" count="0" type="stmt"/>
      <line num="408" count="0" type="stmt"/>
      <line num="409" count="0" type="stmt"/>
      <line num="411" count="0" type="stmt"/>
      <line num="415" count="0" type="stmt"/>
    </file>
    <file name="helperParser.ts" path="D:\Coding\wasmmts-A_wasm_interpreter\src\helperParser.ts">
      <metrics statements="59" coveredstatements="54" conditionals="20" coveredconditionals="14" methods="11" coveredmethods="10"/>
      <line num="3" count="1" type="stmt"/>
      <line num="5" count="1" type="stmt"/>
      <line num="6" count="13" type="stmt"/>
      <line num="7" count="13" type="stmt"/>
      <line num="9" count="1" type="stmt"/>
      <line num="12" count="0" type="cond" truecount="0" falsecount="3"/>
      <line num="13" count="0" type="stmt"/>
      <line num="14" count="0" type="stmt"/>
      <line num="17" count="0" type="stmt"/>
      <line num="19" count="0" type="stmt"/>
      <line num="22" count="1" type="stmt"/>
      <line num="24" count="6" type="cond" truecount="2" falsecount="1"/>
      <line num="25" count="6" type="stmt"/>
      <line num="26" count="6" type="stmt"/>
      <line num="28" count="6" type="stmt"/>
      <line num="29" count="6" type="cond" truecount="1" falsecount="0"/>
      <line num="30" count="1" type="stmt"/>
      <line num="31" count="1" type="stmt"/>
      <line num="32" count="1" type="stmt"/>
      <line num="33" count="1" type="stmt"/>
      <line num="36" count="1" type="stmt"/>
      <line num="38" count="9" type="stmt"/>
      <line num="40" count="8" type="cond" truecount="3" falsecount="0"/>
      <line num="41" count="7" type="stmt"/>
      <line num="44" count="1" type="stmt"/>
      <line num="46" count="14" type="cond" truecount="8" falsecount="0"/>
      <line num="51" count="10" type="stmt"/>
      <line num="54" count="2" type="stmt"/>
      <line num="56" count="1" type="stmt"/>
      <line num="58" count="1" type="stmt"/>
      <line num="60" count="1" type="stmt"/>
      <line num="63" count="1" type="cond" truecount="0" falsecount="1"/>
      <line num="64" count="13" type="stmt"/>
      <line num="65" count="13" type="stmt"/>
      <line num="66" count="13" type="stmt"/>
      <line num="67" count="307" type="stmt"/>
      <line num="68" count="307" type="stmt"/>
      <line num="69" count="307" type="stmt"/>
      <line num="71" count="13" type="stmt"/>
      <line num="72" count="13" type="cond" truecount="0" falsecount="1"/>
      <line num="74" count="13" type="stmt"/>
      <line num="77" count="1" type="stmt"/>
      <line num="78" count="5" type="stmt"/>
      <line num="79" count="5" type="stmt"/>
      <line num="81" count="5" type="stmt"/>
      <line num="82" count="5" type="stmt"/>
      <line num="84" count="1" type="stmt"/>
      <line num="85" count="5" type="stmt"/>
      <line num="86" count="5" type="stmt"/>
      <line num="87" count="5" type="stmt"/>
      <line num="88" count="5" type="stmt"/>
      <line num="89" count="55" type="stmt"/>
      <line num="91" count="5" type="stmt"/>
      <line num="92" count="5" type="stmt"/>
      <line num="95" count="1" type="stmt"/>
      <line num="97" count="13" type="stmt"/>
      <line num="98" count="307" type="stmt"/>
      <line num="99" count="13" type="stmt"/>
      <line num="100" count="13" type="stmt"/>
    </file>
    <file name="leb128ToInt.ts" path="D:\Coding\wasmmts-A_wasm_interpreter\src\leb128ToInt.ts">
      <metrics statements="12" coveredstatements="11" conditionals="4" coveredconditionals="3" methods="1" coveredmethods="1"/>
      <line num="1" count="1" type="stmt"/>
      <line num="2" count="121" type="stmt"/>
      <line num="3" count="121" type="stmt"/>
      <line num="4" count="121" type="stmt"/>
      <line num="5" count="121" type="stmt"/>
      <line num="6" count="123" type="stmt"/>
      <line num="7" count="123" type="stmt"/>
      <line num="8" count="123" type="stmt"/>
      <line num="9" count="123" type="cond" truecount="1" falsecount="0"/>
      <line num="10" count="121" type="cond" truecount="2" falsecount="1"/>
      <line num="11" count="0" type="stmt"/>
      <line num="13" count="121" type="stmt"/>
    </file>
    <file name="opcodes.ts" path="D:\Coding\wasmmts-A_wasm_interpreter\src\opcodes.ts">
      <metrics statements="178" coveredstatements="0" conditionals="2" coveredconditionals="0" methods="1" coveredmethods="0"/>
      <line num="1" count="0" type="cond" truecount="0" falsecount="2"/>
      <line num="3" count="0" type="stmt"/>
      <line num="4" count="0" type="stmt"/>
      <line num="5" count="0" type="stmt"/>
      <line num="6" count="0" type="stmt"/>
      <line num="7" count="0" type="stmt"/>
      <line num="8" count="0" type="stmt"/>
      <line num="9" count="0" type="stmt"/>
      <line num="10" count="0" type="stmt"/>
      <line num="11" count="0" type="stmt"/>
      <line num="12" count="0" type="stmt"/>
      <line num="13" count="0" type="stmt"/>
      <line num="14" count="0" type="stmt"/>
      <line num="15" count="0" type="stmt"/>
      <line num="18" count="0" type="stmt"/>
      <line num="19" count="0" type="stmt"/>
      <line num="22" count="0" type="stmt"/>
      <line num="23" count="0" type="stmt"/>
      <line num="24" count="0" type="stmt"/>
      <line num="25" count="0" type="stmt"/>
      <line num="26" count="0" type="stmt"/>
      <line num="29" count="0" type="stmt"/>
      <line num="30" count="0" type="stmt"/>
      <line num="31" count="0" type="stmt"/>
      <line num="32" count="0" type="stmt"/>
      <line num="33" count="0" type="stmt"/>
      <line num="34" count="0" type="stmt"/>
      <line num="35" count="0" type="stmt"/>
      <line num="36" count="0" type="stmt"/>
      <line num="37" count="0" type="stmt"/>
      <line num="38" count="0" type="stmt"/>
      <line num="39" count="0" type="stmt"/>
      <line num="40" count="0" type="stmt"/>
      <line num="41" count="0" type="stmt"/>
      <line num="42" count="0" type="stmt"/>
      <line num="43" count="0" type="stmt"/>
      <line num="44" count="0" type="stmt"/>
      <line num="45" count="0" type="stmt"/>
      <line num="46" count="0" type="stmt"/>
      <line num="47" count="0" type="stmt"/>
      <line num="48" count="0" type="stmt"/>
      <line num="49" count="0" type="stmt"/>
      <line num="50" count="0" type="stmt"/>
      <line num="51" count="0" type="stmt"/>
      <line num="52" count="0" type="stmt"/>
      <line num="53" count="0" type="stmt"/>
      <line num="56" count="0" type="stmt"/>
      <line num="57" count="0" type="stmt"/>
      <line num="58" count="0" type="stmt"/>
      <line num="59" count="0" type="stmt"/>
      <line num="61" count="0" type="stmt"/>
      <line num="62" count="0" type="stmt"/>
      <line num="63" count="0" type="stmt"/>
      <line num="64" count="0" type="stmt"/>
      <line num="65" count="0" type="stmt"/>
      <line num="66" count="0" type="stmt"/>
      <line num="67" count="0" type="stmt"/>
      <line num="68" count="0" type="stmt"/>
      <line num="69" count="0" type="stmt"/>
      <line num="70" count="0" type="stmt"/>
      <line num="71" count="0" type="stmt"/>
      <line num="73" count="0" type="stmt"/>
      <line num="74" count="0" type="stmt"/>
      <line num="75" count="0" type="stmt"/>
      <line num="76" count="0" type="stmt"/>
      <line num="77" count="0" type="stmt"/>
      <line num="78" count="0" type="stmt"/>
      <line num="79" count="0" type="stmt"/>
      <line num="80" count="0" type="stmt"/>
      <line num="81" count="0" type="stmt"/>
      <line num="82" count="0" type="stmt"/>
      <line num="83" count="0" type="stmt"/>
      <line num="85" count="0" type="stmt"/>
      <line num="86" count="0" type="stmt"/>
      <line num="87" count="0" type="stmt"/>
      <line num="88" count="0" type="stmt"/>
      <line num="89" count="0" type="stmt"/>
      <line num="90" count="0" type="stmt"/>
      <line num="92" count="0" type="stmt"/>
      <line num="93" count="0" type="stmt"/>
      <line num="94" count="0" type="stmt"/>
      <line num="95" count="0" type="stmt"/>
      <line num="96" count="0" type="stmt"/>
      <line num="97" count="0" type="stmt"/>
      <line num="99" count="0" type="stmt"/>
      <line num="100" count="0" type="stmt"/>
      <line num="101" count="0" type="stmt"/>
      <line num="102" count="0" type="stmt"/>
      <line num="103" count="0" type="stmt"/>
      <line num="104" count="0" type="stmt"/>
      <line num="105" count="0" type="stmt"/>
      <line num="106" count="0" type="stmt"/>
      <line num="107" count="0" type="stmt"/>
      <line num="108" count="0" type="stmt"/>
      <line num="109" count="0" type="stmt"/>
      <line num="110" count="0" type="stmt"/>
      <line num="111" count="0" type="stmt"/>
      <line num="112" count="0" type="stmt"/>
      <line num="113" count="0" type="stmt"/>
      <line num="114" count="0" type="stmt"/>
      <line num="115" count="0" type="stmt"/>
      <line num="116" count="0" type="stmt"/>
      <line num="118" count="0" type="stmt"/>
      <line num="119" count="0" type="stmt"/>
      <line num="120" count="0" type="stmt"/>
      <line num="121" count="0" type="stmt"/>
      <line num="122" count="0" type="stmt"/>
      <line num="123" count="0" type="stmt"/>
      <line num="124" count="0" type="stmt"/>
      <line num="125" count="0" type="stmt"/>
      <line num="126" count="0" type="stmt"/>
      <line num="127" count="0" type="stmt"/>
      <line num="128" count="0" type="stmt"/>
      <line num="129" count="0" type="stmt"/>
      <line num="130" count="0" type="stmt"/>
      <line num="131" count="0" type="stmt"/>
      <line num="132" count="0" type="stmt"/>
      <line num="133" count="0" type="stmt"/>
      <line num="134" count="0" type="stmt"/>
      <line num="135" count="0" type="stmt"/>
      <line num="137" count="0" type="stmt"/>
      <line num="138" count="0" type="stmt"/>
      <line num="139" count="0" type="stmt"/>
      <line num="140" count="0" type="stmt"/>
      <line num="141" count="0" type="stmt"/>
      <line num="142" count="0" type="stmt"/>
      <line num="143" count="0" type="stmt"/>
      <line num="144" count="0" type="stmt"/>
      <line num="145" count="0" type="stmt"/>
      <line num="146" count="0" type="stmt"/>
      <line num="147" count="0" type="stmt"/>
      <line num="148" count="0" type="stmt"/>
      <line num="149" count="0" type="stmt"/>
      <line num="150" count="0" type="stmt"/>
      <line num="152" count="0" type="stmt"/>
      <line num="153" count="0" type="stmt"/>
      <line num="154" count="0" type="stmt"/>
      <line num="155" count="0" type="stmt"/>
      <line num="156" count="0" type="stmt"/>
      <line num="157" count="0" type="stmt"/>
      <line num="158" count="0" type="stmt"/>
      <line num="159" count="0" type="stmt"/>
      <line num="160" count="0" type="stmt"/>
      <line num="161" count="0" type="stmt"/>
      <line num="162" count="0" type="stmt"/>
      <line num="163" count="0" type="stmt"/>
      <line num="164" count="0" type="stmt"/>
      <line num="165" count="0" type="stmt"/>
      <line num="167" count="0" type="stmt"/>
      <line num="168" count="0" type="stmt"/>
      <line num="169" count="0" type="stmt"/>
      <line num="170" count="0" type="stmt"/>
      <line num="171" count="0" type="stmt"/>
      <line num="172" count="0" type="stmt"/>
      <line num="173" count="0" type="stmt"/>
      <line num="174" count="0" type="stmt"/>
      <line num="175" count="0" type="stmt"/>
      <line num="176" count="0" type="stmt"/>
      <line num="177" count="0" type="stmt"/>
      <line num="178" count="0" type="stmt"/>
      <line num="179" count="0" type="stmt"/>
      <line num="180" count="0" type="stmt"/>
      <line num="181" count="0" type="stmt"/>
      <line num="182" count="0" type="stmt"/>
      <line num="183" count="0" type="stmt"/>
      <line num="184" count="0" type="stmt"/>
      <line num="185" count="0" type="stmt"/>
      <line num="186" count="0" type="stmt"/>
      <line num="187" count="0" type="stmt"/>
      <line num="188" count="0" type="stmt"/>
      <line num="189" count="0" type="stmt"/>
      <line num="190" count="0" type="stmt"/>
      <line num="191" count="0" type="stmt"/>
      <line num="192" count="0" type="stmt"/>
      <line num="193" count="0" type="stmt"/>
      <line num="194" count="0" type="stmt"/>
      <line num="195" count="0" type="stmt"/>
      <line num="196" count="0" type="stmt"/>
    </file>
    <file name="parser.ts" path="D:\Coding\wasmmts-A_wasm_interpreter\src\parser.ts">
      <metrics statements="81" coveredstatements="63" conditionals="17" coveredconditionals="8" methods="17" coveredmethods="12"/>
      <line num="2" count="1" type="stmt"/>
      <line num="4" count="1" type="stmt"/>
      <line num="5" count="1" type="stmt"/>
      <line num="6" count="1" type="stmt"/>
      <line num="9" count="1" type="stmt"/>
      <line num="10" count="2" type="stmt"/>
      <line num="12" count="1" type="stmt"/>
      <line num="13" count="12" type="stmt"/>
      <line num="17" count="1" type="stmt"/>
      <line num="18" count="2" type="stmt"/>
      <line num="20" count="2" type="stmt"/>
      <line num="23" count="1" type="stmt"/>
      <line num="24" count="2" type="stmt"/>
      <line num="26" count="2" type="stmt"/>
      <line num="29" count="1" type="stmt"/>
      <line num="30" count="1" type="stmt"/>
      <line num="32" count="1" type="stmt"/>
      <line num="35" count="1" type="stmt"/>
      <line num="36" count="2" type="stmt"/>
      <line num="38" count="2" type="stmt"/>
      <line num="41" count="1" type="stmt"/>
      <line num="42" count="0" type="stmt"/>
      <line num="44" count="0" type="stmt"/>
      <line num="47" count="1" type="stmt"/>
      <line num="48" count="1" type="stmt"/>
      <line num="50" count="1" type="stmt"/>
      <line num="53" count="1" type="stmt"/>
      <line num="54" count="0" type="stmt"/>
      <line num="56" count="0" type="stmt"/>
      <line num="59" count="1" type="stmt"/>
      <line num="60" count="1" type="stmt"/>
      <line num="62" count="1" type="stmt"/>
      <line num="65" count="1" type="stmt"/>
      <line num="66" count="1" type="stmt"/>
      <line num="68" count="1" type="stmt"/>
      <line num="71" count="1" type="stmt"/>
      <line num="72" count="0" type="stmt"/>
      <line num="74" count="0" type="stmt"/>
      <line num="77" count="1" type="stmt"/>
      <line num="78" count="2" type="stmt"/>
      <line num="80" count="2" type="stmt"/>
      <line num="83" count="1" type="stmt"/>
      <line num="84" count="0" type="stmt"/>
      <line num="86" count="0" type="stmt"/>
      <line num="89" count="1" type="stmt"/>
      <line num="90" count="0" type="stmt"/>
      <line num="92" count="0" type="stmt"/>
      <line num="98" count="1" type="stmt"/>
      <line num="100" count="2" type="stmt"/>
      <line num="102" count="2" type="stmt"/>
      <line num="103" count="16" type="cond" truecount="0" falsecount="1"/>
      <line num="105" count="2" type="stmt"/>
      <line num="106" count="2" type="stmt"/>
      <line num="107" count="2" type="stmt"/>
      <line num="109" count="12" type="stmt"/>
      <line num="111" count="12" type="stmt"/>
      <line num="112" count="12" type="stmt"/>
      <line num="115" count="2" type="stmt"/>
      <line num="118" count="1" type="stmt"/>
      <line num="119" count="12" type="stmt"/>
      <line num="120" count="12" type="stmt"/>
      <line num="122" count="12" type="stmt"/>
      <line num="128" count="12" type="cond" truecount="8" falsecount="6"/>
      <line num="129" count="2" type="stmt"/>
      <line num="130" count="2" type="stmt"/>
      <line num="131" count="1" type="stmt"/>
      <line num="132" count="2" type="stmt"/>
      <line num="133" count="0" type="stmt"/>
      <line num="134" count="1" type="stmt"/>
      <line num="135" count="0" type="stmt"/>
      <line num="136" count="1" type="stmt"/>
      <line num="138" count="1" type="cond" truecount="0" falsecount="1"/>
      <line num="139" count="1" type="stmt"/>
      <line num="140" count="1" type="stmt"/>
      <line num="142" count="0" type="stmt"/>
      <line num="143" count="2" type="stmt"/>
      <line num="144" count="0" type="stmt"/>
      <line num="146" count="0" type="cond" truecount="0" falsecount="1"/>
      <line num="147" count="0" type="stmt"/>
      <line num="148" count="0" type="stmt"/>
      <line num="152" count="0" type="stmt"/>
    </file>
    <file name="types.ts" path="D:\Coding\wasmmts-A_wasm_interpreter\src\types.ts">
      <metrics statements="14" coveredstatements="14" conditionals="2" coveredconditionals="2" methods="1" coveredmethods="1"/>
      <line num="12" count="1" type="cond" truecount="2" falsecount="0"/>
      <line num="13" count="1" type="stmt"/>
      <line num="14" count="1" type="stmt"/>
      <line num="15" count="1" type="stmt"/>
      <line num="16" count="1" type="stmt"/>
      <line num="17" count="1" type="stmt"/>
      <line num="18" count="1" type="stmt"/>
      <line num="19" count="1" type="stmt"/>
      <line num="20" count="1" type="stmt"/>
      <line num="21" count="1" type="stmt"/>
      <line num="22" count="1" type="stmt"/>
      <line num="23" count="1" type="stmt"/>
      <line num="24" count="1" type="stmt"/>
      <line num="25" count="1" type="stmt"/>
    </file>
  </project>
</coverage>
