{"D:\\Coding\\wasmmts-A_wasm_interpreter\\src\\bodyParser.ts": {"path":"D:\\Coding\\wasmmts-A_wasm_interpreter\\src\\bodyParser.ts","statementMap":{"0":{"start":{"line":1,"column":0},"end":{"line":1,"column":61}},"1":{"start":{"line":3,"column":0},"end":{"line":3,"column":45}},"2":{"start":{"line":14,"column":4},"end":{"line":14,"column":16}},"3":{"start":{"line":13,"column":0},"end":{"line":13,"column":16}},"4":{"start":{"line":25,"column":26},"end":{"line":25,"column":63}},"5":{"start":{"line":26,"column":4},"end":{"line":26,"column":18}},"6":{"start":{"line":27,"column":24},"end":{"line":27,"column":39}},"7":{"start":{"line":29,"column":4},"end":{"line":55,"column":null}},"8":{"start":{"line":29,"column":17},"end":{"line":29,"column":18}},"9":{"start":{"line":30,"column":8},"end":{"line":30,"column":null}},"10":{"start":{"line":30,"column":33},"end":{"line":30,"column":null}},"11":{"start":{"line":31,"column":8},"end":{"line":31,"column":16}},"12":{"start":{"line":33,"column":32},"end":{"line":33,"column":38}},"13":{"start":{"line":36,"column":8},"end":{"line":43,"column":null}},"14":{"start":{"line":36,"column":30},"end":{"line":36,"column":38}},"15":{"start":{"line":39,"column":12},"end":{"line":39,"column":70}},"16":{"start":{"line":40,"column":12},"end":{"line":40,"column":27}},"17":{"start":{"line":41,"column":12},"end":{"line":41,"column":64}},"18":{"start":{"line":42,"column":12},"end":{"line":42,"column":26}},"19":{"start":{"line":44,"column":8},"end":{"line":51,"column":null}},"20":{"start":{"line":44,"column":30},"end":{"line":44,"column":38}},"21":{"start":{"line":47,"column":12},"end":{"line":47,"column":70}},"22":{"start":{"line":48,"column":12},"end":{"line":48,"column":27}},"23":{"start":{"line":49,"column":12},"end":{"line":49,"column":65}},"24":{"start":{"line":50,"column":12},"end":{"line":50,"column":26}},"25":{"start":{"line":53,"column":36},"end":{"line":53,"column":74}},"26":{"start":{"line":54,"column":8},"end":{"line":54,"column":30}},"27":{"start":{"line":56,"column":4},"end":{"line":56,"column":23}},"28":{"start":{"line":23,"column":0},"end":{"line":23,"column":16}},"29":{"start":{"line":62,"column":26},"end":{"line":62,"column":63}},"30":{"start":{"line":63,"column":4},"end":{"line":63,"column":18}},"31":{"start":{"line":64,"column":22},"end":{"line":64,"column":37}},"32":{"start":{"line":66,"column":4},"end":{"line":86,"column":null}},"33":{"start":{"line":66,"column":17},"end":{"line":66,"column":18}},"34":{"start":{"line":69,"column":8},"end":{"line":69,"column":61}},"35":{"start":{"line":72,"column":8},"end":{"line":72,"column":59}},"36":{"start":{"line":74,"column":8},"end":{"line":74,"column":150}},"37":{"start":{"line":74,"column":93},"end":{"line":74,"column":150}},"38":{"start":{"line":77,"column":8},"end":{"line":83,"column":null}},"39":{"start":{"line":78,"column":20},"end":{"line":78,"column":72}},"40":{"start":{"line":78,"column":73},"end":{"line":78,"column":79}},"41":{"start":{"line":79,"column":20},"end":{"line":79,"column":78}},"42":{"start":{"line":79,"column":79},"end":{"line":79,"column":85}},"43":{"start":{"line":80,"column":20},"end":{"line":80,"column":75}},"44":{"start":{"line":80,"column":76},"end":{"line":80,"column":82}},"45":{"start":{"line":81,"column":20},"end":{"line":81,"column":79}},"46":{"start":{"line":81,"column":80},"end":{"line":81,"column":86}},"47":{"start":{"line":82,"column":21},"end":{"line":82,"column":67}},"48":{"start":{"line":84,"column":43},"end":{"line":84,"column":87}},"49":{"start":{"line":85,"column":8},"end":{"line":85,"column":36}},"50":{"start":{"line":87,"column":4},"end":{"line":87,"column":21}},"51":{"start":{"line":60,"column":0},"end":{"line":60,"column":16}},"52":{"start":{"line":93,"column":26},"end":{"line":93,"column":63}},"53":{"start":{"line":94,"column":21},"end":{"line":94,"column":36}},"54":{"start":{"line":95,"column":4},"end":{"line":95,"column":17}},"55":{"start":{"line":96,"column":4},"end":{"line":100,"column":null}},"56":{"start":{"line":96,"column":17},"end":{"line":96,"column":18}},"57":{"start":{"line":97,"column":34},"end":{"line":97,"column":71}},"58":{"start":{"line":98,"column":8},"end":{"line":98,"column":31}},"59":{"start":{"line":99,"column":8},"end":{"line":99,"column":23}},"60":{"start":{"line":101,"column":4},"end":{"line":101,"column":22}},"61":{"start":{"line":92,"column":0},"end":{"line":92,"column":16}},"62":{"start":{"line":105,"column":26},"end":{"line":105,"column":63}},"63":{"start":{"line":106,"column":23},"end":{"line":106,"column":38}},"64":{"start":{"line":107,"column":4},"end":{"line":107,"column":17}},"65":{"start":{"line":108,"column":4},"end":{"line":110,"column":null}},"66":{"start":{"line":108,"column":17},"end":{"line":108,"column":18}},"67":{"start":{"line":109,"column":8},"end":{"line":109,"column":75}},"68":{"start":{"line":111,"column":4},"end":{"line":111,"column":24}},"69":{"start":{"line":104,"column":0},"end":{"line":104,"column":16}},"70":{"start":{"line":115,"column":26},"end":{"line":115,"column":63}},"71":{"start":{"line":116,"column":17},"end":{"line":116,"column":32}},"72":{"start":{"line":117,"column":4},"end":{"line":117,"column":17}},"73":{"start":{"line":118,"column":4},"end":{"line":120,"column":null}},"74":{"start":{"line":118,"column":17},"end":{"line":118,"column":18}},"75":{"start":{"line":119,"column":8},"end":{"line":119,"column":66}},"76":{"start":{"line":121,"column":4},"end":{"line":121,"column":18}},"77":{"start":{"line":114,"column":0},"end":{"line":114,"column":16}},"78":{"start":{"line":125,"column":26},"end":{"line":125,"column":63}},"79":{"start":{"line":126,"column":20},"end":{"line":126,"column":35}},"80":{"start":{"line":127,"column":4},"end":{"line":127,"column":17}},"81":{"start":{"line":128,"column":4},"end":{"line":134,"column":null}},"82":{"start":{"line":128,"column":17},"end":{"line":128,"column":18}},"83":{"start":{"line":130,"column":8},"end":{"line":130,"column":63}},"84":{"start":{"line":132,"column":8},"end":{"line":132,"column":61}},"85":{"start":{"line":133,"column":8},"end":{"line":133,"column":34}},"86":{"start":{"line":135,"column":4},"end":{"line":135,"column":21}},"87":{"start":{"line":124,"column":0},"end":{"line":124,"column":16}},"88":{"start":{"line":140,"column":26},"end":{"line":140,"column":63}},"89":{"start":{"line":141,"column":4},"end":{"line":141,"column":18}},"90":{"start":{"line":142,"column":22},"end":{"line":142,"column":37}},"91":{"start":{"line":143,"column":4},"end":{"line":163,"column":null}},"92":{"start":{"line":143,"column":17},"end":{"line":143,"column":18}},"93":{"start":{"line":144,"column":34},"end":{"line":144,"column":71}},"94":{"start":{"line":145,"column":37},"end":{"line":145,"column":49}},"95":{"start":{"line":146,"column":8},"end":{"line":146,"column":24}},"96":{"start":{"line":147,"column":8},"end":{"line":149,"column":null}},"97":{"start":{"line":147,"column":21},"end":{"line":147,"column":22}},"98":{"start":{"line":148,"column":12},"end":{"line":148,"column":74}},"99":{"start":{"line":150,"column":8},"end":{"line":150,"column":24}},"100":{"start":{"line":152,"column":8},"end":{"line":152,"column":150}},"101":{"start":{"line":152,"column":93},"end":{"line":152,"column":150}},"102":{"start":{"line":161,"column":8},"end":{"line":161,"column":60}},"103":{"start":{"line":162,"column":8},"end":{"line":162,"column":53}},"104":{"start":{"line":164,"column":4},"end":{"line":164,"column":21}},"105":{"start":{"line":138,"column":0},"end":{"line":138,"column":16}},"106":{"start":{"line":168,"column":26},"end":{"line":168,"column":63}},"107":{"start":{"line":169,"column":4},"end":{"line":169,"column":18}},"108":{"start":{"line":170,"column":20},"end":{"line":170,"column":35}},"109":{"start":{"line":172,"column":4},"end":{"line":333,"column":null}},"110":{"start":{"line":172,"column":17},"end":{"line":172,"column":18}},"111":{"start":{"line":173,"column":32},"end":{"line":173,"column":69}},"112":{"start":{"line":174,"column":8},"end":{"line":174,"column":22}},"113":{"start":{"line":175,"column":8},"end":{"line":332,"column":null}},"114":{"start":{"line":176,"column":21},"end":{"line":176,"column":75}},"115":{"start":{"line":181,"column":20},"end":{"line":181,"column":73}},"116":{"start":{"line":183,"column":42},"end":{"line":183,"column":79}},"117":{"start":{"line":184,"column":20},"end":{"line":184,"column":34}},"118":{"start":{"line":185,"column":39},"end":{"line":185,"column":56}},"119":{"start":{"line":186,"column":20},"end":{"line":190,"column":null}},"120":{"start":{"line":186,"column":33},"end":{"line":186,"column":34}},"121":{"start":{"line":187,"column":49},"end":{"line":187,"column":86}},"122":{"start":{"line":188,"column":24},"end":{"line":188,"column":38}},"123":{"start":{"line":189,"column":24},"end":{"line":189,"column":48}},"124":{"start":{"line":191,"column":20},"end":{"line":191,"column":44}},"125":{"start":{"line":193,"column":20},"end":{"line":193,"column":null}},"126":{"start":{"line":194,"column":20},"end":{"line":194,"column":26}},"127":{"start":{"line":200,"column":20},"end":{"line":200,"column":89}},"128":{"start":{"line":200,"column":45},"end":{"line":200,"column":89}},"129":{"start":{"line":201,"column":20},"end":{"line":201,"column":28}},"130":{"start":{"line":203,"column":42},"end":{"line":203,"column":79}},"131":{"start":{"line":204,"column":20},"end":{"line":204,"column":34}},"132":{"start":{"line":205,"column":39},"end":{"line":205,"column":56}},"133":{"start":{"line":206,"column":20},"end":{"line":210,"column":null}},"134":{"start":{"line":206,"column":33},"end":{"line":206,"column":34}},"135":{"start":{"line":207,"column":49},"end":{"line":207,"column":86}},"136":{"start":{"line":208,"column":24},"end":{"line":208,"column":38}},"137":{"start":{"line":209,"column":24},"end":{"line":209,"column":48}},"138":{"start":{"line":211,"column":20},"end":{"line":211,"column":44}},"139":{"start":{"line":213,"column":20},"end":{"line":213,"column":null}},"140":{"start":{"line":214,"column":20},"end":{"line":214,"column":26}},"141":{"start":{"line":219,"column":44},"end":{"line":219,"column":81}},"142":{"start":{"line":220,"column":20},"end":{"line":220,"column":34}},"143":{"start":{"line":223,"column":20},"end":{"line":223,"column":73}},"144":{"start":{"line":226,"column":20},"end":{"line":226,"column":89}},"145":{"start":{"line":226,"column":45},"end":{"line":226,"column":89}},"146":{"start":{"line":229,"column":20},"end":{"line":229,"column":74}},"147":{"start":{"line":230,"column":20},"end":{"line":230,"column":34}},"148":{"start":{"line":231,"column":39},"end":{"line":231,"column":56}},"149":{"start":{"line":232,"column":20},"end":{"line":236,"column":null}},"150":{"start":{"line":232,"column":33},"end":{"line":232,"column":34}},"151":{"start":{"line":233,"column":49},"end":{"line":233,"column":86}},"152":{"start":{"line":234,"column":24},"end":{"line":234,"column":38}},"153":{"start":{"line":235,"column":24},"end":{"line":235,"column":48}},"154":{"start":{"line":237,"column":20},"end":{"line":237,"column":44}},"155":{"start":{"line":239,"column":20},"end":{"line":239,"column":null}},"156":{"start":{"line":240,"column":20},"end":{"line":240,"column":26}},"157":{"start":{"line":245,"column":20},"end":{"line":245,"column":89}},"158":{"start":{"line":245,"column":45},"end":{"line":245,"column":89}},"159":{"start":{"line":246,"column":20},"end":{"line":246,"column":28}},"160":{"start":{"line":248,"column":42},"end":{"line":248,"column":79}},"161":{"start":{"line":249,"column":20},"end":{"line":249,"column":34}},"162":{"start":{"line":250,"column":39},"end":{"line":250,"column":56}},"163":{"start":{"line":251,"column":20},"end":{"line":255,"column":null}},"164":{"start":{"line":251,"column":33},"end":{"line":251,"column":34}},"165":{"start":{"line":252,"column":49},"end":{"line":252,"column":86}},"166":{"start":{"line":253,"column":24},"end":{"line":253,"column":38}},"167":{"start":{"line":254,"column":24},"end":{"line":254,"column":48}},"168":{"start":{"line":256,"column":20},"end":{"line":256,"column":44}},"169":{"start":{"line":257,"column":20},"end":{"line":257,"column":null}},"170":{"start":{"line":258,"column":20},"end":{"line":258,"column":26}},"171":{"start":{"line":264,"column":20},"end":{"line":264,"column":73}},"172":{"start":{"line":266,"column":42},"end":{"line":266,"column":79}},"173":{"start":{"line":267,"column":20},"end":{"line":267,"column":34}},"174":{"start":{"line":268,"column":36},"end":{"line":268,"column":51}},"175":{"start":{"line":269,"column":20},"end":{"line":271,"column":null}},"176":{"start":{"line":269,"column":33},"end":{"line":269,"column":34}},"177":{"start":{"line":270,"column":24},"end":{"line":270,"column":81}},"178":{"start":{"line":272,"column":20},"end":{"line":272,"column":null}},"179":{"start":{"line":273,"column":20},"end":{"line":273,"column":26}},"180":{"start":{"line":278,"column":20},"end":{"line":278,"column":113}},"181":{"start":{"line":278,"column":69},"end":{"line":278,"column":113}},"182":{"start":{"line":279,"column":36},"end":{"line":279,"column":48}},"183":{"start":{"line":280,"column":20},"end":{"line":280,"column":28}},"184":{"start":{"line":282,"column":42},"end":{"line":282,"column":79}},"185":{"start":{"line":283,"column":20},"end":{"line":283,"column":34}},"186":{"start":{"line":284,"column":36},"end":{"line":284,"column":51}},"187":{"start":{"line":285,"column":20},"end":{"line":287,"column":null}},"188":{"start":{"line":285,"column":33},"end":{"line":285,"column":34}},"189":{"start":{"line":286,"column":24},"end":{"line":286,"column":81}},"190":{"start":{"line":288,"column":20},"end":{"line":288,"column":null}},"191":{"start":{"line":289,"column":20},"end":{"line":289,"column":26}},"192":{"start":{"line":294,"column":44},"end":{"line":294,"column":81}},"193":{"start":{"line":295,"column":20},"end":{"line":295,"column":35}},"194":{"start":{"line":298,"column":20},"end":{"line":298,"column":73}},"195":{"start":{"line":300,"column":20},"end":{"line":300,"column":113}},"196":{"start":{"line":300,"column":69},"end":{"line":300,"column":113}},"197":{"start":{"line":301,"column":36},"end":{"line":301,"column":48}},"198":{"start":{"line":302,"column":20},"end":{"line":302,"column":28}},"199":{"start":{"line":305,"column":20},"end":{"line":305,"column":74}},"200":{"start":{"line":306,"column":20},"end":{"line":306,"column":34}},"201":{"start":{"line":307,"column":36},"end":{"line":307,"column":51}},"202":{"start":{"line":308,"column":20},"end":{"line":310,"column":null}},"203":{"start":{"line":308,"column":33},"end":{"line":308,"column":34}},"204":{"start":{"line":309,"column":24},"end":{"line":309,"column":81}},"205":{"start":{"line":312,"column":20},"end":{"line":312,"column":null}},"206":{"start":{"line":313,"column":20},"end":{"line":313,"column":26}},"207":{"start":{"line":318,"column":20},"end":{"line":318,"column":113}},"208":{"start":{"line":318,"column":69},"end":{"line":318,"column":113}},"209":{"start":{"line":319,"column":36},"end":{"line":319,"column":48}},"210":{"start":{"line":320,"column":20},"end":{"line":320,"column":28}},"211":{"start":{"line":322,"column":42},"end":{"line":322,"column":79}},"212":{"start":{"line":323,"column":20},"end":{"line":323,"column":34}},"213":{"start":{"line":324,"column":36},"end":{"line":324,"column":51}},"214":{"start":{"line":325,"column":20},"end":{"line":327,"column":null}},"215":{"start":{"line":325,"column":33},"end":{"line":325,"column":34}},"216":{"start":{"line":326,"column":24},"end":{"line":326,"column":81}},"217":{"start":{"line":329,"column":20},"end":{"line":329,"column":null}},"218":{"start":{"line":330,"column":20},"end":{"line":330,"column":26}},"219":{"start":{"line":334,"column":4},"end":{"line":334,"column":19}},"220":{"start":{"line":166,"column":0},"end":{"line":166,"column":16}},"221":{"start":{"line":338,"column":35},"end":{"line":338,"column":72}},"222":{"start":{"line":340,"column":4},"end":{"line":340,"column":18}},"223":{"start":{"line":341,"column":20},"end":{"line":341,"column":44}},"224":{"start":{"line":343,"column":4},"end":{"line":366,"column":null}},"225":{"start":{"line":343,"column":17},"end":{"line":343,"column":18}},"226":{"start":{"line":345,"column":34},"end":{"line":345,"column":71}},"227":{"start":{"line":347,"column":8},"end":{"line":347,"column":23}},"228":{"start":{"line":348,"column":23},"end":{"line":348,"column":28}},"229":{"start":{"line":351,"column":8},"end":{"line":351,"column":70}},"230":{"start":{"line":353,"column":8},"end":{"line":353,"column":23}},"231":{"start":{"line":355,"column":8},"end":{"line":360,"column":null}},"232":{"start":{"line":356,"column":12},"end":{"line":356,"column":43}},"233":{"start":{"line":357,"column":12},"end":{"line":359,"column":null}},"234":{"start":{"line":357,"column":25},"end":{"line":357,"column":26}},"235":{"start":{"line":358,"column":16},"end":{"line":358,"column":74}},"236":{"start":{"line":363,"column":8},"end":{"line":363,"column":86}},"237":{"start":{"line":365,"column":8},"end":{"line":365,"column":56}},"238":{"start":{"line":367,"column":4},"end":{"line":367,"column":19}},"239":{"start":{"line":337,"column":0},"end":{"line":337,"column":16}},"240":{"start":{"line":371,"column":31},"end":{"line":371,"column":68}},"241":{"start":{"line":372,"column":4},"end":{"line":372,"column":18}},"242":{"start":{"line":373,"column":20},"end":{"line":373,"column":40}},"243":{"start":{"line":374,"column":4},"end":{"line":428,"column":null}},"244":{"start":{"line":374,"column":17},"end":{"line":374,"column":18}},"245":{"start":{"line":375,"column":32},"end":{"line":375,"column":69}},"246":{"start":{"line":376,"column":8},"end":{"line":376,"column":22}},"247":{"start":{"line":377,"column":8},"end":{"line":427,"column":null}},"248":{"start":{"line":378,"column":21},"end":{"line":378,"column":75}},"249":{"start":{"line":383,"column":20},"end":{"line":383,"column":73}},"250":{"start":{"line":385,"column":40},"end":{"line":385,"column":77}},"251":{"start":{"line":386,"column":20},"end":{"line":386,"column":35}},"252":{"start":{"line":387,"column":37},"end":{"line":387,"column":52}},"253":{"start":{"line":388,"column":20},"end":{"line":391,"column":null}},"254":{"start":{"line":388,"column":33},"end":{"line":388,"column":34}},"255":{"start":{"line":389,"column":24},"end":{"line":389,"column":51}},"256":{"start":{"line":390,"column":24},"end":{"line":390,"column":32}},"257":{"start":{"line":392,"column":20},"end":{"line":392,"column":null}},"258":{"start":{"line":393,"column":20},"end":{"line":393,"column":26}},"259":{"start":{"line":398,"column":44},"end":{"line":398,"column":81}},"260":{"start":{"line":399,"column":24},"end":{"line":399,"column":39}},"261":{"start":{"line":400,"column":41},"end":{"line":400,"column":56}},"262":{"start":{"line":401,"column":24},"end":{"line":404,"column":null}},"263":{"start":{"line":401,"column":37},"end":{"line":401,"column":38}},"264":{"start":{"line":402,"column":28},"end":{"line":402,"column":55}},"265":{"start":{"line":403,"column":28},"end":{"line":403,"column":36}},"266":{"start":{"line":405,"column":24},"end":{"line":405,"column":null}},"267":{"start":{"line":406,"column":24},"end":{"line":406,"column":30}},"268":{"start":{"line":411,"column":46},"end":{"line":411,"column":83}},"269":{"start":{"line":412,"column":24},"end":{"line":412,"column":39}},"270":{"start":{"line":415,"column":24},"end":{"line":415,"column":77}},"271":{"start":{"line":418,"column":24},"end":{"line":418,"column":78}},"272":{"start":{"line":419,"column":41},"end":{"line":419,"column":56}},"273":{"start":{"line":420,"column":24},"end":{"line":423,"column":null}},"274":{"start":{"line":420,"column":37},"end":{"line":420,"column":38}},"275":{"start":{"line":421,"column":28},"end":{"line":421,"column":55}},"276":{"start":{"line":422,"column":28},"end":{"line":422,"column":36}},"277":{"start":{"line":424,"column":24},"end":{"line":424,"column":null}},"278":{"start":{"line":425,"column":24},"end":{"line":425,"column":30}},"279":{"start":{"line":429,"column":4},"end":{"line":429,"column":19}},"280":{"start":{"line":370,"column":0},"end":{"line":370,"column":16}}},"fnMap":{"0":{"name":"parseCustomTemp","decl":{"start":{"line":13,"column":16},"end":{"line":13,"column":31}},"loc":{"start":{"line":13,"column":64},"end":{"line":15,"column":1}}},"1":{"name":"parseType","decl":{"start":{"line":23,"column":16},"end":{"line":23,"column":25}},"loc":{"start":{"line":23,"column":58},"end":{"line":57,"column":1}}},"2":{"name":"parseImport","decl":{"start":{"line":60,"column":16},"end":{"line":60,"column":27}},"loc":{"start":{"line":60,"column":60},"end":{"line":88,"column":1}}},"3":{"name":"parseFunction","decl":{"start":{"line":92,"column":16},"end":{"line":92,"column":29}},"loc":{"start":{"line":92,"column":62},"end":{"line":102,"column":1}}},"4":{"name":"parseTable","decl":{"start":{"line":104,"column":16},"end":{"line":104,"column":26}},"loc":{"start":{"line":104,"column":59},"end":{"line":112,"column":1}}},"5":{"name":"parseMemory","decl":{"start":{"line":114,"column":16},"end":{"line":114,"column":27}},"loc":{"start":{"line":114,"column":60},"end":{"line":122,"column":1}}},"6":{"name":"parseGlobal","decl":{"start":{"line":124,"column":16},"end":{"line":124,"column":27}},"loc":{"start":{"line":124,"column":60},"end":{"line":136,"column":1}}},"7":{"name":"parseExport","decl":{"start":{"line":138,"column":16},"end":{"line":138,"column":27}},"loc":{"start":{"line":138,"column":60},"end":{"line":165,"column":1}}},"8":{"name":"parseElement","decl":{"start":{"line":166,"column":16},"end":{"line":166,"column":28}},"loc":{"start":{"line":166,"column":61},"end":{"line":335,"column":1}}},"9":{"name":"parseCode","decl":{"start":{"line":337,"column":16},"end":{"line":337,"column":25}},"loc":{"start":{"line":337,"column":58},"end":{"line":368,"column":1}}},"10":{"name":"parseData","decl":{"start":{"line":370,"column":16},"end":{"line":370,"column":25}},"loc":{"start":{"line":370,"column":58},"end":{"line":430,"column":1}}}},"branchMap":{"0":{"loc":{"start":{"line":30,"column":8},"end":{"line":30,"column":null}},"type":"if","locations":[{"start":{"line":30,"column":8},"end":{"line":30,"column":null}}]},"1":{"loc":{"start":{"line":36,"column":8},"end":{"line":43,"column":null}},"type":"if","locations":[{"start":{"line":36,"column":8},"end":{"line":43,"column":null}},{"start":{"line":37,"column":12},"end":{"line":43,"column":null}}]},"2":{"loc":{"start":{"line":44,"column":8},"end":{"line":51,"column":null}},"type":"if","locations":[{"start":{"line":44,"column":8},"end":{"line":51,"column":null}},{"start":{"line":45,"column":12},"end":{"line":51,"column":null}}]},"3":{"loc":{"start":{"line":74,"column":8},"end":{"line":74,"column":150}},"type":"if","locations":[{"start":{"line":74,"column":8},"end":{"line":74,"column":150}}]},"4":{"loc":{"start":{"line":74,"column":11},"end":{"line":74,"column":91}},"type":"binary-expr","locations":[{"start":{"line":74,"column":11},"end":{"line":74,"column":28}},{"start":{"line":74,"column":32},"end":{"line":74,"column":49}},{"start":{"line":74,"column":53},"end":{"line":74,"column":70}},{"start":{"line":74,"column":74},"end":{"line":74,"column":91}}]},"5":{"loc":{"start":{"line":77,"column":8},"end":{"line":83,"column":null}},"type":"switch","locations":[{"start":{"line":78,"column":12},"end":{"line":78,"column":79}},{"start":{"line":79,"column":12},"end":{"line":79,"column":85}},{"start":{"line":80,"column":12},"end":{"line":80,"column":82}},{"start":{"line":81,"column":12},"end":{"line":81,"column":86}},{"start":{"line":82,"column":12},"end":{"line":82,"column":67}}]},"6":{"loc":{"start":{"line":152,"column":8},"end":{"line":152,"column":150}},"type":"if","locations":[{"start":{"line":152,"column":8},"end":{"line":152,"column":150}}]},"7":{"loc":{"start":{"line":152,"column":11},"end":{"line":152,"column":91}},"type":"binary-expr","locations":[{"start":{"line":152,"column":11},"end":{"line":152,"column":28}},{"start":{"line":152,"column":32},"end":{"line":152,"column":49}},{"start":{"line":152,"column":53},"end":{"line":152,"column":70}},{"start":{"line":152,"column":74},"end":{"line":152,"column":91}}]},"8":{"loc":{"start":{"line":175,"column":8},"end":{"line":332,"column":null}},"type":"switch","locations":[{"start":{"line":176,"column":12},"end":{"line":176,"column":75}},{"start":{"line":177,"column":12},"end":{"line":195,"column":null}},{"start":{"line":197,"column":12},"end":{"line":215,"column":null}},{"start":{"line":216,"column":12},"end":{"line":241,"column":null}},{"start":{"line":242,"column":12},"end":{"line":259,"column":null}},{"start":{"line":260,"column":12},"end":{"line":274,"column":null}},{"start":{"line":275,"column":12},"end":{"line":290,"column":null}},{"start":{"line":291,"column":12},"end":{"line":314,"column":null}},{"start":{"line":315,"column":12},"end":{"line":331,"column":null}}]},"9":{"loc":{"start":{"line":200,"column":20},"end":{"line":200,"column":89}},"type":"if","locations":[{"start":{"line":200,"column":20},"end":{"line":200,"column":89}}]},"10":{"loc":{"start":{"line":226,"column":20},"end":{"line":226,"column":89}},"type":"if","locations":[{"start":{"line":226,"column":20},"end":{"line":226,"column":89}}]},"11":{"loc":{"start":{"line":245,"column":20},"end":{"line":245,"column":89}},"type":"if","locations":[{"start":{"line":245,"column":20},"end":{"line":245,"column":89}}]},"12":{"loc":{"start":{"line":278,"column":20},"end":{"line":278,"column":113}},"type":"if","locations":[{"start":{"line":278,"column":20},"end":{"line":278,"column":113}}]},"13":{"loc":{"start":{"line":278,"column":23},"end":{"line":278,"column":67}},"type":"binary-expr","locations":[{"start":{"line":278,"column":23},"end":{"line":278,"column":43}},{"start":{"line":278,"column":47},"end":{"line":278,"column":67}}]},"14":{"loc":{"start":{"line":300,"column":20},"end":{"line":300,"column":113}},"type":"if","locations":[{"start":{"line":300,"column":20},"end":{"line":300,"column":113}}]},"15":{"loc":{"start":{"line":300,"column":23},"end":{"line":300,"column":67}},"type":"binary-expr","locations":[{"start":{"line":300,"column":23},"end":{"line":300,"column":43}},{"start":{"line":300,"column":47},"end":{"line":300,"column":67}}]},"16":{"loc":{"start":{"line":318,"column":20},"end":{"line":318,"column":113}},"type":"if","locations":[{"start":{"line":318,"column":20},"end":{"line":318,"column":113}}]},"17":{"loc":{"start":{"line":318,"column":23},"end":{"line":318,"column":67}},"type":"binary-expr","locations":[{"start":{"line":318,"column":23},"end":{"line":318,"column":43}},{"start":{"line":318,"column":47},"end":{"line":318,"column":67}}]},"18":{"loc":{"start":{"line":355,"column":8},"end":{"line":360,"column":null}},"type":"if","locations":[{"start":{"line":355,"column":8},"end":{"line":360,"column":null}}]},"19":{"loc":{"start":{"line":377,"column":8},"end":{"line":427,"column":null}},"type":"switch","locations":[{"start":{"line":378,"column":12},"end":{"line":378,"column":75}},{"start":{"line":379,"column":12},"end":{"line":394,"column":null}},{"start":{"line":395,"column":16},"end":{"line":407,"column":null}},{"start":{"line":408,"column":16},"end":{"line":426,"column":null}}]}},"s":{"0":1,"1":1,"2":8,"3":1,"4":9,"5":9,"6":9,"7":9,"8":9,"9":80,"10":0,"11":80,"12":80,"13":80,"14":31,"15":49,"16":49,"17":49,"18":49,"19":80,"20":35,"21":45,"22":45,"23":45,"24":45,"25":80,"26":80,"27":9,"28":1,"29":5,"30":5,"31":5,"32":5,"33":5,"34":20,"35":20,"36":20,"37":0,"38":20,"39":10,"40":10,"41":1,"42":1,"43":0,"44":0,"45":9,"46":9,"47":0,"48":20,"49":20,"50":5,"51":1,"52":9,"53":9,"54":9,"55":9,"56":9,"57":177,"58":177,"59":177,"60":9,"61":1,"62":4,"63":4,"64":4,"65":4,"66":4,"67":4,"68":4,"69":1,"70":6,"71":6,"72":6,"73":6,"74":6,"75":6,"76":6,"77":1,"78":2,"79":2,"80":2,"81":2,"82":2,"83":15,"84":15,"85":15,"86":2,"87":1,"88":6,"89":6,"90":6,"91":6,"92":6,"93":133,"94":133,"95":133,"96":133,"97":133,"98":1583,"99":133,"100":133,"101":0,"102":133,"103":133,"104":6,"105":1,"106":2,"107":2,"108":2,"109":2,"110":2,"111":54,"112":54,"113":54,"114":0,"115":39,"116":39,"117":39,"118":39,"119":39,"120":39,"121":41,"122":41,"123":41,"124":39,"125":39,"126":39,"127":6,"128":0,"129":6,"130":6,"131":6,"132":6,"133":6,"134":6,"135":8,"136":8,"137":8,"138":6,"139":6,"140":6,"141":0,"142":0,"143":0,"144":0,"145":0,"146":0,"147":0,"148":0,"149":0,"150":0,"151":0,"152":0,"153":0,"154":0,"155":0,"156":0,"157":0,"158":0,"159":0,"160":0,"161":0,"162":0,"163":0,"164":0,"165":0,"166":0,"167":0,"168":0,"169":0,"170":0,"171":7,"172":7,"173":7,"174":7,"175":7,"176":7,"177":14,"178":7,"179":7,"180":2,"181":0,"182":2,"183":2,"184":2,"185":2,"186":2,"187":2,"188":2,"189":8,"190":2,"191":2,"192":0,"193":0,"194":0,"195":0,"196":0,"197":0,"198":0,"199":0,"200":0,"201":0,"202":0,"203":0,"204":0,"205":0,"206":0,"207":0,"208":0,"209":0,"210":0,"211":0,"212":0,"213":0,"214":0,"215":0,"216":0,"217":0,"218":0,"219":2,"220":1,"221":8,"222":8,"223":8,"224":8,"225":8,"226":167,"227":167,"228":167,"229":167,"230":167,"231":167,"232":25,"233":25,"234":25,"235":47,"236":167,"237":167,"238":8,"239":1,"240":2,"241":2,"242":2,"243":2,"244":2,"245":26,"246":26,"247":26,"248":0,"249":26,"250":26,"251":26,"252":26,"253":26,"254":26,"255":51,"256":51,"257":26,"258":26,"259":0,"260":0,"261":0,"262":0,"263":0,"264":0,"265":0,"266":0,"267":0,"268":0,"269":0,"270":0,"271":0,"272":0,"273":0,"274":0,"275":0,"276":0,"277":0,"278":0,"279":2,"280":1},"f":{"0":8,"1":9,"2":5,"3":9,"4":4,"5":6,"6":2,"7":6,"8":2,"9":8,"10":2},"b":{"0":[0],"1":[31,49],"2":[35,45],"3":[0],"4":[20,10,9,9],"5":[10,1,0,9,0],"6":[0],"7":[133,5,4,2],"8":[0,39,6,0,0,7,2,0,0],"9":[0],"10":[0],"11":[0],"12":[0],"13":[2,0],"14":[0],"15":[0,0],"16":[0],"17":[0,0],"18":[25],"19":[0,26,0,0]}}
,"D:\\Coding\\wasmmts-A_wasm_interpreter\\src\\helperParser.ts": {"path":"D:\\Coding\\wasmmts-A_wasm_interpreter\\src\\helperParser.ts","statementMap":{"0":{"start":{"line":3,"column":0},"end":{"line":3,"column":61}},"1":{"start":{"line":6,"column":24},"end":{"line":6,"column":61}},"2":{"start":{"line":7,"column":4},"end":{"line":7,"column":29}},"3":{"start":{"line":5,"column":0},"end":{"line":5,"column":16}},"4":{"start":{"line":12,"column":4},"end":{"line":12,"column":95}},"5":{"start":{"line":12,"column":53},"end":{"line":12,"column":95}},"6":{"start":{"line":13,"column":29},"end":{"line":13,"column":58}},"7":{"start":{"line":14,"column":4},"end":{"line":14,"column":12}},"8":{"start":{"line":17,"column":4},"end":{"line":17,"column":45}},"9":{"start":{"line":19,"column":4},"end":{"line":19,"column":30}},"10":{"start":{"line":9,"column":0},"end":{"line":9,"column":16}},"11":{"start":{"line":24,"column":4},"end":{"line":24,"column":99}},"12":{"start":{"line":24,"column":53},"end":{"line":24,"column":99}},"13":{"start":{"line":25,"column":28},"end":{"line":25,"column":54}},"14":{"start":{"line":26,"column":4},"end":{"line":26,"column":12}},"15":{"start":{"line":28,"column":24},"end":{"line":28,"column":61}},"16":{"start":{"line":29,"column":4},"end":{"line":29,"column":73}},"17":{"start":{"line":29,"column":21},"end":{"line":29,"column":73}},"18":{"start":{"line":30,"column":4},"end":{"line":30,"column":18}},"19":{"start":{"line":31,"column":24},"end":{"line":31,"column":61}},"20":{"start":{"line":32,"column":4},"end":{"line":32,"column":18}},"21":{"start":{"line":33,"column":4},"end":{"line":33,"column":37}},"22":{"start":{"line":22,"column":0},"end":{"line":22,"column":16}},"23":{"start":{"line":38,"column":4},"end":{"line":38,"column":50}},"24":{"start":{"line":40,"column":4},"end":{"line":40,"column":86}},"25":{"start":{"line":40,"column":47},"end":{"line":40,"column":86}},"26":{"start":{"line":41,"column":4},"end":{"line":41,"column":71}},"27":{"start":{"line":36,"column":0},"end":{"line":36,"column":16}},"28":{"start":{"line":45,"column":4},"end":{"line":59,"column":null}},"29":{"start":{"line":50,"column":12},"end":{"line":50,"column":60}},"30":{"start":{"line":53,"column":12},"end":{"line":53,"column":60}},"31":{"start":{"line":55,"column":12},"end":{"line":55,"column":60}},"32":{"start":{"line":57,"column":24},"end":{"line":57,"column":164}},"33":{"start":{"line":57,"column":146},"end":{"line":57,"column":160}},"34":{"start":{"line":58,"column":12},"end":{"line":58,"column":24}},"35":{"start":{"line":44,"column":0},"end":{"line":44,"column":16}},"36":{"start":{"line":62,"column":24},"end":{"line":62,"column":26}},"37":{"start":{"line":63,"column":12},"end":{"line":63,"column":13}},"38":{"start":{"line":64,"column":4},"end":{"line":81,"column":null}},"39":{"start":{"line":65,"column":8},"end":{"line":69,"column":null}},"40":{"start":{"line":66,"column":12},"end":{"line":66,"column":35}},"41":{"start":{"line":67,"column":12},"end":{"line":67,"column":16}},"42":{"start":{"line":68,"column":12},"end":{"line":68,"column":20}},"43":{"start":{"line":70,"column":8},"end":{"line":70,"column":91}},"44":{"start":{"line":70,"column":36},"end":{"line":70,"column":91}},"45":{"start":{"line":73,"column":8},"end":{"line":77,"column":null}},"46":{"start":{"line":74,"column":12},"end":{"line":74,"column":35}},"47":{"start":{"line":75,"column":12},"end":{"line":75,"column":16}},"48":{"start":{"line":76,"column":12},"end":{"line":76,"column":20}},"49":{"start":{"line":78,"column":8},"end":{"line":78,"column":73}},"50":{"start":{"line":78,"column":34},"end":{"line":78,"column":73}},"51":{"start":{"line":79,"column":8},"end":{"line":79,"column":25}},"52":{"start":{"line":80,"column":8},"end":{"line":80,"column":16}},"53":{"start":{"line":82,"column":4},"end":{"line":82,"column":25}},"54":{"start":{"line":61,"column":0},"end":{"line":61,"column":16}},"55":{"start":{"line":86,"column":28},"end":{"line":86,"column":65}},"56":{"start":{"line":87,"column":4},"end":{"line":87,"column":17}},"57":{"start":{"line":89,"column":4},"end":{"line":89,"column":50}},"58":{"start":{"line":90,"column":4},"end":{"line":90,"column":43}},"59":{"start":{"line":85,"column":0},"end":{"line":85,"column":16}},"60":{"start":{"line":93,"column":24},"end":{"line":93,"column":61}},"61":{"start":{"line":94,"column":4},"end":{"line":94,"column":18}},"62":{"start":{"line":95,"column":33},"end":{"line":95,"column":43}},"63":{"start":{"line":96,"column":4},"end":{"line":98,"column":null}},"64":{"start":{"line":96,"column":17},"end":{"line":96,"column":18}},"65":{"start":{"line":97,"column":8},"end":{"line":97,"column":70}},"66":{"start":{"line":99,"column":4},"end":{"line":99,"column":16}},"67":{"start":{"line":100,"column":4},"end":{"line":100,"column":25}},"68":{"start":{"line":92,"column":0},"end":{"line":92,"column":16}},"69":{"start":{"line":105,"column":14},"end":{"line":105,"column":16}},"70":{"start":{"line":106,"column":4},"end":{"line":106,"column":70}},"71":{"start":{"line":106,"column":28},"end":{"line":106,"column":68}},"72":{"start":{"line":107,"column":4},"end":{"line":107,"column":null}},"73":{"start":{"line":108,"column":4},"end":{"line":108,"column":21}},"74":{"start":{"line":104,"column":0},"end":{"line":104,"column":16}}},"fnMap":{"0":{"name":"parseidx","decl":{"start":{"line":5,"column":16},"end":{"line":5,"column":24}},"loc":{"start":{"line":5,"column":57},"end":{"line":8,"column":1}}},"1":{"name":"parseTableType","decl":{"start":{"line":9,"column":16},"end":{"line":9,"column":30}},"loc":{"start":{"line":9,"column":63},"end":{"line":20,"column":1}}},"2":{"name":"parseLimits","decl":{"start":{"line":22,"column":16},"end":{"line":22,"column":27}},"loc":{"start":{"line":22,"column":60},"end":{"line":34,"column":1}}},"3":{"name":"parseGlobalType","decl":{"start":{"line":36,"column":16},"end":{"line":36,"column":31}},"loc":{"start":{"line":36,"column":64},"end":{"line":42,"column":1}}},"4":{"name":"parseValType","decl":{"start":{"line":44,"column":16},"end":{"line":44,"column":28}},"loc":{"start":{"line":44,"column":61},"end":{"line":60,"column":1}}},"5":{"name":"(anonymous_5)","decl":{"start":{"line":57,"column":141},"end":{"line":57,"column":142}},"loc":{"start":{"line":57,"column":146},"end":{"line":57,"column":160}}},"6":{"name":"parseExpr","decl":{"start":{"line":61,"column":16},"end":{"line":61,"column":25}},"loc":{"start":{"line":61,"column":78},"end":{"line":83,"column":1}}},"7":{"name":"parseLocals","decl":{"start":{"line":85,"column":16},"end":{"line":85,"column":27}},"loc":{"start":{"line":85,"column":60},"end":{"line":91,"column":1}}},"8":{"name":"parseName","decl":{"start":{"line":92,"column":16},"end":{"line":92,"column":25}},"loc":{"start":{"line":92,"column":58},"end":{"line":101,"column":1}}},"9":{"name":"logAsHex","decl":{"start":{"line":104,"column":16},"end":{"line":104,"column":24}},"loc":{"start":{"line":104,"column":41},"end":{"line":109,"column":1}}},"10":{"name":"(anonymous_10)","decl":{"start":{"line":106,"column":20},"end":{"line":106,"column":23}},"loc":{"start":{"line":106,"column":26},"end":{"line":106,"column":68}}}},"branchMap":{"0":{"loc":{"start":{"line":12,"column":4},"end":{"line":12,"column":95}},"type":"if","locations":[{"start":{"line":12,"column":4},"end":{"line":12,"column":95}}]},"1":{"loc":{"start":{"line":12,"column":7},"end":{"line":12,"column":51}},"type":"binary-expr","locations":[{"start":{"line":12,"column":7},"end":{"line":12,"column":27}},{"start":{"line":12,"column":31},"end":{"line":12,"column":51}}]},"2":{"loc":{"start":{"line":24,"column":4},"end":{"line":24,"column":99}},"type":"if","locations":[{"start":{"line":24,"column":4},"end":{"line":24,"column":99}}]},"3":{"loc":{"start":{"line":24,"column":7},"end":{"line":24,"column":51}},"type":"binary-expr","locations":[{"start":{"line":24,"column":7},"end":{"line":24,"column":27}},{"start":{"line":24,"column":31},"end":{"line":24,"column":51}}]},"4":{"loc":{"start":{"line":29,"column":4},"end":{"line":29,"column":73}},"type":"if","locations":[{"start":{"line":29,"column":4},"end":{"line":29,"column":73}}]},"5":{"loc":{"start":{"line":40,"column":4},"end":{"line":40,"column":86}},"type":"if","locations":[{"start":{"line":40,"column":4},"end":{"line":40,"column":86}}]},"6":{"loc":{"start":{"line":40,"column":7},"end":{"line":40,"column":45}},"type":"binary-expr","locations":[{"start":{"line":40,"column":7},"end":{"line":40,"column":24}},{"start":{"line":40,"column":28},"end":{"line":40,"column":45}}]},"7":{"loc":{"start":{"line":45,"column":4},"end":{"line":59,"column":null}},"type":"switch","locations":[{"start":{"line":46,"column":8},"end":{"line":46,"column":18}},{"start":{"line":47,"column":8},"end":{"line":47,"column":18}},{"start":{"line":48,"column":8},"end":{"line":48,"column":18}},{"start":{"line":49,"column":8},"end":{"line":50,"column":60}},{"start":{"line":51,"column":8},"end":{"line":51,"column":18}},{"start":{"line":52,"column":8},"end":{"line":53,"column":60}},{"start":{"line":54,"column":8},"end":{"line":55,"column":60}},{"start":{"line":56,"column":8},"end":{"line":58,"column":24}}]},"8":{"loc":{"start":{"line":61,"column":60},"end":{"line":61,"column":78}},"type":"default-arg","locations":[{"start":{"line":61,"column":77},"end":{"line":61,"column":78}}]},"9":{"loc":{"start":{"line":64,"column":4},"end":{"line":81,"column":null}},"type":"if","locations":[{"start":{"line":64,"column":4},"end":{"line":81,"column":null}},{"start":{"line":72,"column":8},"end":{"line":81,"column":null}}]},"10":{"loc":{"start":{"line":70,"column":8},"end":{"line":70,"column":91}},"type":"if","locations":[{"start":{"line":70,"column":8},"end":{"line":70,"column":91}}]},"11":{"loc":{"start":{"line":78,"column":8},"end":{"line":78,"column":73}},"type":"if","locations":[{"start":{"line":78,"column":8},"end":{"line":78,"column":73}}]}},"s":{"0":1,"1":144,"2":144,"3":1,"4":5,"5":0,"6":5,"7":5,"8":5,"9":5,"10":1,"11":13,"12":0,"13":13,"14":13,"15":13,"16":13,"17":11,"18":2,"19":2,"20":2,"21":2,"22":1,"23":33,"24":32,"25":1,"26":31,"27":1,"28":80,"29":73,"30":5,"31":1,"32":1,"33":1,"34":1,"35":1,"36":277,"37":277,"38":277,"39":168,"40":1274,"41":1274,"42":1274,"43":168,"44":0,"45":109,"46":238,"47":238,"48":238,"49":109,"50":0,"51":109,"52":109,"53":277,"54":1,"55":47,"56":47,"57":47,"58":47,"59":1,"60":41,"61":41,"62":41,"63":41,"64":41,"65":374,"66":41,"67":41,"68":1,"69":0,"70":0,"71":0,"72":0,"73":0,"74":1},"f":{"0":144,"1":5,"2":13,"3":33,"4":80,"5":1,"6":277,"7":47,"8":41,"9":0,"10":0},"b":{"0":[0],"1":[5,0],"2":[0],"3":[13,2],"4":[11],"5":[1],"6":[32,13],"7":[35,49,60,73,2,5,1,1],"8":[109],"9":[168,109],"10":[0],"11":[0]}}
,"D:\\Coding\\wasmmts-A_wasm_interpreter\\src\\leb128ToInt.ts": {"path":"D:\\Coding\\wasmmts-A_wasm_interpreter\\src\\leb128ToInt.ts","statementMap":{"0":{"start":{"line":1,"column":34},"end":{"line":16,"column":3}},"1":{"start":{"line":2,"column":17},"end":{"line":2,"column":18}},"2":{"start":{"line":3,"column":16},"end":{"line":3,"column":17}},"3":{"start":{"line":4,"column":16},"end":{"line":4,"column":17}},"4":{"start":{"line":5,"column":4},"end":{"line":15,"column":null}},"5":{"start":{"line":6,"column":19},"end":{"line":6,"column":33}},"6":{"start":{"line":7,"column":6},"end":{"line":7,"column":39}},"7":{"start":{"line":8,"column":6},"end":{"line":8,"column":17}},"8":{"start":{"line":9,"column":6},"end":{"line":14,"column":null}},"9":{"start":{"line":13,"column":8},"end":{"line":13,"column":31}},"10":{"start":{"line":1,"column":13},"end":{"line":1,"column":34}}},"fnMap":{"0":{"name":"(anonymous_0)","decl":{"start":{"line":1,"column":34},"end":{"line":1,"column":35}},"loc":{"start":{"line":1,"column":74},"end":{"line":16,"column":3}}}},"branchMap":{"0":{"loc":{"start":{"line":9,"column":6},"end":{"line":14,"column":null}},"type":"if","locations":[{"start":{"line":9,"column":6},"end":{"line":14,"column":null}}]}},"s":{"0":1,"1":1306,"2":1306,"3":1306,"4":1306,"5":1321,"6":1321,"7":1321,"8":1321,"9":1306,"10":1},"f":{"0":1306},"b":{"0":[1306]}}
,"D:\\Coding\\wasmmts-A_wasm_interpreter\\src\\opcodes.ts": {"path":"D:\\Coding\\wasmmts-A_wasm_interpreter\\src\\opcodes.ts","statementMap":{"0":{"start":{"line":1,"column":0},"end":{"line":1,"column":null}},"1":{"start":{"line":3,"column":4},"end":{"line":3,"column":null}},"2":{"start":{"line":4,"column":4},"end":{"line":4,"column":null}},"3":{"start":{"line":5,"column":4},"end":{"line":5,"column":null}},"4":{"start":{"line":6,"column":4},"end":{"line":6,"column":null}},"5":{"start":{"line":7,"column":4},"end":{"line":7,"column":null}},"6":{"start":{"line":8,"column":4},"end":{"line":8,"column":null}},"7":{"start":{"line":9,"column":4},"end":{"line":9,"column":null}},"8":{"start":{"line":10,"column":4},"end":{"line":10,"column":null}},"9":{"start":{"line":11,"column":4},"end":{"line":11,"column":null}},"10":{"start":{"line":12,"column":4},"end":{"line":12,"column":null}},"11":{"start":{"line":13,"column":4},"end":{"line":13,"column":null}},"12":{"start":{"line":14,"column":4},"end":{"line":14,"column":null}},"13":{"start":{"line":15,"column":4},"end":{"line":15,"column":null}},"14":{"start":{"line":18,"column":4},"end":{"line":18,"column":null}},"15":{"start":{"line":19,"column":4},"end":{"line":19,"column":null}},"16":{"start":{"line":22,"column":4},"end":{"line":22,"column":null}},"17":{"start":{"line":23,"column":4},"end":{"line":23,"column":null}},"18":{"start":{"line":24,"column":4},"end":{"line":24,"column":null}},"19":{"start":{"line":25,"column":4},"end":{"line":25,"column":null}},"20":{"start":{"line":26,"column":4},"end":{"line":26,"column":null}},"21":{"start":{"line":29,"column":4},"end":{"line":29,"column":null}},"22":{"start":{"line":30,"column":4},"end":{"line":30,"column":null}},"23":{"start":{"line":31,"column":4},"end":{"line":31,"column":null}},"24":{"start":{"line":32,"column":4},"end":{"line":32,"column":null}},"25":{"start":{"line":33,"column":4},"end":{"line":33,"column":null}},"26":{"start":{"line":34,"column":4},"end":{"line":34,"column":null}},"27":{"start":{"line":35,"column":4},"end":{"line":35,"column":null}},"28":{"start":{"line":36,"column":4},"end":{"line":36,"column":null}},"29":{"start":{"line":37,"column":4},"end":{"line":37,"column":null}},"30":{"start":{"line":38,"column":4},"end":{"line":38,"column":null}},"31":{"start":{"line":39,"column":4},"end":{"line":39,"column":null}},"32":{"start":{"line":40,"column":4},"end":{"line":40,"column":null}},"33":{"start":{"line":41,"column":4},"end":{"line":41,"column":null}},"34":{"start":{"line":42,"column":4},"end":{"line":42,"column":null}},"35":{"start":{"line":43,"column":4},"end":{"line":43,"column":null}},"36":{"start":{"line":44,"column":4},"end":{"line":44,"column":null}},"37":{"start":{"line":45,"column":4},"end":{"line":45,"column":null}},"38":{"start":{"line":46,"column":4},"end":{"line":46,"column":null}},"39":{"start":{"line":47,"column":4},"end":{"line":47,"column":null}},"40":{"start":{"line":48,"column":4},"end":{"line":48,"column":null}},"41":{"start":{"line":49,"column":4},"end":{"line":49,"column":null}},"42":{"start":{"line":50,"column":4},"end":{"line":50,"column":null}},"43":{"start":{"line":51,"column":4},"end":{"line":51,"column":null}},"44":{"start":{"line":52,"column":4},"end":{"line":52,"column":null}},"45":{"start":{"line":53,"column":4},"end":{"line":53,"column":null}},"46":{"start":{"line":56,"column":4},"end":{"line":56,"column":null}},"47":{"start":{"line":57,"column":4},"end":{"line":57,"column":null}},"48":{"start":{"line":58,"column":4},"end":{"line":58,"column":null}},"49":{"start":{"line":59,"column":4},"end":{"line":59,"column":null}},"50":{"start":{"line":61,"column":4},"end":{"line":61,"column":null}},"51":{"start":{"line":62,"column":4},"end":{"line":62,"column":null}},"52":{"start":{"line":63,"column":4},"end":{"line":63,"column":null}},"53":{"start":{"line":64,"column":4},"end":{"line":64,"column":null}},"54":{"start":{"line":65,"column":4},"end":{"line":65,"column":null}},"55":{"start":{"line":66,"column":4},"end":{"line":66,"column":null}},"56":{"start":{"line":67,"column":4},"end":{"line":67,"column":null}},"57":{"start":{"line":68,"column":4},"end":{"line":68,"column":null}},"58":{"start":{"line":69,"column":4},"end":{"line":69,"column":null}},"59":{"start":{"line":70,"column":4},"end":{"line":70,"column":null}},"60":{"start":{"line":71,"column":4},"end":{"line":71,"column":null}},"61":{"start":{"line":73,"column":4},"end":{"line":73,"column":null}},"62":{"start":{"line":74,"column":4},"end":{"line":74,"column":null}},"63":{"start":{"line":75,"column":4},"end":{"line":75,"column":null}},"64":{"start":{"line":76,"column":4},"end":{"line":76,"column":null}},"65":{"start":{"line":77,"column":4},"end":{"line":77,"column":null}},"66":{"start":{"line":78,"column":4},"end":{"line":78,"column":null}},"67":{"start":{"line":79,"column":4},"end":{"line":79,"column":null}},"68":{"start":{"line":80,"column":4},"end":{"line":80,"column":null}},"69":{"start":{"line":81,"column":4},"end":{"line":81,"column":null}},"70":{"start":{"line":82,"column":4},"end":{"line":82,"column":null}},"71":{"start":{"line":83,"column":4},"end":{"line":83,"column":null}},"72":{"start":{"line":85,"column":4},"end":{"line":85,"column":null}},"73":{"start":{"line":86,"column":4},"end":{"line":86,"column":null}},"74":{"start":{"line":87,"column":4},"end":{"line":87,"column":null}},"75":{"start":{"line":88,"column":4},"end":{"line":88,"column":null}},"76":{"start":{"line":89,"column":4},"end":{"line":89,"column":null}},"77":{"start":{"line":90,"column":4},"end":{"line":90,"column":null}},"78":{"start":{"line":92,"column":4},"end":{"line":92,"column":null}},"79":{"start":{"line":93,"column":4},"end":{"line":93,"column":null}},"80":{"start":{"line":94,"column":4},"end":{"line":94,"column":null}},"81":{"start":{"line":95,"column":4},"end":{"line":95,"column":null}},"82":{"start":{"line":96,"column":4},"end":{"line":96,"column":null}},"83":{"start":{"line":97,"column":4},"end":{"line":97,"column":null}},"84":{"start":{"line":99,"column":4},"end":{"line":99,"column":null}},"85":{"start":{"line":100,"column":4},"end":{"line":100,"column":null}},"86":{"start":{"line":101,"column":4},"end":{"line":101,"column":null}},"87":{"start":{"line":102,"column":4},"end":{"line":102,"column":null}},"88":{"start":{"line":103,"column":4},"end":{"line":103,"column":null}},"89":{"start":{"line":104,"column":4},"end":{"line":104,"column":null}},"90":{"start":{"line":105,"column":4},"end":{"line":105,"column":null}},"91":{"start":{"line":106,"column":4},"end":{"line":106,"column":null}},"92":{"start":{"line":107,"column":4},"end":{"line":107,"column":null}},"93":{"start":{"line":108,"column":4},"end":{"line":108,"column":null}},"94":{"start":{"line":109,"column":4},"end":{"line":109,"column":null}},"95":{"start":{"line":110,"column":4},"end":{"line":110,"column":null}},"96":{"start":{"line":111,"column":4},"end":{"line":111,"column":null}},"97":{"start":{"line":112,"column":4},"end":{"line":112,"column":null}},"98":{"start":{"line":113,"column":4},"end":{"line":113,"column":null}},"99":{"start":{"line":114,"column":4},"end":{"line":114,"column":null}},"100":{"start":{"line":115,"column":4},"end":{"line":115,"column":null}},"101":{"start":{"line":116,"column":4},"end":{"line":116,"column":null}},"102":{"start":{"line":118,"column":4},"end":{"line":118,"column":null}},"103":{"start":{"line":119,"column":4},"end":{"line":119,"column":null}},"104":{"start":{"line":120,"column":4},"end":{"line":120,"column":null}},"105":{"start":{"line":121,"column":4},"end":{"line":121,"column":null}},"106":{"start":{"line":122,"column":4},"end":{"line":122,"column":null}},"107":{"start":{"line":123,"column":4},"end":{"line":123,"column":null}},"108":{"start":{"line":124,"column":4},"end":{"line":124,"column":null}},"109":{"start":{"line":125,"column":4},"end":{"line":125,"column":null}},"110":{"start":{"line":126,"column":4},"end":{"line":126,"column":null}},"111":{"start":{"line":127,"column":4},"end":{"line":127,"column":null}},"112":{"start":{"line":128,"column":4},"end":{"line":128,"column":null}},"113":{"start":{"line":129,"column":4},"end":{"line":129,"column":null}},"114":{"start":{"line":130,"column":4},"end":{"line":130,"column":null}},"115":{"start":{"line":131,"column":4},"end":{"line":131,"column":null}},"116":{"start":{"line":132,"column":4},"end":{"line":132,"column":null}},"117":{"start":{"line":133,"column":4},"end":{"line":133,"column":null}},"118":{"start":{"line":134,"column":4},"end":{"line":134,"column":null}},"119":{"start":{"line":135,"column":4},"end":{"line":135,"column":null}},"120":{"start":{"line":137,"column":4},"end":{"line":137,"column":null}},"121":{"start":{"line":138,"column":4},"end":{"line":138,"column":null}},"122":{"start":{"line":139,"column":4},"end":{"line":139,"column":null}},"123":{"start":{"line":140,"column":4},"end":{"line":140,"column":null}},"124":{"start":{"line":141,"column":4},"end":{"line":141,"column":null}},"125":{"start":{"line":142,"column":4},"end":{"line":142,"column":null}},"126":{"start":{"line":143,"column":4},"end":{"line":143,"column":null}},"127":{"start":{"line":144,"column":4},"end":{"line":144,"column":null}},"128":{"start":{"line":145,"column":4},"end":{"line":145,"column":null}},"129":{"start":{"line":146,"column":4},"end":{"line":146,"column":null}},"130":{"start":{"line":147,"column":4},"end":{"line":147,"column":null}},"131":{"start":{"line":148,"column":4},"end":{"line":148,"column":null}},"132":{"start":{"line":149,"column":4},"end":{"line":149,"column":null}},"133":{"start":{"line":150,"column":4},"end":{"line":150,"column":null}},"134":{"start":{"line":152,"column":4},"end":{"line":152,"column":null}},"135":{"start":{"line":153,"column":4},"end":{"line":153,"column":null}},"136":{"start":{"line":154,"column":4},"end":{"line":154,"column":null}},"137":{"start":{"line":155,"column":4},"end":{"line":155,"column":null}},"138":{"start":{"line":156,"column":4},"end":{"line":156,"column":null}},"139":{"start":{"line":157,"column":4},"end":{"line":157,"column":null}},"140":{"start":{"line":158,"column":4},"end":{"line":158,"column":null}},"141":{"start":{"line":159,"column":4},"end":{"line":159,"column":null}},"142":{"start":{"line":160,"column":4},"end":{"line":160,"column":null}},"143":{"start":{"line":161,"column":4},"end":{"line":161,"column":null}},"144":{"start":{"line":162,"column":4},"end":{"line":162,"column":null}},"145":{"start":{"line":163,"column":4},"end":{"line":163,"column":null}},"146":{"start":{"line":164,"column":4},"end":{"line":164,"column":null}},"147":{"start":{"line":165,"column":4},"end":{"line":165,"column":null}},"148":{"start":{"line":167,"column":4},"end":{"line":167,"column":null}},"149":{"start":{"line":168,"column":4},"end":{"line":168,"column":null}},"150":{"start":{"line":169,"column":4},"end":{"line":169,"column":null}},"151":{"start":{"line":170,"column":4},"end":{"line":170,"column":null}},"152":{"start":{"line":171,"column":4},"end":{"line":171,"column":null}},"153":{"start":{"line":172,"column":4},"end":{"line":172,"column":null}},"154":{"start":{"line":173,"column":4},"end":{"line":173,"column":null}},"155":{"start":{"line":174,"column":4},"end":{"line":174,"column":null}},"156":{"start":{"line":175,"column":4},"end":{"line":175,"column":null}},"157":{"start":{"line":176,"column":4},"end":{"line":176,"column":null}},"158":{"start":{"line":177,"column":4},"end":{"line":177,"column":null}},"159":{"start":{"line":178,"column":4},"end":{"line":178,"column":null}},"160":{"start":{"line":179,"column":4},"end":{"line":179,"column":null}},"161":{"start":{"line":180,"column":4},"end":{"line":180,"column":null}},"162":{"start":{"line":181,"column":4},"end":{"line":181,"column":null}},"163":{"start":{"line":182,"column":4},"end":{"line":182,"column":null}},"164":{"start":{"line":183,"column":4},"end":{"line":183,"column":null}},"165":{"start":{"line":184,"column":4},"end":{"line":184,"column":null}},"166":{"start":{"line":185,"column":4},"end":{"line":185,"column":null}},"167":{"start":{"line":186,"column":4},"end":{"line":186,"column":null}},"168":{"start":{"line":187,"column":4},"end":{"line":187,"column":null}},"169":{"start":{"line":188,"column":4},"end":{"line":188,"column":null}},"170":{"start":{"line":189,"column":4},"end":{"line":189,"column":null}},"171":{"start":{"line":190,"column":4},"end":{"line":190,"column":null}},"172":{"start":{"line":191,"column":4},"end":{"line":191,"column":null}},"173":{"start":{"line":192,"column":4},"end":{"line":192,"column":null}},"174":{"start":{"line":193,"column":4},"end":{"line":193,"column":null}},"175":{"start":{"line":194,"column":4},"end":{"line":194,"column":null}},"176":{"start":{"line":195,"column":4},"end":{"line":195,"column":null}},"177":{"start":{"line":196,"column":4},"end":{"line":196,"column":null}}},"fnMap":{"0":{"name":"(anonymous_0)","decl":{"start":{"line":1,"column":0},"end":{"line":1,"column":5}},"loc":{"start":{"line":1,"column":11},"end":{"line":199,"column":1}}}},"branchMap":{"0":{"loc":{"start":{"line":1,"column":5},"end":{"line":1,"column":null}},"type":"binary-expr","locations":[{"start":{"line":1,"column":5},"end":{"line":1,"column":11}},{"start":{"line":1,"column":5},"end":{"line":1,"column":null}}]}},"s":{"0":0,"1":0,"2":0,"3":0,"4":0,"5":0,"6":0,"7":0,"8":0,"9":0,"10":0,"11":0,"12":0,"13":0,"14":0,"15":0,"16":0,"17":0,"18":0,"19":0,"20":0,"21":0,"22":0,"23":0,"24":0,"25":0,"26":0,"27":0,"28":0,"29":0,"30":0,"31":0,"32":0,"33":0,"34":0,"35":0,"36":0,"37":0,"38":0,"39":0,"40":0,"41":0,"42":0,"43":0,"44":0,"45":0,"46":0,"47":0,"48":0,"49":0,"50":0,"51":0,"52":0,"53":0,"54":0,"55":0,"56":0,"57":0,"58":0,"59":0,"60":0,"61":0,"62":0,"63":0,"64":0,"65":0,"66":0,"67":0,"68":0,"69":0,"70":0,"71":0,"72":0,"73":0,"74":0,"75":0,"76":0,"77":0,"78":0,"79":0,"80":0,"81":0,"82":0,"83":0,"84":0,"85":0,"86":0,"87":0,"88":0,"89":0,"90":0,"91":0,"92":0,"93":0,"94":0,"95":0,"96":0,"97":0,"98":0,"99":0,"100":0,"101":0,"102":0,"103":0,"104":0,"105":0,"106":0,"107":0,"108":0,"109":0,"110":0,"111":0,"112":0,"113":0,"114":0,"115":0,"116":0,"117":0,"118":0,"119":0,"120":0,"121":0,"122":0,"123":0,"124":0,"125":0,"126":0,"127":0,"128":0,"129":0,"130":0,"131":0,"132":0,"133":0,"134":0,"135":0,"136":0,"137":0,"138":0,"139":0,"140":0,"141":0,"142":0,"143":0,"144":0,"145":0,"146":0,"147":0,"148":0,"149":0,"150":0,"151":0,"152":0,"153":0,"154":0,"155":0,"156":0,"157":0,"158":0,"159":0,"160":0,"161":0,"162":0,"163":0,"164":0,"165":0,"166":0,"167":0,"168":0,"169":0,"170":0,"171":0,"172":0,"173":0,"174":0,"175":0,"176":0,"177":0},"f":{"0":0},"b":{"0":[0,0]}}
,"D:\\Coding\\wasmmts-A_wasm_interpreter\\src\\parser.ts": {"path":"D:\\Coding\\wasmmts-A_wasm_interpreter\\src\\parser.ts","statementMap":{"0":{"start":{"line":2,"column":0},"end":{"line":2,"column":39}},"1":{"start":{"line":4,"column":0},"end":{"line":4,"column":60}},"2":{"start":{"line":5,"column":0},"end":{"line":5,"column":35}},"3":{"start":{"line":6,"column":0},"end":{"line":6,"column":45}},"4":{"start":{"line":10,"column":32},"end":{"line":10,"column":47}},"5":{"start":{"line":10,"column":56},"end":{"line":10,"column":90}},"6":{"start":{"line":9,"column":0},"end":{"line":9,"column":13}},"7":{"start":{"line":13,"column":23},"end":{"line":13,"column":46}},"8":{"start":{"line":13,"column":55},"end":{"line":13,"column":67}},"9":{"start":{"line":13,"column":76},"end":{"line":13,"column":99}},"10":{"start":{"line":12,"column":0},"end":{"line":12,"column":13}},"11":{"start":{"line":20,"column":8},"end":{"line":20,"column":33}},"12":{"start":{"line":18,"column":23},"end":{"line":18,"column":55}},"13":{"start":{"line":18,"column":64},"end":{"line":18,"column":76}},"14":{"start":{"line":18,"column":85},"end":{"line":18,"column":101}},"15":{"start":{"line":17,"column":0},"end":{"line":17,"column":13}},"16":{"start":{"line":26,"column":8},"end":{"line":26,"column":33}},"17":{"start":{"line":24,"column":23},"end":{"line":24,"column":53}},"18":{"start":{"line":24,"column":62},"end":{"line":24,"column":74}},"19":{"start":{"line":24,"column":83},"end":{"line":24,"column":108}},"20":{"start":{"line":23,"column":0},"end":{"line":23,"column":13}},"21":{"start":{"line":32,"column":8},"end":{"line":32,"column":33}},"22":{"start":{"line":30,"column":23},"end":{"line":30,"column":55}},"23":{"start":{"line":30,"column":64},"end":{"line":30,"column":76}},"24":{"start":{"line":30,"column":85},"end":{"line":30,"column":109}},"25":{"start":{"line":29,"column":0},"end":{"line":29,"column":13}},"26":{"start":{"line":38,"column":8},"end":{"line":38,"column":33}},"27":{"start":{"line":36,"column":23},"end":{"line":36,"column":57}},"28":{"start":{"line":36,"column":66},"end":{"line":36,"column":78}},"29":{"start":{"line":36,"column":87},"end":{"line":36,"column":104}},"30":{"start":{"line":35,"column":0},"end":{"line":35,"column":13}},"31":{"start":{"line":44,"column":8},"end":{"line":44,"column":33}},"32":{"start":{"line":42,"column":23},"end":{"line":42,"column":54}},"33":{"start":{"line":42,"column":63},"end":{"line":42,"column":75}},"34":{"start":{"line":42,"column":84},"end":{"line":42,"column":110}},"35":{"start":{"line":41,"column":0},"end":{"line":41,"column":13}},"36":{"start":{"line":50,"column":8},"end":{"line":50,"column":33}},"37":{"start":{"line":48,"column":23},"end":{"line":48,"column":55}},"38":{"start":{"line":48,"column":64},"end":{"line":48,"column":76}},"39":{"start":{"line":48,"column":85},"end":{"line":48,"column":108}},"40":{"start":{"line":47,"column":0},"end":{"line":47,"column":13}},"41":{"start":{"line":56,"column":8},"end":{"line":56,"column":33}},"42":{"start":{"line":54,"column":23},"end":{"line":54,"column":55}},"43":{"start":{"line":54,"column":64},"end":{"line":54,"column":76}},"44":{"start":{"line":54,"column":85},"end":{"line":54,"column":108}},"45":{"start":{"line":53,"column":0},"end":{"line":53,"column":13}},"46":{"start":{"line":62,"column":8},"end":{"line":62,"column":33}},"47":{"start":{"line":60,"column":23},"end":{"line":60,"column":55}},"48":{"start":{"line":60,"column":64},"end":{"line":60,"column":76}},"49":{"start":{"line":60,"column":85},"end":{"line":60,"column":109}},"50":{"start":{"line":59,"column":0},"end":{"line":59,"column":13}},"51":{"start":{"line":68,"column":8},"end":{"line":68,"column":33}},"52":{"start":{"line":66,"column":23},"end":{"line":66,"column":54}},"53":{"start":{"line":66,"column":63},"end":{"line":66,"column":75}},"54":{"start":{"line":66,"column":84},"end":{"line":66,"column":106}},"55":{"start":{"line":65,"column":0},"end":{"line":65,"column":13}},"56":{"start":{"line":74,"column":8},"end":{"line":74,"column":33}},"57":{"start":{"line":72,"column":23},"end":{"line":72,"column":56}},"58":{"start":{"line":72,"column":65},"end":{"line":72,"column":77}},"59":{"start":{"line":72,"column":86},"end":{"line":72,"column":107}},"60":{"start":{"line":71,"column":0},"end":{"line":71,"column":13}},"61":{"start":{"line":80,"column":8},"end":{"line":80,"column":33}},"62":{"start":{"line":78,"column":23},"end":{"line":78,"column":53}},"63":{"start":{"line":78,"column":62},"end":{"line":78,"column":74}},"64":{"start":{"line":78,"column":83},"end":{"line":78,"column":104}},"65":{"start":{"line":77,"column":0},"end":{"line":77,"column":13}},"66":{"start":{"line":86,"column":8},"end":{"line":86,"column":33}},"67":{"start":{"line":84,"column":23},"end":{"line":84,"column":53}},"68":{"start":{"line":84,"column":62},"end":{"line":84,"column":74}},"69":{"start":{"line":84,"column":83},"end":{"line":84,"column":104}},"70":{"start":{"line":83,"column":0},"end":{"line":83,"column":13}},"71":{"start":{"line":92,"column":8},"end":{"line":92,"column":33}},"72":{"start":{"line":90,"column":23},"end":{"line":90,"column":58}},"73":{"start":{"line":90,"column":67},"end":{"line":90,"column":79}},"74":{"start":{"line":90,"column":88},"end":{"line":90,"column":110}},"75":{"start":{"line":89,"column":0},"end":{"line":89,"column":13}},"76":{"start":{"line":100,"column":21},"end":{"line":100,"column":69}},"77":{"start":{"line":102,"column":4},"end":{"line":104,"column":null}},"78":{"start":{"line":102,"column":17},"end":{"line":102,"column":18}},"79":{"start":{"line":103,"column":8},"end":{"line":103,"column":83}},"80":{"start":{"line":103,"column":36},"end":{"line":103,"column":83}},"81":{"start":{"line":105,"column":23},"end":{"line":105,"column":24}},"82":{"start":{"line":106,"column":35},"end":{"line":106,"column":37}},"83":{"start":{"line":107,"column":4},"end":{"line":113,"column":null}},"84":{"start":{"line":109,"column":28},"end":{"line":109,"column":61}},"85":{"start":{"line":111,"column":8},"end":{"line":111,"column":31}},"86":{"start":{"line":112,"column":8},"end":{"line":112,"column":26}},"87":{"start":{"line":115,"column":4},"end":{"line":115,"column":55}},"88":{"start":{"line":98,"column":0},"end":{"line":98,"column":16}},"89":{"start":{"line":119,"column":22},"end":{"line":119,"column":34}},"90":{"start":{"line":120,"column":4},"end":{"line":120,"column":12}},"91":{"start":{"line":122,"column":29},"end":{"line":122,"column":66}},"92":{"start":{"line":128,"column":4},"end":{"line":153,"column":null}},"93":{"start":{"line":129,"column":37},"end":{"line":129,"column":145}},"94":{"start":{"line":130,"column":35},"end":{"line":130,"column":135}},"95":{"start":{"line":131,"column":37},"end":{"line":131,"column":141}},"96":{"start":{"line":132,"column":39},"end":{"line":132,"column":147}},"97":{"start":{"line":133,"column":36},"end":{"line":133,"column":138}},"98":{"start":{"line":134,"column":37},"end":{"line":134,"column":141}},"99":{"start":{"line":135,"column":37},"end":{"line":135,"column":141}},"100":{"start":{"line":136,"column":37},"end":{"line":136,"column":141}},"101":{"start":{"line":138,"column":12},"end":{"line":138,"column":94}},"102":{"start":{"line":138,"column":29},"end":{"line":138,"column":94}},"103":{"start":{"line":139,"column":40},"end":{"line":139,"column":79}},"104":{"start":{"line":140,"column":12},"end":{"line":140,"column":88}},"105":{"start":{"line":142,"column":38},"end":{"line":142,"column":144}},"106":{"start":{"line":143,"column":35},"end":{"line":143,"column":135}},"107":{"start":{"line":144,"column":35},"end":{"line":144,"column":135}},"108":{"start":{"line":146,"column":12},"end":{"line":146,"column":98}},"109":{"start":{"line":146,"column":29},"end":{"line":146,"column":98}},"110":{"start":{"line":147,"column":40},"end":{"line":147,"column":79}},"111":{"start":{"line":148,"column":12},"end":{"line":148,"column":92}},"112":{"start":{"line":152,"column":17},"end":{"line":152,"column":36}},"113":{"start":{"line":118,"column":0},"end":{"line":118,"column":16}}},"fnMap":{"0":{"name":"(anonymous_6)","decl":{"start":{"line":10,"column":4},"end":{"line":10,"column":32}},"loc":{"start":{"line":10,"column":90},"end":{"line":10,"column":93}}},"1":{"name":"(anonymous_7)","decl":{"start":{"line":13,"column":4},"end":{"line":13,"column":23}},"loc":{"start":{"line":13,"column":99},"end":{"line":13,"column":102}}},"2":{"name":"(anonymous_8)","decl":{"start":{"line":18,"column":4},"end":{"line":18,"column":23}},"loc":{"start":{"line":18,"column":101},"end":{"line":21,"column":5}}},"3":{"name":"(anonymous_9)","decl":{"start":{"line":24,"column":4},"end":{"line":24,"column":23}},"loc":{"start":{"line":24,"column":108},"end":{"line":27,"column":5}}},"4":{"name":"(anonymous_10)","decl":{"start":{"line":30,"column":4},"end":{"line":30,"column":23}},"loc":{"start":{"line":30,"column":109},"end":{"line":33,"column":5}}},"5":{"name":"(anonymous_11)","decl":{"start":{"line":36,"column":4},"end":{"line":36,"column":23}},"loc":{"start":{"line":36,"column":104},"end":{"line":39,"column":5}}},"6":{"name":"(anonymous_12)","decl":{"start":{"line":42,"column":4},"end":{"line":42,"column":23}},"loc":{"start":{"line":42,"column":110},"end":{"line":45,"column":5}}},"7":{"name":"(anonymous_13)","decl":{"start":{"line":48,"column":4},"end":{"line":48,"column":23}},"loc":{"start":{"line":48,"column":108},"end":{"line":51,"column":5}}},"8":{"name":"(anonymous_14)","decl":{"start":{"line":54,"column":4},"end":{"line":54,"column":23}},"loc":{"start":{"line":54,"column":108},"end":{"line":57,"column":5}}},"9":{"name":"(anonymous_15)","decl":{"start":{"line":60,"column":4},"end":{"line":60,"column":23}},"loc":{"start":{"line":60,"column":109},"end":{"line":63,"column":5}}},"10":{"name":"(anonymous_16)","decl":{"start":{"line":66,"column":4},"end":{"line":66,"column":23}},"loc":{"start":{"line":66,"column":106},"end":{"line":69,"column":5}}},"11":{"name":"(anonymous_17)","decl":{"start":{"line":72,"column":4},"end":{"line":72,"column":23}},"loc":{"start":{"line":72,"column":107},"end":{"line":75,"column":5}}},"12":{"name":"(anonymous_18)","decl":{"start":{"line":78,"column":4},"end":{"line":78,"column":23}},"loc":{"start":{"line":78,"column":104},"end":{"line":81,"column":5}}},"13":{"name":"(anonymous_19)","decl":{"start":{"line":84,"column":4},"end":{"line":84,"column":23}},"loc":{"start":{"line":84,"column":104},"end":{"line":87,"column":5}}},"14":{"name":"(anonymous_20)","decl":{"start":{"line":90,"column":4},"end":{"line":90,"column":23}},"loc":{"start":{"line":90,"column":110},"end":{"line":93,"column":5}}},"15":{"name":"parseModule","decl":{"start":{"line":98,"column":16},"end":{"line":98,"column":27}},"loc":{"start":{"line":98,"column":45},"end":{"line":116,"column":1}}},"16":{"name":"parseSection","decl":{"start":{"line":118,"column":16},"end":{"line":118,"column":28}},"loc":{"start":{"line":118,"column":61},"end":{"line":155,"column":1}}}},"branchMap":{"0":{"loc":{"start":{"line":103,"column":8},"end":{"line":103,"column":83}},"type":"if","locations":[{"start":{"line":103,"column":8},"end":{"line":103,"column":83}}]},"1":{"loc":{"start":{"line":128,"column":4},"end":{"line":153,"column":null}},"type":"switch","locations":[{"start":{"line":129,"column":8},"end":{"line":129,"column":145}},{"start":{"line":130,"column":8},"end":{"line":130,"column":135}},{"start":{"line":131,"column":8},"end":{"line":131,"column":141}},{"start":{"line":132,"column":8},"end":{"line":132,"column":147}},{"start":{"line":133,"column":8},"end":{"line":133,"column":138}},{"start":{"line":134,"column":8},"end":{"line":134,"column":141}},{"start":{"line":135,"column":8},"end":{"line":135,"column":141}},{"start":{"line":136,"column":8},"end":{"line":136,"column":141}},{"start":{"line":137,"column":8},"end":{"line":141,"column":null}},{"start":{"line":142,"column":8},"end":{"line":142,"column":144}},{"start":{"line":143,"column":8},"end":{"line":143,"column":135}},{"start":{"line":144,"column":8},"end":{"line":144,"column":135}},{"start":{"line":145,"column":8},"end":{"line":149,"column":null}},{"start":{"line":152,"column":8},"end":{"line":152,"column":36}}]},"2":{"loc":{"start":{"line":138,"column":12},"end":{"line":138,"column":94}},"type":"if","locations":[{"start":{"line":138,"column":12},"end":{"line":138,"column":94}}]},"3":{"loc":{"start":{"line":146,"column":12},"end":{"line":146,"column":98}},"type":"if","locations":[{"start":{"line":146,"column":12},"end":{"line":146,"column":98}}]}},"s":{"0":1,"1":1,"2":1,"3":1,"4":11,"5":11,"6":1,"7":59,"8":59,"9":59,"10":1,"11":8,"12":8,"13":8,"14":8,"15":1,"16":9,"17":9,"18":9,"19":9,"20":1,"21":4,"22":4,"23":4,"24":4,"25":1,"26":8,"27":8,"28":8,"29":8,"30":1,"31":4,"32":4,"33":4,"34":4,"35":1,"36":5,"37":5,"38":5,"39":5,"40":1,"41":2,"42":2,"43":2,"44":2,"45":1,"46":6,"47":6,"48":6,"49":6,"50":1,"51":1,"52":1,"53":1,"54":1,"55":1,"56":2,"57":2,"58":2,"59":2,"60":1,"61":8,"62":8,"63":8,"64":8,"65":1,"66":2,"67":2,"68":2,"69":2,"70":1,"71":0,"72":0,"73":0,"74":0,"75":1,"76":11,"77":11,"78":11,"79":88,"80":0,"81":11,"82":11,"83":11,"84":59,"85":59,"86":59,"87":11,"88":1,"89":59,"90":59,"91":59,"92":59,"93":8,"94":9,"95":4,"96":8,"97":4,"98":5,"99":2,"100":6,"101":1,"102":0,"103":1,"104":1,"105":2,"106":8,"107":2,"108":0,"109":0,"110":0,"111":0,"112":0,"113":1},"f":{"0":11,"1":59,"2":8,"3":9,"4":4,"5":8,"6":4,"7":5,"8":2,"9":6,"10":1,"11":2,"12":8,"13":2,"14":0,"15":11,"16":59},"b":{"0":[0],"1":[8,9,4,8,4,5,2,6,1,2,8,2,0,0],"2":[0],"3":[0]}}
,"D:\\Coding\\wasmmts-A_wasm_interpreter\\src\\types.ts": {"path":"D:\\Coding\\wasmmts-A_wasm_interpreter\\src\\types.ts","statementMap":{"0":{"start":{"line":12,"column":0},"end":{"line":12,"column":null}},"1":{"start":{"line":13,"column":4},"end":{"line":13,"column":null}},"2":{"start":{"line":14,"column":4},"end":{"line":14,"column":null}},"3":{"start":{"line":15,"column":4},"end":{"line":15,"column":null}},"4":{"start":{"line":16,"column":4},"end":{"line":16,"column":null}},"5":{"start":{"line":17,"column":4},"end":{"line":17,"column":null}},"6":{"start":{"line":18,"column":4},"end":{"line":18,"column":null}},"7":{"start":{"line":19,"column":4},"end":{"line":19,"column":null}},"8":{"start":{"line":20,"column":4},"end":{"line":20,"column":null}},"9":{"start":{"line":21,"column":4},"end":{"line":21,"column":null}},"10":{"start":{"line":22,"column":4},"end":{"line":22,"column":null}},"11":{"start":{"line":23,"column":4},"end":{"line":23,"column":null}},"12":{"start":{"line":24,"column":4},"end":{"line":24,"column":null}},"13":{"start":{"line":25,"column":4},"end":{"line":25,"column":null}}},"fnMap":{"0":{"name":"(anonymous_0)","decl":{"start":{"line":12,"column":0},"end":{"line":12,"column":12}},"loc":{"start":{"line":12,"column":25},"end":{"line":26,"column":1}}}},"branchMap":{"0":{"loc":{"start":{"line":12,"column":12},"end":{"line":12,"column":null}},"type":"binary-expr","locations":[{"start":{"line":12,"column":12},"end":{"line":12,"column":25}},{"start":{"line":12,"column":12},"end":{"line":12,"column":null}}]}},"s":{"0":1,"1":1,"2":1,"3":1,"4":1,"5":1,"6":1,"7":1,"8":1,"9":1,"10":1,"11":1,"12":1,"13":1},"f":{"0":1},"b":{"0":[1,1]}}
}
