{"D:\\Coding\\wasmmts-A_wasm_interpreter\\src\\bodyParser.ts": {"path":"D:\\Coding\\wasmmts-A_wasm_interpreter\\src\\bodyParser.ts","statementMap":{"0":{"start":{"line":1,"column":0},"end":{"line":1,"column":61}},"1":{"start":{"line":3,"column":0},"end":{"line":3,"column":45}},"2":{"start":{"line":14,"column":4},"end":{"line":14,"column":16}},"3":{"start":{"line":13,"column":0},"end":{"line":13,"column":16}},"4":{"start":{"line":25,"column":26},"end":{"line":25,"column":63}},"5":{"start":{"line":26,"column":4},"end":{"line":26,"column":18}},"6":{"start":{"line":27,"column":24},"end":{"line":27,"column":39}},"7":{"start":{"line":29,"column":4},"end":{"line":55,"column":null}},"8":{"start":{"line":29,"column":17},"end":{"line":29,"column":18}},"9":{"start":{"line":30,"column":8},"end":{"line":30,"column":null}},"10":{"start":{"line":30,"column":33},"end":{"line":30,"column":null}},"11":{"start":{"line":31,"column":8},"end":{"line":31,"column":16}},"12":{"start":{"line":33,"column":32},"end":{"line":33,"column":38}},"13":{"start":{"line":36,"column":8},"end":{"line":43,"column":null}},"14":{"start":{"line":36,"column":30},"end":{"line":36,"column":38}},"15":{"start":{"line":39,"column":12},"end":{"line":39,"column":70}},"16":{"start":{"line":40,"column":12},"end":{"line":40,"column":27}},"17":{"start":{"line":41,"column":12},"end":{"line":41,"column":64}},"18":{"start":{"line":42,"column":12},"end":{"line":42,"column":26}},"19":{"start":{"line":44,"column":8},"end":{"line":51,"column":null}},"20":{"start":{"line":44,"column":30},"end":{"line":44,"column":38}},"21":{"start":{"line":47,"column":12},"end":{"line":47,"column":70}},"22":{"start":{"line":48,"column":12},"end":{"line":48,"column":27}},"23":{"start":{"line":49,"column":12},"end":{"line":49,"column":65}},"24":{"start":{"line":50,"column":12},"end":{"line":50,"column":26}},"25":{"start":{"line":53,"column":36},"end":{"line":53,"column":74}},"26":{"start":{"line":54,"column":8},"end":{"line":54,"column":30}},"27":{"start":{"line":56,"column":4},"end":{"line":56,"column":23}},"28":{"start":{"line":23,"column":0},"end":{"line":23,"column":16}},"29":{"start":{"line":62,"column":26},"end":{"line":62,"column":63}},"30":{"start":{"line":63,"column":4},"end":{"line":63,"column":18}},"31":{"start":{"line":64,"column":22},"end":{"line":64,"column":37}},"32":{"start":{"line":66,"column":4},"end":{"line":87,"column":null}},"33":{"start":{"line":66,"column":17},"end":{"line":66,"column":18}},"34":{"start":{"line":69,"column":8},"end":{"line":69,"column":61}},"35":{"start":{"line":72,"column":8},"end":{"line":72,"column":59}},"36":{"start":{"line":74,"column":8},"end":{"line":74,"column":150}},"37":{"start":{"line":74,"column":93},"end":{"line":74,"column":150}},"38":{"start":{"line":84,"column":8},"end":{"line":84,"column":60}},"39":{"start":{"line":85,"column":43},"end":{"line":85,"column":87}},"40":{"start":{"line":86,"column":8},"end":{"line":86,"column":36}},"41":{"start":{"line":88,"column":4},"end":{"line":88,"column":21}},"42":{"start":{"line":60,"column":0},"end":{"line":60,"column":16}},"43":{"start":{"line":94,"column":26},"end":{"line":94,"column":63}},"44":{"start":{"line":95,"column":21},"end":{"line":95,"column":36}},"45":{"start":{"line":96,"column":4},"end":{"line":96,"column":17}},"46":{"start":{"line":97,"column":4},"end":{"line":101,"column":null}},"47":{"start":{"line":97,"column":17},"end":{"line":97,"column":18}},"48":{"start":{"line":98,"column":34},"end":{"line":98,"column":71}},"49":{"start":{"line":99,"column":8},"end":{"line":99,"column":31}},"50":{"start":{"line":100,"column":8},"end":{"line":100,"column":23}},"51":{"start":{"line":102,"column":4},"end":{"line":102,"column":22}},"52":{"start":{"line":93,"column":0},"end":{"line":93,"column":16}},"53":{"start":{"line":106,"column":26},"end":{"line":106,"column":63}},"54":{"start":{"line":107,"column":23},"end":{"line":107,"column":38}},"55":{"start":{"line":108,"column":4},"end":{"line":108,"column":17}},"56":{"start":{"line":109,"column":4},"end":{"line":111,"column":null}},"57":{"start":{"line":109,"column":17},"end":{"line":109,"column":18}},"58":{"start":{"line":110,"column":8},"end":{"line":110,"column":75}},"59":{"start":{"line":112,"column":4},"end":{"line":112,"column":24}},"60":{"start":{"line":105,"column":0},"end":{"line":105,"column":16}},"61":{"start":{"line":116,"column":26},"end":{"line":116,"column":63}},"62":{"start":{"line":117,"column":17},"end":{"line":117,"column":32}},"63":{"start":{"line":118,"column":4},"end":{"line":118,"column":17}},"64":{"start":{"line":119,"column":4},"end":{"line":121,"column":null}},"65":{"start":{"line":119,"column":17},"end":{"line":119,"column":18}},"66":{"start":{"line":120,"column":8},"end":{"line":120,"column":66}},"67":{"start":{"line":122,"column":4},"end":{"line":122,"column":18}},"68":{"start":{"line":115,"column":0},"end":{"line":115,"column":16}},"69":{"start":{"line":126,"column":26},"end":{"line":126,"column":63}},"70":{"start":{"line":127,"column":20},"end":{"line":127,"column":35}},"71":{"start":{"line":128,"column":4},"end":{"line":128,"column":17}},"72":{"start":{"line":129,"column":4},"end":{"line":135,"column":null}},"73":{"start":{"line":129,"column":17},"end":{"line":129,"column":18}},"74":{"start":{"line":131,"column":8},"end":{"line":131,"column":63}},"75":{"start":{"line":133,"column":8},"end":{"line":133,"column":59}},"76":{"start":{"line":134,"column":8},"end":{"line":134,"column":34}},"77":{"start":{"line":136,"column":4},"end":{"line":136,"column":21}},"78":{"start":{"line":125,"column":0},"end":{"line":125,"column":16}},"79":{"start":{"line":141,"column":26},"end":{"line":141,"column":63}},"80":{"start":{"line":142,"column":4},"end":{"line":142,"column":18}},"81":{"start":{"line":143,"column":22},"end":{"line":143,"column":37}},"82":{"start":{"line":144,"column":4},"end":{"line":163,"column":null}},"83":{"start":{"line":144,"column":17},"end":{"line":144,"column":18}},"84":{"start":{"line":145,"column":34},"end":{"line":145,"column":71}},"85":{"start":{"line":146,"column":37},"end":{"line":146,"column":49}},"86":{"start":{"line":147,"column":8},"end":{"line":147,"column":24}},"87":{"start":{"line":148,"column":8},"end":{"line":150,"column":null}},"88":{"start":{"line":148,"column":21},"end":{"line":148,"column":22}},"89":{"start":{"line":149,"column":12},"end":{"line":149,"column":74}},"90":{"start":{"line":151,"column":8},"end":{"line":151,"column":24}},"91":{"start":{"line":153,"column":8},"end":{"line":153,"column":150}},"92":{"start":{"line":153,"column":93},"end":{"line":153,"column":150}},"93":{"start":{"line":155,"column":8},"end":{"line":161,"column":null}},"94":{"start":{"line":156,"column":20},"end":{"line":156,"column":72}},"95":{"start":{"line":156,"column":73},"end":{"line":156,"column":79}},"96":{"start":{"line":157,"column":20},"end":{"line":157,"column":78}},"97":{"start":{"line":157,"column":79},"end":{"line":157,"column":85}},"98":{"start":{"line":158,"column":20},"end":{"line":158,"column":75}},"99":{"start":{"line":158,"column":76},"end":{"line":158,"column":82}},"100":{"start":{"line":159,"column":20},"end":{"line":159,"column":79}},"101":{"start":{"line":159,"column":80},"end":{"line":159,"column":86}},"102":{"start":{"line":160,"column":21},"end":{"line":160,"column":67}},"103":{"start":{"line":162,"column":8},"end":{"line":162,"column":53}},"104":{"start":{"line":164,"column":4},"end":{"line":164,"column":21}},"105":{"start":{"line":139,"column":0},"end":{"line":139,"column":16}},"106":{"start":{"line":168,"column":26},"end":{"line":168,"column":63}},"107":{"start":{"line":169,"column":4},"end":{"line":169,"column":18}},"108":{"start":{"line":170,"column":20},"end":{"line":170,"column":35}},"109":{"start":{"line":172,"column":4},"end":{"line":327,"column":null}},"110":{"start":{"line":172,"column":17},"end":{"line":172,"column":18}},"111":{"start":{"line":173,"column":32},"end":{"line":173,"column":69}},"112":{"start":{"line":174,"column":8},"end":{"line":174,"column":22}},"113":{"start":{"line":175,"column":8},"end":{"line":326,"column":null}},"114":{"start":{"line":176,"column":21},"end":{"line":176,"column":75}},"115":{"start":{"line":181,"column":20},"end":{"line":181,"column":73}},"116":{"start":{"line":183,"column":42},"end":{"line":183,"column":79}},"117":{"start":{"line":184,"column":20},"end":{"line":184,"column":34}},"118":{"start":{"line":185,"column":39},"end":{"line":185,"column":56}},"119":{"start":{"line":186,"column":20},"end":{"line":190,"column":null}},"120":{"start":{"line":186,"column":33},"end":{"line":186,"column":34}},"121":{"start":{"line":187,"column":49},"end":{"line":187,"column":86}},"122":{"start":{"line":188,"column":24},"end":{"line":188,"column":38}},"123":{"start":{"line":189,"column":24},"end":{"line":189,"column":48}},"124":{"start":{"line":191,"column":20},"end":{"line":191,"column":42}},"125":{"start":{"line":193,"column":20},"end":{"line":193,"column":null}},"126":{"start":{"line":194,"column":20},"end":{"line":194,"column":26}},"127":{"start":{"line":200,"column":20},"end":{"line":200,"column":89}},"128":{"start":{"line":200,"column":45},"end":{"line":200,"column":89}},"129":{"start":{"line":203,"column":42},"end":{"line":203,"column":79}},"130":{"start":{"line":204,"column":20},"end":{"line":204,"column":34}},"131":{"start":{"line":205,"column":39},"end":{"line":205,"column":56}},"132":{"start":{"line":206,"column":20},"end":{"line":210,"column":null}},"133":{"start":{"line":206,"column":33},"end":{"line":206,"column":34}},"134":{"start":{"line":207,"column":49},"end":{"line":207,"column":86}},"135":{"start":{"line":208,"column":24},"end":{"line":208,"column":38}},"136":{"start":{"line":209,"column":24},"end":{"line":209,"column":48}},"137":{"start":{"line":211,"column":20},"end":{"line":211,"column":42}},"138":{"start":{"line":213,"column":20},"end":{"line":213,"column":null}},"139":{"start":{"line":218,"column":44},"end":{"line":218,"column":81}},"140":{"start":{"line":219,"column":20},"end":{"line":219,"column":34}},"141":{"start":{"line":221,"column":20},"end":{"line":221,"column":73}},"142":{"start":{"line":223,"column":20},"end":{"line":223,"column":89}},"143":{"start":{"line":223,"column":45},"end":{"line":223,"column":89}},"144":{"start":{"line":226,"column":20},"end":{"line":226,"column":74}},"145":{"start":{"line":227,"column":20},"end":{"line":227,"column":34}},"146":{"start":{"line":228,"column":39},"end":{"line":228,"column":56}},"147":{"start":{"line":229,"column":20},"end":{"line":233,"column":null}},"148":{"start":{"line":229,"column":33},"end":{"line":229,"column":34}},"149":{"start":{"line":230,"column":49},"end":{"line":230,"column":86}},"150":{"start":{"line":231,"column":24},"end":{"line":231,"column":38}},"151":{"start":{"line":232,"column":24},"end":{"line":232,"column":48}},"152":{"start":{"line":234,"column":20},"end":{"line":234,"column":42}},"153":{"start":{"line":236,"column":20},"end":{"line":236,"column":null}},"154":{"start":{"line":241,"column":20},"end":{"line":241,"column":89}},"155":{"start":{"line":241,"column":45},"end":{"line":241,"column":89}},"156":{"start":{"line":244,"column":42},"end":{"line":244,"column":79}},"157":{"start":{"line":245,"column":20},"end":{"line":245,"column":34}},"158":{"start":{"line":246,"column":39},"end":{"line":246,"column":56}},"159":{"start":{"line":247,"column":20},"end":{"line":251,"column":null}},"160":{"start":{"line":247,"column":33},"end":{"line":247,"column":34}},"161":{"start":{"line":248,"column":49},"end":{"line":248,"column":86}},"162":{"start":{"line":249,"column":24},"end":{"line":249,"column":38}},"163":{"start":{"line":250,"column":24},"end":{"line":250,"column":48}},"164":{"start":{"line":252,"column":20},"end":{"line":252,"column":42}},"165":{"start":{"line":254,"column":20},"end":{"line":254,"column":null}},"166":{"start":{"line":260,"column":20},"end":{"line":260,"column":73}},"167":{"start":{"line":262,"column":42},"end":{"line":262,"column":79}},"168":{"start":{"line":263,"column":20},"end":{"line":263,"column":34}},"169":{"start":{"line":264,"column":36},"end":{"line":264,"column":51}},"170":{"start":{"line":265,"column":20},"end":{"line":267,"column":null}},"171":{"start":{"line":265,"column":33},"end":{"line":265,"column":34}},"172":{"start":{"line":266,"column":24},"end":{"line":266,"column":81}},"173":{"start":{"line":269,"column":20},"end":{"line":269,"column":null}},"174":{"start":{"line":274,"column":20},"end":{"line":274,"column":113}},"175":{"start":{"line":274,"column":69},"end":{"line":274,"column":113}},"176":{"start":{"line":275,"column":36},"end":{"line":275,"column":48}},"177":{"start":{"line":276,"column":20},"end":{"line":276,"column":28}},"178":{"start":{"line":278,"column":42},"end":{"line":278,"column":79}},"179":{"start":{"line":279,"column":20},"end":{"line":279,"column":34}},"180":{"start":{"line":280,"column":36},"end":{"line":280,"column":51}},"181":{"start":{"line":281,"column":20},"end":{"line":283,"column":null}},"182":{"start":{"line":281,"column":33},"end":{"line":281,"column":34}},"183":{"start":{"line":282,"column":24},"end":{"line":282,"column":81}},"184":{"start":{"line":285,"column":20},"end":{"line":285,"column":null}},"185":{"start":{"line":290,"column":44},"end":{"line":290,"column":81}},"186":{"start":{"line":291,"column":20},"end":{"line":291,"column":35}},"187":{"start":{"line":294,"column":20},"end":{"line":294,"column":73}},"188":{"start":{"line":296,"column":20},"end":{"line":296,"column":113}},"189":{"start":{"line":296,"column":69},"end":{"line":296,"column":113}},"190":{"start":{"line":297,"column":36},"end":{"line":297,"column":48}},"191":{"start":{"line":298,"column":20},"end":{"line":298,"column":28}},"192":{"start":{"line":301,"column":20},"end":{"line":301,"column":74}},"193":{"start":{"line":302,"column":20},"end":{"line":302,"column":34}},"194":{"start":{"line":303,"column":36},"end":{"line":303,"column":51}},"195":{"start":{"line":304,"column":20},"end":{"line":306,"column":null}},"196":{"start":{"line":304,"column":33},"end":{"line":304,"column":34}},"197":{"start":{"line":305,"column":24},"end":{"line":305,"column":81}},"198":{"start":{"line":308,"column":20},"end":{"line":308,"column":null}},"199":{"start":{"line":313,"column":20},"end":{"line":313,"column":113}},"200":{"start":{"line":313,"column":69},"end":{"line":313,"column":113}},"201":{"start":{"line":314,"column":36},"end":{"line":314,"column":48}},"202":{"start":{"line":315,"column":20},"end":{"line":315,"column":28}},"203":{"start":{"line":317,"column":42},"end":{"line":317,"column":79}},"204":{"start":{"line":318,"column":20},"end":{"line":318,"column":34}},"205":{"start":{"line":319,"column":36},"end":{"line":319,"column":51}},"206":{"start":{"line":320,"column":20},"end":{"line":322,"column":null}},"207":{"start":{"line":320,"column":33},"end":{"line":320,"column":34}},"208":{"start":{"line":321,"column":24},"end":{"line":321,"column":81}},"209":{"start":{"line":324,"column":20},"end":{"line":324,"column":null}},"210":{"start":{"line":328,"column":4},"end":{"line":328,"column":19}},"211":{"start":{"line":166,"column":0},"end":{"line":166,"column":16}},"212":{"start":{"line":332,"column":35},"end":{"line":332,"column":72}},"213":{"start":{"line":333,"column":4},"end":{"line":333,"column":18}},"214":{"start":{"line":334,"column":20},"end":{"line":334,"column":44}},"215":{"start":{"line":336,"column":4},"end":{"line":356,"column":null}},"216":{"start":{"line":336,"column":17},"end":{"line":336,"column":18}},"217":{"start":{"line":338,"column":34},"end":{"line":338,"column":71}},"218":{"start":{"line":340,"column":8},"end":{"line":340,"column":23}},"219":{"start":{"line":341,"column":23},"end":{"line":341,"column":28}},"220":{"start":{"line":344,"column":8},"end":{"line":344,"column":70}},"221":{"start":{"line":345,"column":8},"end":{"line":345,"column":23}},"222":{"start":{"line":346,"column":21},"end":{"line":346,"column":42}},"223":{"start":{"line":347,"column":8},"end":{"line":349,"column":null}},"224":{"start":{"line":347,"column":21},"end":{"line":347,"column":22}},"225":{"start":{"line":348,"column":12},"end":{"line":348,"column":70}},"226":{"start":{"line":353,"column":8},"end":{"line":353,"column":86}},"227":{"start":{"line":355,"column":8},"end":{"line":355,"column":56}},"228":{"start":{"line":357,"column":4},"end":{"line":357,"column":19}},"229":{"start":{"line":331,"column":0},"end":{"line":331,"column":16}},"230":{"start":{"line":361,"column":31},"end":{"line":361,"column":68}},"231":{"start":{"line":362,"column":4},"end":{"line":362,"column":18}},"232":{"start":{"line":363,"column":20},"end":{"line":363,"column":40}},"233":{"start":{"line":365,"column":4},"end":{"line":414,"column":null}},"234":{"start":{"line":365,"column":17},"end":{"line":365,"column":18}},"235":{"start":{"line":366,"column":32},"end":{"line":366,"column":69}},"236":{"start":{"line":367,"column":8},"end":{"line":367,"column":22}},"237":{"start":{"line":368,"column":8},"end":{"line":413,"column":null}},"238":{"start":{"line":369,"column":21},"end":{"line":369,"column":75}},"239":{"start":{"line":374,"column":20},"end":{"line":374,"column":73}},"240":{"start":{"line":376,"column":40},"end":{"line":376,"column":77}},"241":{"start":{"line":377,"column":37},"end":{"line":377,"column":52}},"242":{"start":{"line":378,"column":20},"end":{"line":381,"column":null}},"243":{"start":{"line":378,"column":33},"end":{"line":378,"column":34}},"244":{"start":{"line":379,"column":24},"end":{"line":379,"column":51}},"245":{"start":{"line":380,"column":24},"end":{"line":380,"column":32}},"246":{"start":{"line":382,"column":20},"end":{"line":382,"column":null}},"247":{"start":{"line":387,"column":44},"end":{"line":387,"column":81}},"248":{"start":{"line":388,"column":41},"end":{"line":388,"column":56}},"249":{"start":{"line":389,"column":24},"end":{"line":392,"column":null}},"250":{"start":{"line":389,"column":37},"end":{"line":389,"column":38}},"251":{"start":{"line":390,"column":28},"end":{"line":390,"column":55}},"252":{"start":{"line":391,"column":28},"end":{"line":391,"column":36}},"253":{"start":{"line":393,"column":24},"end":{"line":393,"column":null}},"254":{"start":{"line":398,"column":46},"end":{"line":398,"column":83}},"255":{"start":{"line":399,"column":24},"end":{"line":399,"column":39}},"256":{"start":{"line":402,"column":24},"end":{"line":402,"column":77}},"257":{"start":{"line":405,"column":24},"end":{"line":405,"column":78}},"258":{"start":{"line":406,"column":41},"end":{"line":406,"column":56}},"259":{"start":{"line":407,"column":24},"end":{"line":410,"column":null}},"260":{"start":{"line":407,"column":37},"end":{"line":407,"column":38}},"261":{"start":{"line":408,"column":28},"end":{"line":408,"column":55}},"262":{"start":{"line":409,"column":28},"end":{"line":409,"column":36}},"263":{"start":{"line":411,"column":24},"end":{"line":411,"column":null}},"264":{"start":{"line":415,"column":4},"end":{"line":415,"column":19}},"265":{"start":{"line":360,"column":0},"end":{"line":360,"column":16}}},"fnMap":{"0":{"name":"parseCustomTemp","decl":{"start":{"line":13,"column":16},"end":{"line":13,"column":31}},"loc":{"start":{"line":13,"column":64},"end":{"line":15,"column":1}}},"1":{"name":"parseType","decl":{"start":{"line":23,"column":16},"end":{"line":23,"column":25}},"loc":{"start":{"line":23,"column":58},"end":{"line":57,"column":1}}},"2":{"name":"parseImport","decl":{"start":{"line":60,"column":16},"end":{"line":60,"column":27}},"loc":{"start":{"line":60,"column":60},"end":{"line":89,"column":1}}},"3":{"name":"parseFunction","decl":{"start":{"line":93,"column":16},"end":{"line":93,"column":29}},"loc":{"start":{"line":93,"column":62},"end":{"line":103,"column":1}}},"4":{"name":"parseTable","decl":{"start":{"line":105,"column":16},"end":{"line":105,"column":26}},"loc":{"start":{"line":105,"column":59},"end":{"line":113,"column":1}}},"5":{"name":"parseMemory","decl":{"start":{"line":115,"column":16},"end":{"line":115,"column":27}},"loc":{"start":{"line":115,"column":60},"end":{"line":123,"column":1}}},"6":{"name":"parseGlobal","decl":{"start":{"line":125,"column":16},"end":{"line":125,"column":27}},"loc":{"start":{"line":125,"column":60},"end":{"line":137,"column":1}}},"7":{"name":"parseExport","decl":{"start":{"line":139,"column":16},"end":{"line":139,"column":27}},"loc":{"start":{"line":139,"column":60},"end":{"line":165,"column":1}}},"8":{"name":"parseElement","decl":{"start":{"line":166,"column":16},"end":{"line":166,"column":28}},"loc":{"start":{"line":166,"column":61},"end":{"line":329,"column":1}}},"9":{"name":"parseCode","decl":{"start":{"line":331,"column":16},"end":{"line":331,"column":25}},"loc":{"start":{"line":331,"column":58},"end":{"line":358,"column":1}}},"10":{"name":"parseData","decl":{"start":{"line":360,"column":16},"end":{"line":360,"column":25}},"loc":{"start":{"line":360,"column":58},"end":{"line":416,"column":1}}}},"branchMap":{"0":{"loc":{"start":{"line":30,"column":8},"end":{"line":30,"column":null}},"type":"if","locations":[{"start":{"line":30,"column":8},"end":{"line":30,"column":null}}]},"1":{"loc":{"start":{"line":36,"column":8},"end":{"line":43,"column":null}},"type":"if","locations":[{"start":{"line":36,"column":8},"end":{"line":43,"column":null}},{"start":{"line":37,"column":12},"end":{"line":43,"column":null}}]},"2":{"loc":{"start":{"line":44,"column":8},"end":{"line":51,"column":null}},"type":"if","locations":[{"start":{"line":44,"column":8},"end":{"line":51,"column":null}},{"start":{"line":45,"column":12},"end":{"line":51,"column":null}}]},"3":{"loc":{"start":{"line":74,"column":8},"end":{"line":74,"column":150}},"type":"if","locations":[{"start":{"line":74,"column":8},"end":{"line":74,"column":150}}]},"4":{"loc":{"start":{"line":74,"column":11},"end":{"line":74,"column":91}},"type":"binary-expr","locations":[{"start":{"line":74,"column":11},"end":{"line":74,"column":28}},{"start":{"line":74,"column":32},"end":{"line":74,"column":49}},{"start":{"line":74,"column":53},"end":{"line":74,"column":70}},{"start":{"line":74,"column":74},"end":{"line":74,"column":91}}]},"5":{"loc":{"start":{"line":153,"column":8},"end":{"line":153,"column":150}},"type":"if","locations":[{"start":{"line":153,"column":8},"end":{"line":153,"column":150}}]},"6":{"loc":{"start":{"line":153,"column":11},"end":{"line":153,"column":91}},"type":"binary-expr","locations":[{"start":{"line":153,"column":11},"end":{"line":153,"column":28}},{"start":{"line":153,"column":32},"end":{"line":153,"column":49}},{"start":{"line":153,"column":53},"end":{"line":153,"column":70}},{"start":{"line":153,"column":74},"end":{"line":153,"column":91}}]},"7":{"loc":{"start":{"line":155,"column":8},"end":{"line":161,"column":null}},"type":"switch","locations":[{"start":{"line":156,"column":12},"end":{"line":156,"column":79}},{"start":{"line":157,"column":12},"end":{"line":157,"column":85}},{"start":{"line":158,"column":12},"end":{"line":158,"column":82}},{"start":{"line":159,"column":12},"end":{"line":159,"column":86}},{"start":{"line":160,"column":12},"end":{"line":160,"column":67}}]},"8":{"loc":{"start":{"line":175,"column":8},"end":{"line":326,"column":null}},"type":"switch","locations":[{"start":{"line":176,"column":12},"end":{"line":176,"column":75}},{"start":{"line":177,"column":12},"end":{"line":195,"column":null}},{"start":{"line":197,"column":12},"end":{"line":214,"column":null}},{"start":{"line":215,"column":12},"end":{"line":237,"column":null}},{"start":{"line":238,"column":12},"end":{"line":255,"column":null}},{"start":{"line":256,"column":12},"end":{"line":270,"column":null}},{"start":{"line":271,"column":12},"end":{"line":286,"column":null}},{"start":{"line":287,"column":12},"end":{"line":309,"column":null}},{"start":{"line":310,"column":12},"end":{"line":325,"column":null}}]},"9":{"loc":{"start":{"line":200,"column":20},"end":{"line":200,"column":89}},"type":"if","locations":[{"start":{"line":200,"column":20},"end":{"line":200,"column":89}}]},"10":{"loc":{"start":{"line":223,"column":20},"end":{"line":223,"column":89}},"type":"if","locations":[{"start":{"line":223,"column":20},"end":{"line":223,"column":89}}]},"11":{"loc":{"start":{"line":241,"column":20},"end":{"line":241,"column":89}},"type":"if","locations":[{"start":{"line":241,"column":20},"end":{"line":241,"column":89}}]},"12":{"loc":{"start":{"line":274,"column":20},"end":{"line":274,"column":113}},"type":"if","locations":[{"start":{"line":274,"column":20},"end":{"line":274,"column":113}}]},"13":{"loc":{"start":{"line":274,"column":23},"end":{"line":274,"column":67}},"type":"binary-expr","locations":[{"start":{"line":274,"column":23},"end":{"line":274,"column":43}},{"start":{"line":274,"column":47},"end":{"line":274,"column":67}}]},"14":{"loc":{"start":{"line":296,"column":20},"end":{"line":296,"column":113}},"type":"if","locations":[{"start":{"line":296,"column":20},"end":{"line":296,"column":113}}]},"15":{"loc":{"start":{"line":296,"column":23},"end":{"line":296,"column":67}},"type":"binary-expr","locations":[{"start":{"line":296,"column":23},"end":{"line":296,"column":43}},{"start":{"line":296,"column":47},"end":{"line":296,"column":67}}]},"16":{"loc":{"start":{"line":313,"column":20},"end":{"line":313,"column":113}},"type":"if","locations":[{"start":{"line":313,"column":20},"end":{"line":313,"column":113}}]},"17":{"loc":{"start":{"line":313,"column":23},"end":{"line":313,"column":67}},"type":"binary-expr","locations":[{"start":{"line":313,"column":23},"end":{"line":313,"column":43}},{"start":{"line":313,"column":47},"end":{"line":313,"column":67}}]},"18":{"loc":{"start":{"line":368,"column":8},"end":{"line":413,"column":null}},"type":"switch","locations":[{"start":{"line":369,"column":12},"end":{"line":369,"column":75}},{"start":{"line":370,"column":12},"end":{"line":383,"column":null}},{"start":{"line":384,"column":16},"end":{"line":394,"column":null}},{"start":{"line":395,"column":16},"end":{"line":412,"column":null}}]}},"s":{"0":1,"1":1,"2":2,"3":1,"4":2,"5":2,"6":2,"7":2,"8":2,"9":6,"10":0,"11":6,"12":6,"13":6,"14":1,"15":5,"16":5,"17":5,"18":5,"19":6,"20":3,"21":3,"22":3,"23":3,"24":3,"25":6,"26":6,"27":2,"28":1,"29":2,"30":2,"31":2,"32":2,"33":2,"34":2,"35":2,"36":2,"37":0,"38":2,"39":2,"40":2,"41":2,"42":1,"43":3,"44":3,"45":3,"46":3,"47":3,"48":22,"49":22,"50":22,"51":3,"52":1,"53":0,"54":0,"55":0,"56":0,"57":0,"58":0,"59":0,"60":1,"61":2,"62":2,"63":2,"64":2,"65":2,"66":2,"67":2,"68":1,"69":0,"70":0,"71":0,"72":0,"73":0,"74":0,"75":0,"76":0,"77":0,"78":1,"79":2,"80":2,"81":2,"82":2,"83":2,"84":12,"85":12,"86":12,"87":12,"88":12,"89":62,"90":12,"91":12,"92":0,"93":12,"94":10,"95":10,"96":0,"97":0,"98":2,"99":2,"100":0,"101":0,"102":0,"103":12,"104":2,"105":1,"106":0,"107":0,"108":0,"109":0,"110":0,"111":0,"112":0,"113":0,"114":0,"115":0,"116":0,"117":0,"118":0,"119":0,"120":0,"121":0,"122":0,"123":0,"124":0,"125":0,"126":0,"127":0,"128":0,"129":0,"130":0,"131":0,"132":0,"133":0,"134":0,"135":0,"136":0,"137":0,"138":0,"139":0,"140":0,"141":0,"142":0,"143":0,"144":0,"145":0,"146":0,"147":0,"148":0,"149":0,"150":0,"151":0,"152":0,"153":0,"154":0,"155":0,"156":0,"157":0,"158":0,"159":0,"160":0,"161":0,"162":0,"163":0,"164":0,"165":0,"166":0,"167":0,"168":0,"169":0,"170":0,"171":0,"172":0,"173":0,"174":0,"175":0,"176":0,"177":0,"178":0,"179":0,"180":0,"181":0,"182":0,"183":0,"184":0,"185":0,"186":0,"187":0,"188":0,"189":0,"190":0,"191":0,"192":0,"193":0,"194":0,"195":0,"196":0,"197":0,"198":0,"199":0,"200":0,"201":0,"202":0,"203":0,"204":0,"205":0,"206":0,"207":0,"208":0,"209":0,"210":0,"211":1,"212":2,"213":2,"214":2,"215":2,"216":2,"217":12,"218":12,"219":12,"220":12,"221":12,"222":12,"223":12,"224":12,"225":5,"226":12,"227":12,"228":2,"229":1,"230":0,"231":0,"232":0,"233":0,"234":0,"235":0,"236":0,"237":0,"238":0,"239":0,"240":0,"241":0,"242":0,"243":0,"244":0,"245":0,"246":0,"247":0,"248":0,"249":0,"250":0,"251":0,"252":0,"253":0,"254":0,"255":0,"256":0,"257":0,"258":0,"259":0,"260":0,"261":0,"262":0,"263":0,"264":0,"265":1},"f":{"0":2,"1":2,"2":2,"3":3,"4":0,"5":2,"6":0,"7":2,"8":0,"9":2,"10":0},"b":{"0":[0],"1":[1,5],"2":[3,3],"3":[0],"4":[2,0,0,0],"5":[0],"6":[12,2,2,0],"7":[10,0,2,0,0],"8":[0,0,0,0,0,0,0,0,0],"9":[0],"10":[0],"11":[0],"12":[0],"13":[0,0],"14":[0],"15":[0,0],"16":[0],"17":[0,0],"18":[0,0,0,0]}}
,"D:\\Coding\\wasmmts-A_wasm_interpreter\\src\\helperParser.ts": {"path":"D:\\Coding\\wasmmts-A_wasm_interpreter\\src\\helperParser.ts","statementMap":{"0":{"start":{"line":3,"column":0},"end":{"line":3,"column":61}},"1":{"start":{"line":6,"column":24},"end":{"line":6,"column":61}},"2":{"start":{"line":7,"column":4},"end":{"line":7,"column":29}},"3":{"start":{"line":5,"column":0},"end":{"line":5,"column":16}},"4":{"start":{"line":12,"column":4},"end":{"line":12,"column":95}},"5":{"start":{"line":12,"column":53},"end":{"line":12,"column":95}},"6":{"start":{"line":13,"column":29},"end":{"line":13,"column":58}},"7":{"start":{"line":14,"column":4},"end":{"line":14,"column":12}},"8":{"start":{"line":17,"column":4},"end":{"line":17,"column":45}},"9":{"start":{"line":19,"column":4},"end":{"line":19,"column":30}},"10":{"start":{"line":9,"column":0},"end":{"line":9,"column":16}},"11":{"start":{"line":24,"column":4},"end":{"line":24,"column":99}},"12":{"start":{"line":24,"column":53},"end":{"line":24,"column":99}},"13":{"start":{"line":25,"column":28},"end":{"line":25,"column":54}},"14":{"start":{"line":26,"column":4},"end":{"line":26,"column":12}},"15":{"start":{"line":28,"column":24},"end":{"line":28,"column":61}},"16":{"start":{"line":29,"column":4},"end":{"line":29,"column":73}},"17":{"start":{"line":29,"column":21},"end":{"line":29,"column":73}},"18":{"start":{"line":30,"column":4},"end":{"line":30,"column":18}},"19":{"start":{"line":31,"column":24},"end":{"line":31,"column":61}},"20":{"start":{"line":32,"column":4},"end":{"line":32,"column":18}},"21":{"start":{"line":33,"column":4},"end":{"line":33,"column":37}},"22":{"start":{"line":22,"column":0},"end":{"line":22,"column":16}},"23":{"start":{"line":38,"column":4},"end":{"line":38,"column":50}},"24":{"start":{"line":40,"column":4},"end":{"line":40,"column":86}},"25":{"start":{"line":40,"column":47},"end":{"line":40,"column":86}},"26":{"start":{"line":41,"column":4},"end":{"line":41,"column":71}},"27":{"start":{"line":36,"column":0},"end":{"line":36,"column":16}},"28":{"start":{"line":46,"column":4},"end":{"line":61,"column":null}},"29":{"start":{"line":51,"column":12},"end":{"line":51,"column":60}},"30":{"start":{"line":54,"column":12},"end":{"line":54,"column":60}},"31":{"start":{"line":56,"column":12},"end":{"line":56,"column":60}},"32":{"start":{"line":58,"column":24},"end":{"line":58,"column":164}},"33":{"start":{"line":58,"column":146},"end":{"line":58,"column":160}},"34":{"start":{"line":60,"column":12},"end":{"line":60,"column":24}},"35":{"start":{"line":44,"column":0},"end":{"line":44,"column":16}},"36":{"start":{"line":64,"column":24},"end":{"line":64,"column":26}},"37":{"start":{"line":65,"column":12},"end":{"line":65,"column":13}},"38":{"start":{"line":66,"column":4},"end":{"line":70,"column":null}},"39":{"start":{"line":67,"column":8},"end":{"line":67,"column":31}},"40":{"start":{"line":68,"column":8},"end":{"line":68,"column":12}},"41":{"start":{"line":69,"column":8},"end":{"line":69,"column":16}},"42":{"start":{"line":71,"column":4},"end":{"line":71,"column":null}},"43":{"start":{"line":72,"column":4},"end":{"line":72,"column":71}},"44":{"start":{"line":72,"column":32},"end":{"line":72,"column":71}},"45":{"start":{"line":74,"column":4},"end":{"line":74,"column":25}},"46":{"start":{"line":63,"column":0},"end":{"line":63,"column":16}},"47":{"start":{"line":78,"column":28},"end":{"line":78,"column":65}},"48":{"start":{"line":79,"column":4},"end":{"line":79,"column":17}},"49":{"start":{"line":81,"column":4},"end":{"line":81,"column":50}},"50":{"start":{"line":82,"column":4},"end":{"line":82,"column":43}},"51":{"start":{"line":77,"column":0},"end":{"line":77,"column":16}},"52":{"start":{"line":85,"column":24},"end":{"line":85,"column":61}},"53":{"start":{"line":86,"column":4},"end":{"line":86,"column":18}},"54":{"start":{"line":87,"column":33},"end":{"line":87,"column":43}},"55":{"start":{"line":88,"column":4},"end":{"line":90,"column":null}},"56":{"start":{"line":88,"column":17},"end":{"line":88,"column":18}},"57":{"start":{"line":89,"column":8},"end":{"line":89,"column":70}},"58":{"start":{"line":91,"column":4},"end":{"line":91,"column":16}},"59":{"start":{"line":92,"column":4},"end":{"line":92,"column":25}},"60":{"start":{"line":84,"column":0},"end":{"line":84,"column":16}},"61":{"start":{"line":97,"column":14},"end":{"line":97,"column":16}},"62":{"start":{"line":98,"column":4},"end":{"line":98,"column":70}},"63":{"start":{"line":98,"column":28},"end":{"line":98,"column":68}},"64":{"start":{"line":99,"column":4},"end":{"line":99,"column":null}},"65":{"start":{"line":100,"column":4},"end":{"line":100,"column":21}},"66":{"start":{"line":95,"column":0},"end":{"line":95,"column":16}}},"fnMap":{"0":{"name":"parseidx","decl":{"start":{"line":5,"column":16},"end":{"line":5,"column":24}},"loc":{"start":{"line":5,"column":57},"end":{"line":8,"column":1}}},"1":{"name":"parseTableType","decl":{"start":{"line":9,"column":16},"end":{"line":9,"column":30}},"loc":{"start":{"line":9,"column":63},"end":{"line":20,"column":1}}},"2":{"name":"parseLimits","decl":{"start":{"line":22,"column":16},"end":{"line":22,"column":27}},"loc":{"start":{"line":22,"column":60},"end":{"line":34,"column":1}}},"3":{"name":"parseGlobalType","decl":{"start":{"line":36,"column":16},"end":{"line":36,"column":31}},"loc":{"start":{"line":36,"column":64},"end":{"line":42,"column":1}}},"4":{"name":"parseValType","decl":{"start":{"line":44,"column":16},"end":{"line":44,"column":28}},"loc":{"start":{"line":44,"column":61},"end":{"line":62,"column":1}}},"5":{"name":"(anonymous_5)","decl":{"start":{"line":58,"column":141},"end":{"line":58,"column":142}},"loc":{"start":{"line":58,"column":146},"end":{"line":58,"column":160}}},"6":{"name":"parseExpr","decl":{"start":{"line":63,"column":16},"end":{"line":63,"column":25}},"loc":{"start":{"line":63,"column":78},"end":{"line":75,"column":1}}},"7":{"name":"parseLocals","decl":{"start":{"line":77,"column":16},"end":{"line":77,"column":27}},"loc":{"start":{"line":77,"column":60},"end":{"line":83,"column":1}}},"8":{"name":"parseName","decl":{"start":{"line":84,"column":16},"end":{"line":84,"column":25}},"loc":{"start":{"line":84,"column":58},"end":{"line":93,"column":1}}},"9":{"name":"logAsHex","decl":{"start":{"line":95,"column":16},"end":{"line":95,"column":24}},"loc":{"start":{"line":95,"column":41},"end":{"line":101,"column":1}}},"10":{"name":"(anonymous_10)","decl":{"start":{"line":98,"column":20},"end":{"line":98,"column":23}},"loc":{"start":{"line":98,"column":26},"end":{"line":98,"column":68}}}},"branchMap":{"0":{"loc":{"start":{"line":12,"column":4},"end":{"line":12,"column":95}},"type":"if","locations":[{"start":{"line":12,"column":4},"end":{"line":12,"column":95}}]},"1":{"loc":{"start":{"line":12,"column":7},"end":{"line":12,"column":51}},"type":"binary-expr","locations":[{"start":{"line":12,"column":7},"end":{"line":12,"column":27}},{"start":{"line":12,"column":31},"end":{"line":12,"column":51}}]},"2":{"loc":{"start":{"line":24,"column":4},"end":{"line":24,"column":99}},"type":"if","locations":[{"start":{"line":24,"column":4},"end":{"line":24,"column":99}}]},"3":{"loc":{"start":{"line":24,"column":7},"end":{"line":24,"column":51}},"type":"binary-expr","locations":[{"start":{"line":24,"column":7},"end":{"line":24,"column":27}},{"start":{"line":24,"column":31},"end":{"line":24,"column":51}}]},"4":{"loc":{"start":{"line":29,"column":4},"end":{"line":29,"column":73}},"type":"if","locations":[{"start":{"line":29,"column":4},"end":{"line":29,"column":73}}]},"5":{"loc":{"start":{"line":40,"column":4},"end":{"line":40,"column":86}},"type":"if","locations":[{"start":{"line":40,"column":4},"end":{"line":40,"column":86}}]},"6":{"loc":{"start":{"line":40,"column":7},"end":{"line":40,"column":45}},"type":"binary-expr","locations":[{"start":{"line":40,"column":7},"end":{"line":40,"column":24}},{"start":{"line":40,"column":28},"end":{"line":40,"column":45}}]},"7":{"loc":{"start":{"line":46,"column":4},"end":{"line":61,"column":null}},"type":"switch","locations":[{"start":{"line":47,"column":8},"end":{"line":47,"column":18}},{"start":{"line":48,"column":8},"end":{"line":48,"column":18}},{"start":{"line":49,"column":8},"end":{"line":49,"column":18}},{"start":{"line":50,"column":8},"end":{"line":51,"column":60}},{"start":{"line":52,"column":8},"end":{"line":52,"column":18}},{"start":{"line":53,"column":8},"end":{"line":54,"column":60}},{"start":{"line":55,"column":8},"end":{"line":56,"column":60}},{"start":{"line":57,"column":8},"end":{"line":60,"column":24}}]},"8":{"loc":{"start":{"line":63,"column":60},"end":{"line":63,"column":78}},"type":"default-arg","locations":[{"start":{"line":63,"column":77},"end":{"line":63,"column":78}}]},"9":{"loc":{"start":{"line":72,"column":4},"end":{"line":72,"column":71}},"type":"if","locations":[{"start":{"line":72,"column":4},"end":{"line":72,"column":71}}]}},"s":{"0":1,"1":13,"2":13,"3":1,"4":0,"5":0,"6":0,"7":0,"8":0,"9":0,"10":1,"11":6,"12":0,"13":6,"14":6,"15":6,"16":6,"17":5,"18":1,"19":1,"20":1,"21":1,"22":1,"23":9,"24":8,"25":1,"26":7,"27":1,"28":14,"29":10,"30":2,"31":1,"32":1,"33":1,"34":1,"35":1,"36":13,"37":13,"38":13,"39":307,"40":307,"41":307,"42":13,"43":13,"44":0,"45":13,"46":1,"47":5,"48":5,"49":5,"50":5,"51":1,"52":5,"53":5,"54":5,"55":5,"56":5,"57":55,"58":5,"59":5,"60":1,"61":13,"62":13,"63":307,"64":13,"65":13,"66":1},"f":{"0":13,"1":0,"2":6,"3":9,"4":14,"5":1,"6":13,"7":5,"8":5,"9":13,"10":307},"b":{"0":[0],"1":[0,0],"2":[0],"3":[6,1],"4":[5],"5":[1],"6":[8,8],"7":[7,8,9,10,1,2,1,1],"8":[0],"9":[0]}}
,"D:\\Coding\\wasmmts-A_wasm_interpreter\\src\\leb128ToInt.ts": {"path":"D:\\Coding\\wasmmts-A_wasm_interpreter\\src\\leb128ToInt.ts","statementMap":{"0":{"start":{"line":1,"column":34},"end":{"line":16,"column":3}},"1":{"start":{"line":2,"column":17},"end":{"line":2,"column":18}},"2":{"start":{"line":3,"column":16},"end":{"line":3,"column":17}},"3":{"start":{"line":4,"column":16},"end":{"line":4,"column":17}},"4":{"start":{"line":5,"column":4},"end":{"line":15,"column":null}},"5":{"start":{"line":6,"column":19},"end":{"line":6,"column":33}},"6":{"start":{"line":7,"column":6},"end":{"line":7,"column":39}},"7":{"start":{"line":8,"column":6},"end":{"line":8,"column":17}},"8":{"start":{"line":9,"column":6},"end":{"line":14,"column":null}},"9":{"start":{"line":10,"column":8},"end":{"line":12,"column":null}},"10":{"start":{"line":11,"column":10},"end":{"line":11,"column":49}},"11":{"start":{"line":13,"column":8},"end":{"line":13,"column":31}},"12":{"start":{"line":1,"column":13},"end":{"line":1,"column":34}}},"fnMap":{"0":{"name":"(anonymous_0)","decl":{"start":{"line":1,"column":34},"end":{"line":1,"column":35}},"loc":{"start":{"line":1,"column":74},"end":{"line":16,"column":3}}}},"branchMap":{"0":{"loc":{"start":{"line":9,"column":6},"end":{"line":14,"column":null}},"type":"if","locations":[{"start":{"line":9,"column":6},"end":{"line":14,"column":null}}]},"1":{"loc":{"start":{"line":10,"column":8},"end":{"line":12,"column":null}},"type":"if","locations":[{"start":{"line":10,"column":8},"end":{"line":12,"column":null}}]},"2":{"loc":{"start":{"line":10,"column":12},"end":{"line":10,"column":45}},"type":"binary-expr","locations":[{"start":{"line":10,"column":12},"end":{"line":10,"column":22}},{"start":{"line":10,"column":26},"end":{"line":10,"column":45}}]}},"s":{"0":1,"1":121,"2":121,"3":121,"4":121,"5":123,"6":123,"7":123,"8":123,"9":121,"10":0,"11":121,"12":1},"f":{"0":121},"b":{"0":[121],"1":[0],"2":[121,121]}}
,"D:\\Coding\\wasmmts-A_wasm_interpreter\\src\\opcodes.ts": {"path":"D:\\Coding\\wasmmts-A_wasm_interpreter\\src\\opcodes.ts","statementMap":{"0":{"start":{"line":1,"column":0},"end":{"line":1,"column":null}},"1":{"start":{"line":3,"column":4},"end":{"line":3,"column":null}},"2":{"start":{"line":4,"column":4},"end":{"line":4,"column":null}},"3":{"start":{"line":5,"column":4},"end":{"line":5,"column":null}},"4":{"start":{"line":6,"column":4},"end":{"line":6,"column":null}},"5":{"start":{"line":7,"column":4},"end":{"line":7,"column":null}},"6":{"start":{"line":8,"column":4},"end":{"line":8,"column":null}},"7":{"start":{"line":9,"column":4},"end":{"line":9,"column":null}},"8":{"start":{"line":10,"column":4},"end":{"line":10,"column":null}},"9":{"start":{"line":11,"column":4},"end":{"line":11,"column":null}},"10":{"start":{"line":12,"column":4},"end":{"line":12,"column":null}},"11":{"start":{"line":13,"column":4},"end":{"line":13,"column":null}},"12":{"start":{"line":14,"column":4},"end":{"line":14,"column":null}},"13":{"start":{"line":15,"column":4},"end":{"line":15,"column":null}},"14":{"start":{"line":18,"column":4},"end":{"line":18,"column":null}},"15":{"start":{"line":19,"column":4},"end":{"line":19,"column":null}},"16":{"start":{"line":22,"column":4},"end":{"line":22,"column":null}},"17":{"start":{"line":23,"column":4},"end":{"line":23,"column":null}},"18":{"start":{"line":24,"column":4},"end":{"line":24,"column":null}},"19":{"start":{"line":25,"column":4},"end":{"line":25,"column":null}},"20":{"start":{"line":26,"column":4},"end":{"line":26,"column":null}},"21":{"start":{"line":29,"column":4},"end":{"line":29,"column":null}},"22":{"start":{"line":30,"column":4},"end":{"line":30,"column":null}},"23":{"start":{"line":31,"column":4},"end":{"line":31,"column":null}},"24":{"start":{"line":32,"column":4},"end":{"line":32,"column":null}},"25":{"start":{"line":33,"column":4},"end":{"line":33,"column":null}},"26":{"start":{"line":34,"column":4},"end":{"line":34,"column":null}},"27":{"start":{"line":35,"column":4},"end":{"line":35,"column":null}},"28":{"start":{"line":36,"column":4},"end":{"line":36,"column":null}},"29":{"start":{"line":37,"column":4},"end":{"line":37,"column":null}},"30":{"start":{"line":38,"column":4},"end":{"line":38,"column":null}},"31":{"start":{"line":39,"column":4},"end":{"line":39,"column":null}},"32":{"start":{"line":40,"column":4},"end":{"line":40,"column":null}},"33":{"start":{"line":41,"column":4},"end":{"line":41,"column":null}},"34":{"start":{"line":42,"column":4},"end":{"line":42,"column":null}},"35":{"start":{"line":43,"column":4},"end":{"line":43,"column":null}},"36":{"start":{"line":44,"column":4},"end":{"line":44,"column":null}},"37":{"start":{"line":45,"column":4},"end":{"line":45,"column":null}},"38":{"start":{"line":46,"column":4},"end":{"line":46,"column":null}},"39":{"start":{"line":47,"column":4},"end":{"line":47,"column":null}},"40":{"start":{"line":48,"column":4},"end":{"line":48,"column":null}},"41":{"start":{"line":49,"column":4},"end":{"line":49,"column":null}},"42":{"start":{"line":50,"column":4},"end":{"line":50,"column":null}},"43":{"start":{"line":51,"column":4},"end":{"line":51,"column":null}},"44":{"start":{"line":52,"column":4},"end":{"line":52,"column":null}},"45":{"start":{"line":53,"column":4},"end":{"line":53,"column":null}},"46":{"start":{"line":56,"column":4},"end":{"line":56,"column":null}},"47":{"start":{"line":57,"column":4},"end":{"line":57,"column":null}},"48":{"start":{"line":58,"column":4},"end":{"line":58,"column":null}},"49":{"start":{"line":59,"column":4},"end":{"line":59,"column":null}},"50":{"start":{"line":61,"column":4},"end":{"line":61,"column":null}},"51":{"start":{"line":62,"column":4},"end":{"line":62,"column":null}},"52":{"start":{"line":63,"column":4},"end":{"line":63,"column":null}},"53":{"start":{"line":64,"column":4},"end":{"line":64,"column":null}},"54":{"start":{"line":65,"column":4},"end":{"line":65,"column":null}},"55":{"start":{"line":66,"column":4},"end":{"line":66,"column":null}},"56":{"start":{"line":67,"column":4},"end":{"line":67,"column":null}},"57":{"start":{"line":68,"column":4},"end":{"line":68,"column":null}},"58":{"start":{"line":69,"column":4},"end":{"line":69,"column":null}},"59":{"start":{"line":70,"column":4},"end":{"line":70,"column":null}},"60":{"start":{"line":71,"column":4},"end":{"line":71,"column":null}},"61":{"start":{"line":73,"column":4},"end":{"line":73,"column":null}},"62":{"start":{"line":74,"column":4},"end":{"line":74,"column":null}},"63":{"start":{"line":75,"column":4},"end":{"line":75,"column":null}},"64":{"start":{"line":76,"column":4},"end":{"line":76,"column":null}},"65":{"start":{"line":77,"column":4},"end":{"line":77,"column":null}},"66":{"start":{"line":78,"column":4},"end":{"line":78,"column":null}},"67":{"start":{"line":79,"column":4},"end":{"line":79,"column":null}},"68":{"start":{"line":80,"column":4},"end":{"line":80,"column":null}},"69":{"start":{"line":81,"column":4},"end":{"line":81,"column":null}},"70":{"start":{"line":82,"column":4},"end":{"line":82,"column":null}},"71":{"start":{"line":83,"column":4},"end":{"line":83,"column":null}},"72":{"start":{"line":85,"column":4},"end":{"line":85,"column":null}},"73":{"start":{"line":86,"column":4},"end":{"line":86,"column":null}},"74":{"start":{"line":87,"column":4},"end":{"line":87,"column":null}},"75":{"start":{"line":88,"column":4},"end":{"line":88,"column":null}},"76":{"start":{"line":89,"column":4},"end":{"line":89,"column":null}},"77":{"start":{"line":90,"column":4},"end":{"line":90,"column":null}},"78":{"start":{"line":92,"column":4},"end":{"line":92,"column":null}},"79":{"start":{"line":93,"column":4},"end":{"line":93,"column":null}},"80":{"start":{"line":94,"column":4},"end":{"line":94,"column":null}},"81":{"start":{"line":95,"column":4},"end":{"line":95,"column":null}},"82":{"start":{"line":96,"column":4},"end":{"line":96,"column":null}},"83":{"start":{"line":97,"column":4},"end":{"line":97,"column":null}},"84":{"start":{"line":99,"column":4},"end":{"line":99,"column":null}},"85":{"start":{"line":100,"column":4},"end":{"line":100,"column":null}},"86":{"start":{"line":101,"column":4},"end":{"line":101,"column":null}},"87":{"start":{"line":102,"column":4},"end":{"line":102,"column":null}},"88":{"start":{"line":103,"column":4},"end":{"line":103,"column":null}},"89":{"start":{"line":104,"column":4},"end":{"line":104,"column":null}},"90":{"start":{"line":105,"column":4},"end":{"line":105,"column":null}},"91":{"start":{"line":106,"column":4},"end":{"line":106,"column":null}},"92":{"start":{"line":107,"column":4},"end":{"line":107,"column":null}},"93":{"start":{"line":108,"column":4},"end":{"line":108,"column":null}},"94":{"start":{"line":109,"column":4},"end":{"line":109,"column":null}},"95":{"start":{"line":110,"column":4},"end":{"line":110,"column":null}},"96":{"start":{"line":111,"column":4},"end":{"line":111,"column":null}},"97":{"start":{"line":112,"column":4},"end":{"line":112,"column":null}},"98":{"start":{"line":113,"column":4},"end":{"line":113,"column":null}},"99":{"start":{"line":114,"column":4},"end":{"line":114,"column":null}},"100":{"start":{"line":115,"column":4},"end":{"line":115,"column":null}},"101":{"start":{"line":116,"column":4},"end":{"line":116,"column":null}},"102":{"start":{"line":118,"column":4},"end":{"line":118,"column":null}},"103":{"start":{"line":119,"column":4},"end":{"line":119,"column":null}},"104":{"start":{"line":120,"column":4},"end":{"line":120,"column":null}},"105":{"start":{"line":121,"column":4},"end":{"line":121,"column":null}},"106":{"start":{"line":122,"column":4},"end":{"line":122,"column":null}},"107":{"start":{"line":123,"column":4},"end":{"line":123,"column":null}},"108":{"start":{"line":124,"column":4},"end":{"line":124,"column":null}},"109":{"start":{"line":125,"column":4},"end":{"line":125,"column":null}},"110":{"start":{"line":126,"column":4},"end":{"line":126,"column":null}},"111":{"start":{"line":127,"column":4},"end":{"line":127,"column":null}},"112":{"start":{"line":128,"column":4},"end":{"line":128,"column":null}},"113":{"start":{"line":129,"column":4},"end":{"line":129,"column":null}},"114":{"start":{"line":130,"column":4},"end":{"line":130,"column":null}},"115":{"start":{"line":131,"column":4},"end":{"line":131,"column":null}},"116":{"start":{"line":132,"column":4},"end":{"line":132,"column":null}},"117":{"start":{"line":133,"column":4},"end":{"line":133,"column":null}},"118":{"start":{"line":134,"column":4},"end":{"line":134,"column":null}},"119":{"start":{"line":135,"column":4},"end":{"line":135,"column":null}},"120":{"start":{"line":137,"column":4},"end":{"line":137,"column":null}},"121":{"start":{"line":138,"column":4},"end":{"line":138,"column":null}},"122":{"start":{"line":139,"column":4},"end":{"line":139,"column":null}},"123":{"start":{"line":140,"column":4},"end":{"line":140,"column":null}},"124":{"start":{"line":141,"column":4},"end":{"line":141,"column":null}},"125":{"start":{"line":142,"column":4},"end":{"line":142,"column":null}},"126":{"start":{"line":143,"column":4},"end":{"line":143,"column":null}},"127":{"start":{"line":144,"column":4},"end":{"line":144,"column":null}},"128":{"start":{"line":145,"column":4},"end":{"line":145,"column":null}},"129":{"start":{"line":146,"column":4},"end":{"line":146,"column":null}},"130":{"start":{"line":147,"column":4},"end":{"line":147,"column":null}},"131":{"start":{"line":148,"column":4},"end":{"line":148,"column":null}},"132":{"start":{"line":149,"column":4},"end":{"line":149,"column":null}},"133":{"start":{"line":150,"column":4},"end":{"line":150,"column":null}},"134":{"start":{"line":152,"column":4},"end":{"line":152,"column":null}},"135":{"start":{"line":153,"column":4},"end":{"line":153,"column":null}},"136":{"start":{"line":154,"column":4},"end":{"line":154,"column":null}},"137":{"start":{"line":155,"column":4},"end":{"line":155,"column":null}},"138":{"start":{"line":156,"column":4},"end":{"line":156,"column":null}},"139":{"start":{"line":157,"column":4},"end":{"line":157,"column":null}},"140":{"start":{"line":158,"column":4},"end":{"line":158,"column":null}},"141":{"start":{"line":159,"column":4},"end":{"line":159,"column":null}},"142":{"start":{"line":160,"column":4},"end":{"line":160,"column":null}},"143":{"start":{"line":161,"column":4},"end":{"line":161,"column":null}},"144":{"start":{"line":162,"column":4},"end":{"line":162,"column":null}},"145":{"start":{"line":163,"column":4},"end":{"line":163,"column":null}},"146":{"start":{"line":164,"column":4},"end":{"line":164,"column":null}},"147":{"start":{"line":165,"column":4},"end":{"line":165,"column":null}},"148":{"start":{"line":167,"column":4},"end":{"line":167,"column":null}},"149":{"start":{"line":168,"column":4},"end":{"line":168,"column":null}},"150":{"start":{"line":169,"column":4},"end":{"line":169,"column":null}},"151":{"start":{"line":170,"column":4},"end":{"line":170,"column":null}},"152":{"start":{"line":171,"column":4},"end":{"line":171,"column":null}},"153":{"start":{"line":172,"column":4},"end":{"line":172,"column":null}},"154":{"start":{"line":173,"column":4},"end":{"line":173,"column":null}},"155":{"start":{"line":174,"column":4},"end":{"line":174,"column":null}},"156":{"start":{"line":175,"column":4},"end":{"line":175,"column":null}},"157":{"start":{"line":176,"column":4},"end":{"line":176,"column":null}},"158":{"start":{"line":177,"column":4},"end":{"line":177,"column":null}},"159":{"start":{"line":178,"column":4},"end":{"line":178,"column":null}},"160":{"start":{"line":179,"column":4},"end":{"line":179,"column":null}},"161":{"start":{"line":180,"column":4},"end":{"line":180,"column":null}},"162":{"start":{"line":181,"column":4},"end":{"line":181,"column":null}},"163":{"start":{"line":182,"column":4},"end":{"line":182,"column":null}},"164":{"start":{"line":183,"column":4},"end":{"line":183,"column":null}},"165":{"start":{"line":184,"column":4},"end":{"line":184,"column":null}},"166":{"start":{"line":185,"column":4},"end":{"line":185,"column":null}},"167":{"start":{"line":186,"column":4},"end":{"line":186,"column":null}},"168":{"start":{"line":187,"column":4},"end":{"line":187,"column":null}},"169":{"start":{"line":188,"column":4},"end":{"line":188,"column":null}},"170":{"start":{"line":189,"column":4},"end":{"line":189,"column":null}},"171":{"start":{"line":190,"column":4},"end":{"line":190,"column":null}},"172":{"start":{"line":191,"column":4},"end":{"line":191,"column":null}},"173":{"start":{"line":192,"column":4},"end":{"line":192,"column":null}},"174":{"start":{"line":193,"column":4},"end":{"line":193,"column":null}},"175":{"start":{"line":194,"column":4},"end":{"line":194,"column":null}},"176":{"start":{"line":195,"column":4},"end":{"line":195,"column":null}},"177":{"start":{"line":196,"column":4},"end":{"line":196,"column":null}}},"fnMap":{"0":{"name":"(anonymous_0)","decl":{"start":{"line":1,"column":0},"end":{"line":1,"column":5}},"loc":{"start":{"line":1,"column":11},"end":{"line":199,"column":1}}}},"branchMap":{"0":{"loc":{"start":{"line":1,"column":5},"end":{"line":1,"column":null}},"type":"binary-expr","locations":[{"start":{"line":1,"column":5},"end":{"line":1,"column":11}},{"start":{"line":1,"column":5},"end":{"line":1,"column":null}}]}},"s":{"0":0,"1":0,"2":0,"3":0,"4":0,"5":0,"6":0,"7":0,"8":0,"9":0,"10":0,"11":0,"12":0,"13":0,"14":0,"15":0,"16":0,"17":0,"18":0,"19":0,"20":0,"21":0,"22":0,"23":0,"24":0,"25":0,"26":0,"27":0,"28":0,"29":0,"30":0,"31":0,"32":0,"33":0,"34":0,"35":0,"36":0,"37":0,"38":0,"39":0,"40":0,"41":0,"42":0,"43":0,"44":0,"45":0,"46":0,"47":0,"48":0,"49":0,"50":0,"51":0,"52":0,"53":0,"54":0,"55":0,"56":0,"57":0,"58":0,"59":0,"60":0,"61":0,"62":0,"63":0,"64":0,"65":0,"66":0,"67":0,"68":0,"69":0,"70":0,"71":0,"72":0,"73":0,"74":0,"75":0,"76":0,"77":0,"78":0,"79":0,"80":0,"81":0,"82":0,"83":0,"84":0,"85":0,"86":0,"87":0,"88":0,"89":0,"90":0,"91":0,"92":0,"93":0,"94":0,"95":0,"96":0,"97":0,"98":0,"99":0,"100":0,"101":0,"102":0,"103":0,"104":0,"105":0,"106":0,"107":0,"108":0,"109":0,"110":0,"111":0,"112":0,"113":0,"114":0,"115":0,"116":0,"117":0,"118":0,"119":0,"120":0,"121":0,"122":0,"123":0,"124":0,"125":0,"126":0,"127":0,"128":0,"129":0,"130":0,"131":0,"132":0,"133":0,"134":0,"135":0,"136":0,"137":0,"138":0,"139":0,"140":0,"141":0,"142":0,"143":0,"144":0,"145":0,"146":0,"147":0,"148":0,"149":0,"150":0,"151":0,"152":0,"153":0,"154":0,"155":0,"156":0,"157":0,"158":0,"159":0,"160":0,"161":0,"162":0,"163":0,"164":0,"165":0,"166":0,"167":0,"168":0,"169":0,"170":0,"171":0,"172":0,"173":0,"174":0,"175":0,"176":0,"177":0},"f":{"0":0},"b":{"0":[0,0]}}
,"D:\\Coding\\wasmmts-A_wasm_interpreter\\src\\parser.ts": {"path":"D:\\Coding\\wasmmts-A_wasm_interpreter\\src\\parser.ts","statementMap":{"0":{"start":{"line":2,"column":0},"end":{"line":2,"column":39}},"1":{"start":{"line":4,"column":0},"end":{"line":4,"column":60}},"2":{"start":{"line":5,"column":0},"end":{"line":5,"column":35}},"3":{"start":{"line":6,"column":0},"end":{"line":6,"column":45}},"4":{"start":{"line":10,"column":32},"end":{"line":10,"column":47}},"5":{"start":{"line":10,"column":56},"end":{"line":10,"column":90}},"6":{"start":{"line":9,"column":0},"end":{"line":9,"column":13}},"7":{"start":{"line":13,"column":23},"end":{"line":13,"column":46}},"8":{"start":{"line":13,"column":55},"end":{"line":13,"column":67}},"9":{"start":{"line":13,"column":76},"end":{"line":13,"column":99}},"10":{"start":{"line":12,"column":0},"end":{"line":12,"column":13}},"11":{"start":{"line":20,"column":8},"end":{"line":20,"column":33}},"12":{"start":{"line":18,"column":23},"end":{"line":18,"column":55}},"13":{"start":{"line":18,"column":64},"end":{"line":18,"column":76}},"14":{"start":{"line":18,"column":85},"end":{"line":18,"column":101}},"15":{"start":{"line":17,"column":0},"end":{"line":17,"column":13}},"16":{"start":{"line":26,"column":8},"end":{"line":26,"column":33}},"17":{"start":{"line":24,"column":23},"end":{"line":24,"column":53}},"18":{"start":{"line":24,"column":62},"end":{"line":24,"column":74}},"19":{"start":{"line":24,"column":83},"end":{"line":24,"column":108}},"20":{"start":{"line":23,"column":0},"end":{"line":23,"column":13}},"21":{"start":{"line":32,"column":8},"end":{"line":32,"column":33}},"22":{"start":{"line":30,"column":23},"end":{"line":30,"column":55}},"23":{"start":{"line":30,"column":64},"end":{"line":30,"column":76}},"24":{"start":{"line":30,"column":85},"end":{"line":30,"column":109}},"25":{"start":{"line":29,"column":0},"end":{"line":29,"column":13}},"26":{"start":{"line":38,"column":8},"end":{"line":38,"column":33}},"27":{"start":{"line":36,"column":23},"end":{"line":36,"column":57}},"28":{"start":{"line":36,"column":66},"end":{"line":36,"column":78}},"29":{"start":{"line":36,"column":87},"end":{"line":36,"column":104}},"30":{"start":{"line":35,"column":0},"end":{"line":35,"column":13}},"31":{"start":{"line":44,"column":8},"end":{"line":44,"column":33}},"32":{"start":{"line":42,"column":23},"end":{"line":42,"column":54}},"33":{"start":{"line":42,"column":63},"end":{"line":42,"column":75}},"34":{"start":{"line":42,"column":84},"end":{"line":42,"column":110}},"35":{"start":{"line":41,"column":0},"end":{"line":41,"column":13}},"36":{"start":{"line":50,"column":8},"end":{"line":50,"column":33}},"37":{"start":{"line":48,"column":23},"end":{"line":48,"column":55}},"38":{"start":{"line":48,"column":64},"end":{"line":48,"column":76}},"39":{"start":{"line":48,"column":85},"end":{"line":48,"column":108}},"40":{"start":{"line":47,"column":0},"end":{"line":47,"column":13}},"41":{"start":{"line":56,"column":8},"end":{"line":56,"column":33}},"42":{"start":{"line":54,"column":23},"end":{"line":54,"column":55}},"43":{"start":{"line":54,"column":64},"end":{"line":54,"column":76}},"44":{"start":{"line":54,"column":85},"end":{"line":54,"column":108}},"45":{"start":{"line":53,"column":0},"end":{"line":53,"column":13}},"46":{"start":{"line":62,"column":8},"end":{"line":62,"column":33}},"47":{"start":{"line":60,"column":23},"end":{"line":60,"column":55}},"48":{"start":{"line":60,"column":64},"end":{"line":60,"column":76}},"49":{"start":{"line":60,"column":85},"end":{"line":60,"column":109}},"50":{"start":{"line":59,"column":0},"end":{"line":59,"column":13}},"51":{"start":{"line":68,"column":8},"end":{"line":68,"column":33}},"52":{"start":{"line":66,"column":23},"end":{"line":66,"column":54}},"53":{"start":{"line":66,"column":63},"end":{"line":66,"column":75}},"54":{"start":{"line":66,"column":84},"end":{"line":66,"column":106}},"55":{"start":{"line":65,"column":0},"end":{"line":65,"column":13}},"56":{"start":{"line":74,"column":8},"end":{"line":74,"column":33}},"57":{"start":{"line":72,"column":23},"end":{"line":72,"column":56}},"58":{"start":{"line":72,"column":65},"end":{"line":72,"column":77}},"59":{"start":{"line":72,"column":86},"end":{"line":72,"column":107}},"60":{"start":{"line":71,"column":0},"end":{"line":71,"column":13}},"61":{"start":{"line":80,"column":8},"end":{"line":80,"column":33}},"62":{"start":{"line":78,"column":23},"end":{"line":78,"column":53}},"63":{"start":{"line":78,"column":62},"end":{"line":78,"column":74}},"64":{"start":{"line":78,"column":83},"end":{"line":78,"column":104}},"65":{"start":{"line":77,"column":0},"end":{"line":77,"column":13}},"66":{"start":{"line":86,"column":8},"end":{"line":86,"column":33}},"67":{"start":{"line":84,"column":23},"end":{"line":84,"column":53}},"68":{"start":{"line":84,"column":62},"end":{"line":84,"column":74}},"69":{"start":{"line":84,"column":83},"end":{"line":84,"column":104}},"70":{"start":{"line":83,"column":0},"end":{"line":83,"column":13}},"71":{"start":{"line":92,"column":8},"end":{"line":92,"column":33}},"72":{"start":{"line":90,"column":23},"end":{"line":90,"column":58}},"73":{"start":{"line":90,"column":67},"end":{"line":90,"column":79}},"74":{"start":{"line":90,"column":88},"end":{"line":90,"column":110}},"75":{"start":{"line":89,"column":0},"end":{"line":89,"column":13}},"76":{"start":{"line":100,"column":21},"end":{"line":100,"column":69}},"77":{"start":{"line":102,"column":4},"end":{"line":104,"column":null}},"78":{"start":{"line":102,"column":17},"end":{"line":102,"column":18}},"79":{"start":{"line":103,"column":8},"end":{"line":103,"column":83}},"80":{"start":{"line":103,"column":36},"end":{"line":103,"column":83}},"81":{"start":{"line":105,"column":23},"end":{"line":105,"column":24}},"82":{"start":{"line":106,"column":35},"end":{"line":106,"column":37}},"83":{"start":{"line":107,"column":4},"end":{"line":113,"column":null}},"84":{"start":{"line":109,"column":28},"end":{"line":109,"column":61}},"85":{"start":{"line":111,"column":8},"end":{"line":111,"column":31}},"86":{"start":{"line":112,"column":8},"end":{"line":112,"column":26}},"87":{"start":{"line":115,"column":4},"end":{"line":115,"column":55}},"88":{"start":{"line":98,"column":0},"end":{"line":98,"column":16}},"89":{"start":{"line":119,"column":22},"end":{"line":119,"column":34}},"90":{"start":{"line":120,"column":4},"end":{"line":120,"column":12}},"91":{"start":{"line":122,"column":29},"end":{"line":122,"column":66}},"92":{"start":{"line":128,"column":4},"end":{"line":153,"column":null}},"93":{"start":{"line":129,"column":37},"end":{"line":129,"column":145}},"94":{"start":{"line":130,"column":35},"end":{"line":130,"column":135}},"95":{"start":{"line":131,"column":37},"end":{"line":131,"column":141}},"96":{"start":{"line":132,"column":39},"end":{"line":132,"column":147}},"97":{"start":{"line":133,"column":36},"end":{"line":133,"column":138}},"98":{"start":{"line":134,"column":37},"end":{"line":134,"column":141}},"99":{"start":{"line":135,"column":37},"end":{"line":135,"column":141}},"100":{"start":{"line":136,"column":37},"end":{"line":136,"column":141}},"101":{"start":{"line":138,"column":12},"end":{"line":138,"column":94}},"102":{"start":{"line":138,"column":29},"end":{"line":138,"column":94}},"103":{"start":{"line":139,"column":40},"end":{"line":139,"column":79}},"104":{"start":{"line":140,"column":12},"end":{"line":140,"column":88}},"105":{"start":{"line":142,"column":38},"end":{"line":142,"column":144}},"106":{"start":{"line":143,"column":35},"end":{"line":143,"column":135}},"107":{"start":{"line":144,"column":35},"end":{"line":144,"column":135}},"108":{"start":{"line":146,"column":12},"end":{"line":146,"column":98}},"109":{"start":{"line":146,"column":29},"end":{"line":146,"column":98}},"110":{"start":{"line":147,"column":40},"end":{"line":147,"column":79}},"111":{"start":{"line":148,"column":12},"end":{"line":148,"column":92}},"112":{"start":{"line":152,"column":17},"end":{"line":152,"column":36}},"113":{"start":{"line":118,"column":0},"end":{"line":118,"column":16}}},"fnMap":{"0":{"name":"(anonymous_6)","decl":{"start":{"line":10,"column":4},"end":{"line":10,"column":32}},"loc":{"start":{"line":10,"column":90},"end":{"line":10,"column":93}}},"1":{"name":"(anonymous_7)","decl":{"start":{"line":13,"column":4},"end":{"line":13,"column":23}},"loc":{"start":{"line":13,"column":99},"end":{"line":13,"column":102}}},"2":{"name":"(anonymous_8)","decl":{"start":{"line":18,"column":4},"end":{"line":18,"column":23}},"loc":{"start":{"line":18,"column":101},"end":{"line":21,"column":5}}},"3":{"name":"(anonymous_9)","decl":{"start":{"line":24,"column":4},"end":{"line":24,"column":23}},"loc":{"start":{"line":24,"column":108},"end":{"line":27,"column":5}}},"4":{"name":"(anonymous_10)","decl":{"start":{"line":30,"column":4},"end":{"line":30,"column":23}},"loc":{"start":{"line":30,"column":109},"end":{"line":33,"column":5}}},"5":{"name":"(anonymous_11)","decl":{"start":{"line":36,"column":4},"end":{"line":36,"column":23}},"loc":{"start":{"line":36,"column":104},"end":{"line":39,"column":5}}},"6":{"name":"(anonymous_12)","decl":{"start":{"line":42,"column":4},"end":{"line":42,"column":23}},"loc":{"start":{"line":42,"column":110},"end":{"line":45,"column":5}}},"7":{"name":"(anonymous_13)","decl":{"start":{"line":48,"column":4},"end":{"line":48,"column":23}},"loc":{"start":{"line":48,"column":108},"end":{"line":51,"column":5}}},"8":{"name":"(anonymous_14)","decl":{"start":{"line":54,"column":4},"end":{"line":54,"column":23}},"loc":{"start":{"line":54,"column":108},"end":{"line":57,"column":5}}},"9":{"name":"(anonymous_15)","decl":{"start":{"line":60,"column":4},"end":{"line":60,"column":23}},"loc":{"start":{"line":60,"column":109},"end":{"line":63,"column":5}}},"10":{"name":"(anonymous_16)","decl":{"start":{"line":66,"column":4},"end":{"line":66,"column":23}},"loc":{"start":{"line":66,"column":106},"end":{"line":69,"column":5}}},"11":{"name":"(anonymous_17)","decl":{"start":{"line":72,"column":4},"end":{"line":72,"column":23}},"loc":{"start":{"line":72,"column":107},"end":{"line":75,"column":5}}},"12":{"name":"(anonymous_18)","decl":{"start":{"line":78,"column":4},"end":{"line":78,"column":23}},"loc":{"start":{"line":78,"column":104},"end":{"line":81,"column":5}}},"13":{"name":"(anonymous_19)","decl":{"start":{"line":84,"column":4},"end":{"line":84,"column":23}},"loc":{"start":{"line":84,"column":104},"end":{"line":87,"column":5}}},"14":{"name":"(anonymous_20)","decl":{"start":{"line":90,"column":4},"end":{"line":90,"column":23}},"loc":{"start":{"line":90,"column":110},"end":{"line":93,"column":5}}},"15":{"name":"parseModule","decl":{"start":{"line":98,"column":16},"end":{"line":98,"column":27}},"loc":{"start":{"line":98,"column":45},"end":{"line":116,"column":1}}},"16":{"name":"parseSection","decl":{"start":{"line":118,"column":16},"end":{"line":118,"column":28}},"loc":{"start":{"line":118,"column":61},"end":{"line":155,"column":1}}}},"branchMap":{"0":{"loc":{"start":{"line":103,"column":8},"end":{"line":103,"column":83}},"type":"if","locations":[{"start":{"line":103,"column":8},"end":{"line":103,"column":83}}]},"1":{"loc":{"start":{"line":128,"column":4},"end":{"line":153,"column":null}},"type":"switch","locations":[{"start":{"line":129,"column":8},"end":{"line":129,"column":145}},{"start":{"line":130,"column":8},"end":{"line":130,"column":135}},{"start":{"line":131,"column":8},"end":{"line":131,"column":141}},{"start":{"line":132,"column":8},"end":{"line":132,"column":147}},{"start":{"line":133,"column":8},"end":{"line":133,"column":138}},{"start":{"line":134,"column":8},"end":{"line":134,"column":141}},{"start":{"line":135,"column":8},"end":{"line":135,"column":141}},{"start":{"line":136,"column":8},"end":{"line":136,"column":141}},{"start":{"line":137,"column":8},"end":{"line":141,"column":null}},{"start":{"line":142,"column":8},"end":{"line":142,"column":144}},{"start":{"line":143,"column":8},"end":{"line":143,"column":135}},{"start":{"line":144,"column":8},"end":{"line":144,"column":135}},{"start":{"line":145,"column":8},"end":{"line":149,"column":null}},{"start":{"line":152,"column":8},"end":{"line":152,"column":36}}]},"2":{"loc":{"start":{"line":138,"column":12},"end":{"line":138,"column":94}},"type":"if","locations":[{"start":{"line":138,"column":12},"end":{"line":138,"column":94}}]},"3":{"loc":{"start":{"line":146,"column":12},"end":{"line":146,"column":98}},"type":"if","locations":[{"start":{"line":146,"column":12},"end":{"line":146,"column":98}}]}},"s":{"0":1,"1":1,"2":1,"3":1,"4":2,"5":2,"6":1,"7":12,"8":12,"9":12,"10":1,"11":2,"12":2,"13":2,"14":2,"15":1,"16":2,"17":2,"18":2,"19":2,"20":1,"21":1,"22":1,"23":1,"24":1,"25":1,"26":2,"27":2,"28":2,"29":2,"30":1,"31":0,"32":0,"33":0,"34":0,"35":1,"36":1,"37":1,"38":1,"39":1,"40":1,"41":0,"42":0,"43":0,"44":0,"45":1,"46":1,"47":1,"48":1,"49":1,"50":1,"51":1,"52":1,"53":1,"54":1,"55":1,"56":0,"57":0,"58":0,"59":0,"60":1,"61":2,"62":2,"63":2,"64":2,"65":1,"66":0,"67":0,"68":0,"69":0,"70":1,"71":0,"72":0,"73":0,"74":0,"75":1,"76":2,"77":2,"78":2,"79":16,"80":0,"81":2,"82":2,"83":2,"84":12,"85":12,"86":12,"87":2,"88":1,"89":12,"90":12,"91":12,"92":12,"93":2,"94":2,"95":1,"96":2,"97":0,"98":1,"99":0,"100":1,"101":1,"102":0,"103":1,"104":1,"105":0,"106":2,"107":0,"108":0,"109":0,"110":0,"111":0,"112":0,"113":1},"f":{"0":2,"1":12,"2":2,"3":2,"4":1,"5":2,"6":0,"7":1,"8":0,"9":1,"10":1,"11":0,"12":2,"13":0,"14":0,"15":2,"16":12},"b":{"0":[0],"1":[2,2,1,2,0,1,0,1,1,0,2,0,0,0],"2":[0],"3":[0]}}
,"D:\\Coding\\wasmmts-A_wasm_interpreter\\src\\types.ts": {"path":"D:\\Coding\\wasmmts-A_wasm_interpreter\\src\\types.ts","statementMap":{"0":{"start":{"line":12,"column":0},"end":{"line":12,"column":null}},"1":{"start":{"line":13,"column":4},"end":{"line":13,"column":null}},"2":{"start":{"line":14,"column":4},"end":{"line":14,"column":null}},"3":{"start":{"line":15,"column":4},"end":{"line":15,"column":null}},"4":{"start":{"line":16,"column":4},"end":{"line":16,"column":null}},"5":{"start":{"line":17,"column":4},"end":{"line":17,"column":null}},"6":{"start":{"line":18,"column":4},"end":{"line":18,"column":null}},"7":{"start":{"line":19,"column":4},"end":{"line":19,"column":null}},"8":{"start":{"line":20,"column":4},"end":{"line":20,"column":null}},"9":{"start":{"line":21,"column":4},"end":{"line":21,"column":null}},"10":{"start":{"line":22,"column":4},"end":{"line":22,"column":null}},"11":{"start":{"line":23,"column":4},"end":{"line":23,"column":null}},"12":{"start":{"line":24,"column":4},"end":{"line":24,"column":null}},"13":{"start":{"line":25,"column":4},"end":{"line":25,"column":null}}},"fnMap":{"0":{"name":"(anonymous_0)","decl":{"start":{"line":12,"column":0},"end":{"line":12,"column":12}},"loc":{"start":{"line":12,"column":25},"end":{"line":26,"column":1}}}},"branchMap":{"0":{"loc":{"start":{"line":12,"column":12},"end":{"line":12,"column":null}},"type":"binary-expr","locations":[{"start":{"line":12,"column":12},"end":{"line":12,"column":25}},{"start":{"line":12,"column":12},"end":{"line":12,"column":null}}]}},"s":{"0":1,"1":1,"2":1,"3":1,"4":1,"5":1,"6":1,"7":1,"8":1,"9":1,"10":1,"11":1,"12":1,"13":1},"f":{"0":1},"b":{"0":[1,1]}}
}
