TN:
SF:src\bodyParser.ts
FN:13,parseCustomTemp
FN:23,parseType
FN:60,parseImport
FN:92,parseFunction
FN:104,parseTable
FN:114,parseMemory
FN:124,parseGlobal
FN:138,parseExport
FN:166,parseElement
FN:337,parseCode
FN:370,parseData
FNF:11
FNH:11
FNDA:8,parseCustomTemp
FNDA:9,parseType
FNDA:5,parseImport
FNDA:9,parseFunction
FNDA:4,parseTable
FNDA:6,parseMemory
FNDA:2,parseGlobal
FNDA:6,parseExport
FNDA:2,parseElement
FNDA:8,parseCode
FNDA:2,parseData
DA:1,1
DA:3,1
DA:13,1
DA:14,8
DA:23,1
DA:25,9
DA:26,9
DA:27,9
DA:29,9
DA:30,80
DA:31,80
DA:33,80
DA:36,80
DA:39,49
DA:40,49
DA:41,49
DA:42,49
DA:44,80
DA:47,45
DA:48,45
DA:49,45
DA:50,45
DA:53,80
DA:54,80
DA:56,9
DA:60,1
DA:62,5
DA:63,5
DA:64,5
DA:66,5
DA:69,20
DA:72,20
DA:74,20
DA:77,20
DA:78,10
DA:79,1
DA:80,0
DA:81,9
DA:82,0
DA:84,20
DA:85,20
DA:87,5
DA:92,1
DA:93,9
DA:94,9
DA:95,9
DA:96,9
DA:97,177
DA:98,177
DA:99,177
DA:101,9
DA:104,1
DA:105,4
DA:106,4
DA:107,4
DA:108,4
DA:109,4
DA:111,4
DA:114,1
DA:115,6
DA:116,6
DA:117,6
DA:118,6
DA:119,6
DA:121,6
DA:124,1
DA:125,2
DA:126,2
DA:127,2
DA:128,2
DA:130,15
DA:132,15
DA:133,15
DA:135,2
DA:138,1
DA:140,6
DA:141,6
DA:142,6
DA:143,6
DA:144,133
DA:145,133
DA:146,133
DA:147,133
DA:148,1583
DA:150,133
DA:152,133
DA:161,133
DA:162,133
DA:164,6
DA:166,1
DA:168,2
DA:169,2
DA:170,2
DA:172,2
DA:173,54
DA:174,54
DA:175,54
DA:176,0
DA:181,39
DA:183,39
DA:184,39
DA:185,39
DA:186,39
DA:187,41
DA:188,41
DA:189,41
DA:191,39
DA:193,39
DA:194,39
DA:200,6
DA:201,6
DA:203,6
DA:204,6
DA:205,6
DA:206,6
DA:207,8
DA:208,8
DA:209,8
DA:211,6
DA:213,6
DA:214,6
DA:219,0
DA:220,0
DA:223,0
DA:226,0
DA:229,0
DA:230,0
DA:231,0
DA:232,0
DA:233,0
DA:234,0
DA:235,0
DA:237,0
DA:239,0
DA:240,0
DA:245,0
DA:246,0
DA:248,0
DA:249,0
DA:250,0
DA:251,0
DA:252,0
DA:253,0
DA:254,0
DA:256,0
DA:257,0
DA:258,0
DA:264,7
DA:266,7
DA:267,7
DA:268,7
DA:269,7
DA:270,14
DA:272,7
DA:273,7
DA:278,2
DA:279,2
DA:280,2
DA:282,2
DA:283,2
DA:284,2
DA:285,2
DA:286,8
DA:288,2
DA:289,2
DA:294,0
DA:295,0
DA:298,0
DA:300,0
DA:301,0
DA:302,0
DA:305,0
DA:306,0
DA:307,0
DA:308,0
DA:309,0
DA:312,0
DA:313,0
DA:318,0
DA:319,0
DA:320,0
DA:322,0
DA:323,0
DA:324,0
DA:325,0
DA:326,0
DA:329,0
DA:330,0
DA:334,2
DA:337,1
DA:338,8
DA:340,8
DA:341,8
DA:343,8
DA:345,167
DA:347,167
DA:348,167
DA:351,167
DA:353,167
DA:355,167
DA:356,25
DA:357,25
DA:358,47
DA:363,167
DA:365,167
DA:367,8
DA:370,1
DA:371,2
DA:372,2
DA:373,2
DA:374,2
DA:375,26
DA:376,26
DA:377,26
DA:378,0
DA:383,26
DA:385,26
DA:386,26
DA:387,26
DA:388,26
DA:389,51
DA:390,51
DA:392,26
DA:393,26
DA:398,0
DA:399,0
DA:400,0
DA:401,0
DA:402,0
DA:403,0
DA:405,0
DA:406,0
DA:411,0
DA:412,0
DA:415,0
DA:418,0
DA:419,0
DA:420,0
DA:421,0
DA:422,0
DA:424,0
DA:425,0
DA:429,2
LF:243
LH:172
BRDA:30,0,0,0
BRDA:36,1,0,31
BRDA:36,1,1,49
BRDA:44,2,0,35
BRDA:44,2,1,45
BRDA:74,3,0,0
BRDA:74,4,0,20
BRDA:74,4,1,10
BRDA:74,4,2,9
BRDA:74,4,3,9
BRDA:77,5,0,10
BRDA:77,5,1,1
BRDA:77,5,2,0
BRDA:77,5,3,9
BRDA:77,5,4,0
BRDA:152,6,0,0
BRDA:152,7,0,133
BRDA:152,7,1,5
BRDA:152,7,2,4
BRDA:152,7,3,2
BRDA:175,8,0,0
BRDA:175,8,1,39
BRDA:175,8,2,6
BRDA:175,8,3,0
BRDA:175,8,4,0
BRDA:175,8,5,7
BRDA:175,8,6,2
BRDA:175,8,7,0
BRDA:175,8,8,0
BRDA:200,9,0,0
BRDA:226,10,0,0
BRDA:245,11,0,0
BRDA:278,12,0,0
BRDA:278,13,0,2
BRDA:278,13,1,0
BRDA:300,14,0,0
BRDA:300,15,0,0
BRDA:300,15,1,0
BRDA:318,16,0,0
BRDA:318,17,0,0
BRDA:318,17,1,0
BRDA:355,18,0,25
BRDA:377,19,0,0
BRDA:377,19,1,26
BRDA:377,19,2,0
BRDA:377,19,3,0
BRF:46
BRH:22
end_of_record
TN:
SF:src\helperParser.ts
FN:5,parseidx
FN:9,parseTableType
FN:22,parseLimits
FN:36,parseGlobalType
FN:44,parseValType
FN:57,(anonymous_5)
FN:61,parseExpr
FN:85,parseLocals
FN:92,parseName
FN:104,logAsHex
FN:106,(anonymous_10)
FNF:11
FNH:9
FNDA:144,parseidx
FNDA:5,parseTableType
FNDA:13,parseLimits
FNDA:33,parseGlobalType
FNDA:80,parseValType
FNDA:1,(anonymous_5)
FNDA:277,parseExpr
FNDA:47,parseLocals
FNDA:41,parseName
FNDA:0,logAsHex
FNDA:0,(anonymous_10)
DA:3,1
DA:5,1
DA:6,144
DA:7,144
DA:9,1
DA:12,5
DA:13,5
DA:14,5
DA:17,5
DA:19,5
DA:22,1
DA:24,13
DA:25,13
DA:26,13
DA:28,13
DA:29,13
DA:30,2
DA:31,2
DA:32,2
DA:33,2
DA:36,1
DA:38,33
DA:40,32
DA:41,31
DA:44,1
DA:45,80
DA:50,73
DA:53,5
DA:55,1
DA:57,1
DA:58,1
DA:61,1
DA:62,277
DA:63,277
DA:64,277
DA:65,168
DA:66,1274
DA:67,1274
DA:68,1274
DA:70,168
DA:73,109
DA:74,238
DA:75,238
DA:76,238
DA:78,109
DA:79,109
DA:80,109
DA:82,277
DA:85,1
DA:86,47
DA:87,47
DA:89,47
DA:90,47
DA:92,1
DA:93,41
DA:94,41
DA:95,41
DA:96,41
DA:97,374
DA:99,41
DA:100,41
DA:104,1
DA:105,0
DA:106,0
DA:107,0
DA:108,0
LF:66
LH:62
BRDA:12,0,0,0
BRDA:12,1,0,5
BRDA:12,1,1,0
BRDA:24,2,0,0
BRDA:24,3,0,13
BRDA:24,3,1,2
BRDA:29,4,0,11
BRDA:40,5,0,1
BRDA:40,6,0,32
BRDA:40,6,1,13
BRDA:45,7,0,35
BRDA:45,7,1,49
BRDA:45,7,2,60
BRDA:45,7,3,73
BRDA:45,7,4,2
BRDA:45,7,5,5
BRDA:45,7,6,1
BRDA:45,7,7,1
BRDA:61,8,0,109
BRDA:64,9,0,168
BRDA:64,9,1,109
BRDA:70,10,0,0
BRDA:78,11,0,0
BRF:23
BRH:18
end_of_record
TN:
SF:src\leb128ToInt.ts
FN:1,(anonymous_0)
FNF:1
FNH:1
FNDA:1306,(anonymous_0)
DA:1,1
DA:2,1306
DA:3,1306
DA:4,1306
DA:5,1306
DA:6,1321
DA:7,1321
DA:8,1321
DA:9,1321
DA:13,1306
LF:10
LH:10
BRDA:9,0,0,1306
BRF:1
BRH:1
end_of_record
TN:
SF:src\opcodes.ts
FN:1,(anonymous_0)
FNF:1
FNH:0
FNDA:0,(anonymous_0)
DA:1,0
DA:3,0
DA:4,0
DA:5,0
DA:6,0
DA:7,0
DA:8,0
DA:9,0
DA:10,0
DA:11,0
DA:12,0
DA:13,0
DA:14,0
DA:15,0
DA:18,0
DA:19,0
DA:22,0
DA:23,0
DA:24,0
DA:25,0
DA:26,0
DA:29,0
DA:30,0
DA:31,0
DA:32,0
DA:33,0
DA:34,0
DA:35,0
DA:36,0
DA:37,0
DA:38,0
DA:39,0
DA:40,0
DA:41,0
DA:42,0
DA:43,0
DA:44,0
DA:45,0
DA:46,0
DA:47,0
DA:48,0
DA:49,0
DA:50,0
DA:51,0
DA:52,0
DA:53,0
DA:56,0
DA:57,0
DA:58,0
DA:59,0
DA:61,0
DA:62,0
DA:63,0
DA:64,0
DA:65,0
DA:66,0
DA:67,0
DA:68,0
DA:69,0
DA:70,0
DA:71,0
DA:73,0
DA:74,0
DA:75,0
DA:76,0
DA:77,0
DA:78,0
DA:79,0
DA:80,0
DA:81,0
DA:82,0
DA:83,0
DA:85,0
DA:86,0
DA:87,0
DA:88,0
DA:89,0
DA:90,0
DA:92,0
DA:93,0
DA:94,0
DA:95,0
DA:96,0
DA:97,0
DA:99,0
DA:100,0
DA:101,0
DA:102,0
DA:103,0
DA:104,0
DA:105,0
DA:106,0
DA:107,0
DA:108,0
DA:109,0
DA:110,0
DA:111,0
DA:112,0
DA:113,0
DA:114,0
DA:115,0
DA:116,0
DA:118,0
DA:119,0
DA:120,0
DA:121,0
DA:122,0
DA:123,0
DA:124,0
DA:125,0
DA:126,0
DA:127,0
DA:128,0
DA:129,0
DA:130,0
DA:131,0
DA:132,0
DA:133,0
DA:134,0
DA:135,0
DA:137,0
DA:138,0
DA:139,0
DA:140,0
DA:141,0
DA:142,0
DA:143,0
DA:144,0
DA:145,0
DA:146,0
DA:147,0
DA:148,0
DA:149,0
DA:150,0
DA:152,0
DA:153,0
DA:154,0
DA:155,0
DA:156,0
DA:157,0
DA:158,0
DA:159,0
DA:160,0
DA:161,0
DA:162,0
DA:163,0
DA:164,0
DA:165,0
DA:167,0
DA:168,0
DA:169,0
DA:170,0
DA:171,0
DA:172,0
DA:173,0
DA:174,0
DA:175,0
DA:176,0
DA:177,0
DA:178,0
DA:179,0
DA:180,0
DA:181,0
DA:182,0
DA:183,0
DA:184,0
DA:185,0
DA:186,0
DA:187,0
DA:188,0
DA:189,0
DA:190,0
DA:191,0
DA:192,0
DA:193,0
DA:194,0
DA:195,0
DA:196,0
LF:178
LH:0
BRDA:1,0,0,0
BRDA:1,0,1,0
BRF:2
BRH:0
end_of_record
TN:
SF:src\parser.ts
FN:10,(anonymous_6)
FN:13,(anonymous_7)
FN:18,(anonymous_8)
FN:24,(anonymous_9)
FN:30,(anonymous_10)
FN:36,(anonymous_11)
FN:42,(anonymous_12)
FN:48,(anonymous_13)
FN:54,(anonymous_14)
FN:60,(anonymous_15)
FN:66,(anonymous_16)
FN:72,(anonymous_17)
FN:78,(anonymous_18)
FN:84,(anonymous_19)
FN:90,(anonymous_20)
FN:98,parseModule
FN:118,parseSection
FNF:17
FNH:16
FNDA:11,(anonymous_6)
FNDA:59,(anonymous_7)
FNDA:8,(anonymous_8)
FNDA:9,(anonymous_9)
FNDA:4,(anonymous_10)
FNDA:8,(anonymous_11)
FNDA:4,(anonymous_12)
FNDA:5,(anonymous_13)
FNDA:2,(anonymous_14)
FNDA:6,(anonymous_15)
FNDA:1,(anonymous_16)
FNDA:2,(anonymous_17)
FNDA:8,(anonymous_18)
FNDA:2,(anonymous_19)
FNDA:0,(anonymous_20)
FNDA:11,parseModule
FNDA:59,parseSection
DA:2,1
DA:4,1
DA:5,1
DA:6,1
DA:9,1
DA:10,11
DA:12,1
DA:13,59
DA:17,1
DA:18,8
DA:20,8
DA:23,1
DA:24,9
DA:26,9
DA:29,1
DA:30,4
DA:32,4
DA:35,1
DA:36,8
DA:38,8
DA:41,1
DA:42,4
DA:44,4
DA:47,1
DA:48,5
DA:50,5
DA:53,1
DA:54,2
DA:56,2
DA:59,1
DA:60,6
DA:62,6
DA:65,1
DA:66,1
DA:68,1
DA:71,1
DA:72,2
DA:74,2
DA:77,1
DA:78,8
DA:80,8
DA:83,1
DA:84,2
DA:86,2
DA:89,1
DA:90,0
DA:92,0
DA:98,1
DA:100,11
DA:102,11
DA:103,88
DA:105,11
DA:106,11
DA:107,11
DA:109,59
DA:111,59
DA:112,59
DA:115,11
DA:118,1
DA:119,59
DA:120,59
DA:122,59
DA:128,59
DA:129,8
DA:130,9
DA:131,4
DA:132,8
DA:133,4
DA:134,5
DA:135,2
DA:136,6
DA:138,1
DA:139,1
DA:140,1
DA:142,2
DA:143,8
DA:144,2
DA:146,0
DA:147,0
DA:148,0
DA:152,0
LF:81
LH:75
BRDA:103,0,0,0
BRDA:128,1,0,8
BRDA:128,1,1,9
BRDA:128,1,2,4
BRDA:128,1,3,8
BRDA:128,1,4,4
BRDA:128,1,5,5
BRDA:128,1,6,2
BRDA:128,1,7,6
BRDA:128,1,8,1
BRDA:128,1,9,2
BRDA:128,1,10,8
BRDA:128,1,11,2
BRDA:128,1,12,0
BRDA:128,1,13,0
BRDA:138,2,0,0
BRDA:146,3,0,0
BRF:17
BRH:12
end_of_record
TN:
SF:src\types.ts
FN:12,(anonymous_0)
FNF:1
FNH:1
FNDA:1,(anonymous_0)
DA:12,1
DA:13,1
DA:14,1
DA:15,1
DA:16,1
DA:17,1
DA:18,1
DA:19,1
DA:20,1
DA:21,1
DA:22,1
DA:23,1
DA:24,1
DA:25,1
LF:14
LH:14
BRDA:12,0,0,1
BRDA:12,0,1,1
BRF:2
BRH:2
end_of_record
