TN:
SF:src\bodyParser.ts
FN:13,parseCustomTemp
FN:23,parseType
FN:60,parseImport
FN:93,parseFunction
FN:105,parseTable
FN:115,parseMemory
FN:125,parseGlobal
FN:139,parseExport
FN:166,parseElement
FN:331,parseCode
FN:360,parseData
FNF:11
FNH:7
FNDA:2,parseCustomTemp
FNDA:2,parseType
FNDA:2,parseImport
FNDA:3,parseFunction
FNDA:0,parseTable
FNDA:2,parseMemory
FNDA:0,parseGlobal
FNDA:2,parseExport
FNDA:0,parseElement
FNDA:2,parseCode
FNDA:0,parseData
DA:1,1
DA:3,1
DA:13,1
DA:14,2
DA:23,1
DA:25,2
DA:26,2
DA:27,2
DA:29,2
DA:30,6
DA:31,6
DA:33,6
DA:36,6
DA:39,5
DA:40,5
DA:41,5
DA:42,5
DA:44,6
DA:47,3
DA:48,3
DA:49,3
DA:50,3
DA:53,6
DA:54,6
DA:56,2
DA:60,1
DA:62,2
DA:63,2
DA:64,2
DA:66,2
DA:69,2
DA:72,2
DA:74,2
DA:84,2
DA:85,2
DA:86,2
DA:88,2
DA:93,1
DA:94,3
DA:95,3
DA:96,3
DA:97,3
DA:98,22
DA:99,22
DA:100,22
DA:102,3
DA:105,1
DA:106,0
DA:107,0
DA:108,0
DA:109,0
DA:110,0
DA:112,0
DA:115,1
DA:116,2
DA:117,2
DA:118,2
DA:119,2
DA:120,2
DA:122,2
DA:125,1
DA:126,0
DA:127,0
DA:128,0
DA:129,0
DA:131,0
DA:133,0
DA:134,0
DA:136,0
DA:139,1
DA:141,2
DA:142,2
DA:143,2
DA:144,2
DA:145,12
DA:146,12
DA:147,12
DA:148,12
DA:149,62
DA:151,12
DA:153,12
DA:155,12
DA:156,10
DA:157,0
DA:158,2
DA:159,0
DA:160,0
DA:162,12
DA:164,2
DA:166,1
DA:168,0
DA:169,0
DA:170,0
DA:172,0
DA:173,0
DA:174,0
DA:175,0
DA:176,0
DA:181,0
DA:183,0
DA:184,0
DA:185,0
DA:186,0
DA:187,0
DA:188,0
DA:189,0
DA:191,0
DA:193,0
DA:194,0
DA:200,0
DA:203,0
DA:204,0
DA:205,0
DA:206,0
DA:207,0
DA:208,0
DA:209,0
DA:211,0
DA:213,0
DA:218,0
DA:219,0
DA:221,0
DA:223,0
DA:226,0
DA:227,0
DA:228,0
DA:229,0
DA:230,0
DA:231,0
DA:232,0
DA:234,0
DA:236,0
DA:241,0
DA:244,0
DA:245,0
DA:246,0
DA:247,0
DA:248,0
DA:249,0
DA:250,0
DA:252,0
DA:254,0
DA:260,0
DA:262,0
DA:263,0
DA:264,0
DA:265,0
DA:266,0
DA:269,0
DA:274,0
DA:275,0
DA:276,0
DA:278,0
DA:279,0
DA:280,0
DA:281,0
DA:282,0
DA:285,0
DA:290,0
DA:291,0
DA:294,0
DA:296,0
DA:297,0
DA:298,0
DA:301,0
DA:302,0
DA:303,0
DA:304,0
DA:305,0
DA:308,0
DA:313,0
DA:314,0
DA:315,0
DA:317,0
DA:318,0
DA:319,0
DA:320,0
DA:321,0
DA:324,0
DA:328,0
DA:331,1
DA:332,2
DA:333,2
DA:334,2
DA:336,2
DA:338,12
DA:340,12
DA:341,12
DA:344,12
DA:345,12
DA:346,12
DA:347,12
DA:348,5
DA:353,12
DA:355,12
DA:357,2
DA:360,1
DA:361,0
DA:362,0
DA:363,0
DA:365,0
DA:366,0
DA:367,0
DA:368,0
DA:369,0
DA:374,0
DA:376,0
DA:377,0
DA:378,0
DA:379,0
DA:380,0
DA:382,0
DA:387,0
DA:388,0
DA:389,0
DA:390,0
DA:391,0
DA:393,0
DA:398,0
DA:399,0
DA:402,0
DA:405,0
DA:406,0
DA:407,0
DA:408,0
DA:409,0
DA:411,0
DA:415,0
LF:228
LH:90
BRDA:30,0,0,0
BRDA:36,1,0,1
BRDA:36,1,1,5
BRDA:44,2,0,3
BRDA:44,2,1,3
BRDA:74,3,0,0
BRDA:74,4,0,2
BRDA:74,4,1,0
BRDA:74,4,2,0
BRDA:74,4,3,0
BRDA:153,5,0,0
BRDA:153,6,0,12
BRDA:153,6,1,2
BRDA:153,6,2,2
BRDA:153,6,3,0
BRDA:155,7,0,10
BRDA:155,7,1,0
BRDA:155,7,2,2
BRDA:155,7,3,0
BRDA:155,7,4,0
BRDA:175,8,0,0
BRDA:175,8,1,0
BRDA:175,8,2,0
BRDA:175,8,3,0
BRDA:175,8,4,0
BRDA:175,8,5,0
BRDA:175,8,6,0
BRDA:175,8,7,0
BRDA:175,8,8,0
BRDA:200,9,0,0
BRDA:223,10,0,0
BRDA:241,11,0,0
BRDA:274,12,0,0
BRDA:274,13,0,0
BRDA:274,13,1,0
BRDA:296,14,0,0
BRDA:296,15,0,0
BRDA:296,15,1,0
BRDA:313,16,0,0
BRDA:313,17,0,0
BRDA:313,17,1,0
BRDA:368,18,0,0
BRDA:368,18,1,0
BRDA:368,18,2,0
BRDA:368,18,3,0
BRF:45
BRH:10
end_of_record
TN:
SF:src\helperParser.ts
FN:5,parseidx
FN:9,parseTableType
FN:22,parseLimits
FN:36,parseGlobalType
FN:44,parseValType
FN:58,(anonymous_5)
FN:63,parseExpr
FN:77,parseLocals
FN:84,parseName
FN:95,logAsHex
FN:98,(anonymous_10)
FNF:11
FNH:10
FNDA:13,parseidx
FNDA:0,parseTableType
FNDA:6,parseLimits
FNDA:9,parseGlobalType
FNDA:14,parseValType
FNDA:1,(anonymous_5)
FNDA:13,parseExpr
FNDA:5,parseLocals
FNDA:5,parseName
FNDA:13,logAsHex
FNDA:307,(anonymous_10)
DA:3,1
DA:5,1
DA:6,13
DA:7,13
DA:9,1
DA:12,0
DA:13,0
DA:14,0
DA:17,0
DA:19,0
DA:22,1
DA:24,6
DA:25,6
DA:26,6
DA:28,6
DA:29,6
DA:30,1
DA:31,1
DA:32,1
DA:33,1
DA:36,1
DA:38,9
DA:40,8
DA:41,7
DA:44,1
DA:46,14
DA:51,10
DA:54,2
DA:56,1
DA:58,1
DA:60,1
DA:63,1
DA:64,13
DA:65,13
DA:66,13
DA:67,307
DA:68,307
DA:69,307
DA:71,13
DA:72,13
DA:74,13
DA:77,1
DA:78,5
DA:79,5
DA:81,5
DA:82,5
DA:84,1
DA:85,5
DA:86,5
DA:87,5
DA:88,5
DA:89,55
DA:91,5
DA:92,5
DA:95,1
DA:97,13
DA:98,307
DA:99,13
DA:100,13
LF:59
LH:54
BRDA:12,0,0,0
BRDA:12,1,0,0
BRDA:12,1,1,0
BRDA:24,2,0,0
BRDA:24,3,0,6
BRDA:24,3,1,1
BRDA:29,4,0,5
BRDA:40,5,0,1
BRDA:40,6,0,8
BRDA:40,6,1,8
BRDA:46,7,0,7
BRDA:46,7,1,8
BRDA:46,7,2,9
BRDA:46,7,3,10
BRDA:46,7,4,1
BRDA:46,7,5,2
BRDA:46,7,6,1
BRDA:46,7,7,1
BRDA:63,8,0,0
BRDA:72,9,0,0
BRF:20
BRH:14
end_of_record
TN:
SF:src\leb128ToInt.ts
FN:1,(anonymous_0)
FNF:1
FNH:1
FNDA:121,(anonymous_0)
DA:1,1
DA:2,121
DA:3,121
DA:4,121
DA:5,121
DA:6,123
DA:7,123
DA:8,123
DA:9,123
DA:10,121
DA:11,0
DA:13,121
LF:12
LH:11
BRDA:9,0,0,121
BRDA:10,1,0,0
BRDA:10,2,0,121
BRDA:10,2,1,121
BRF:4
BRH:3
end_of_record
TN:
SF:src\opcodes.ts
FN:1,(anonymous_0)
FNF:1
FNH:0
FNDA:0,(anonymous_0)
DA:1,0
DA:3,0
DA:4,0
DA:5,0
DA:6,0
DA:7,0
DA:8,0
DA:9,0
DA:10,0
DA:11,0
DA:12,0
DA:13,0
DA:14,0
DA:15,0
DA:18,0
DA:19,0
DA:22,0
DA:23,0
DA:24,0
DA:25,0
DA:26,0
DA:29,0
DA:30,0
DA:31,0
DA:32,0
DA:33,0
DA:34,0
DA:35,0
DA:36,0
DA:37,0
DA:38,0
DA:39,0
DA:40,0
DA:41,0
DA:42,0
DA:43,0
DA:44,0
DA:45,0
DA:46,0
DA:47,0
DA:48,0
DA:49,0
DA:50,0
DA:51,0
DA:52,0
DA:53,0
DA:56,0
DA:57,0
DA:58,0
DA:59,0
DA:61,0
DA:62,0
DA:63,0
DA:64,0
DA:65,0
DA:66,0
DA:67,0
DA:68,0
DA:69,0
DA:70,0
DA:71,0
DA:73,0
DA:74,0
DA:75,0
DA:76,0
DA:77,0
DA:78,0
DA:79,0
DA:80,0
DA:81,0
DA:82,0
DA:83,0
DA:85,0
DA:86,0
DA:87,0
DA:88,0
DA:89,0
DA:90,0
DA:92,0
DA:93,0
DA:94,0
DA:95,0
DA:96,0
DA:97,0
DA:99,0
DA:100,0
DA:101,0
DA:102,0
DA:103,0
DA:104,0
DA:105,0
DA:106,0
DA:107,0
DA:108,0
DA:109,0
DA:110,0
DA:111,0
DA:112,0
DA:113,0
DA:114,0
DA:115,0
DA:116,0
DA:118,0
DA:119,0
DA:120,0
DA:121,0
DA:122,0
DA:123,0
DA:124,0
DA:125,0
DA:126,0
DA:127,0
DA:128,0
DA:129,0
DA:130,0
DA:131,0
DA:132,0
DA:133,0
DA:134,0
DA:135,0
DA:137,0
DA:138,0
DA:139,0
DA:140,0
DA:141,0
DA:142,0
DA:143,0
DA:144,0
DA:145,0
DA:146,0
DA:147,0
DA:148,0
DA:149,0
DA:150,0
DA:152,0
DA:153,0
DA:154,0
DA:155,0
DA:156,0
DA:157,0
DA:158,0
DA:159,0
DA:160,0
DA:161,0
DA:162,0
DA:163,0
DA:164,0
DA:165,0
DA:167,0
DA:168,0
DA:169,0
DA:170,0
DA:171,0
DA:172,0
DA:173,0
DA:174,0
DA:175,0
DA:176,0
DA:177,0
DA:178,0
DA:179,0
DA:180,0
DA:181,0
DA:182,0
DA:183,0
DA:184,0
DA:185,0
DA:186,0
DA:187,0
DA:188,0
DA:189,0
DA:190,0
DA:191,0
DA:192,0
DA:193,0
DA:194,0
DA:195,0
DA:196,0
LF:178
LH:0
BRDA:1,0,0,0
BRDA:1,0,1,0
BRF:2
BRH:0
end_of_record
TN:
SF:src\parser.ts
FN:10,(anonymous_6)
FN:13,(anonymous_7)
FN:18,(anonymous_8)
FN:24,(anonymous_9)
FN:30,(anonymous_10)
FN:36,(anonymous_11)
FN:42,(anonymous_12)
FN:48,(anonymous_13)
FN:54,(anonymous_14)
FN:60,(anonymous_15)
FN:66,(anonymous_16)
FN:72,(anonymous_17)
FN:78,(anonymous_18)
FN:84,(anonymous_19)
FN:90,(anonymous_20)
FN:98,parseModule
FN:118,parseSection
FNF:17
FNH:12
FNDA:2,(anonymous_6)
FNDA:12,(anonymous_7)
FNDA:2,(anonymous_8)
FNDA:2,(anonymous_9)
FNDA:1,(anonymous_10)
FNDA:2,(anonymous_11)
FNDA:0,(anonymous_12)
FNDA:1,(anonymous_13)
FNDA:0,(anonymous_14)
FNDA:1,(anonymous_15)
FNDA:1,(anonymous_16)
FNDA:0,(anonymous_17)
FNDA:2,(anonymous_18)
FNDA:0,(anonymous_19)
FNDA:0,(anonymous_20)
FNDA:2,parseModule
FNDA:12,parseSection
DA:2,1
DA:4,1
DA:5,1
DA:6,1
DA:9,1
DA:10,2
DA:12,1
DA:13,12
DA:17,1
DA:18,2
DA:20,2
DA:23,1
DA:24,2
DA:26,2
DA:29,1
DA:30,1
DA:32,1
DA:35,1
DA:36,2
DA:38,2
DA:41,1
DA:42,0
DA:44,0
DA:47,1
DA:48,1
DA:50,1
DA:53,1
DA:54,0
DA:56,0
DA:59,1
DA:60,1
DA:62,1
DA:65,1
DA:66,1
DA:68,1
DA:71,1
DA:72,0
DA:74,0
DA:77,1
DA:78,2
DA:80,2
DA:83,1
DA:84,0
DA:86,0
DA:89,1
DA:90,0
DA:92,0
DA:98,1
DA:100,2
DA:102,2
DA:103,16
DA:105,2
DA:106,2
DA:107,2
DA:109,12
DA:111,12
DA:112,12
DA:115,2
DA:118,1
DA:119,12
DA:120,12
DA:122,12
DA:128,12
DA:129,2
DA:130,2
DA:131,1
DA:132,2
DA:133,0
DA:134,1
DA:135,0
DA:136,1
DA:138,1
DA:139,1
DA:140,1
DA:142,0
DA:143,2
DA:144,0
DA:146,0
DA:147,0
DA:148,0
DA:152,0
LF:81
LH:63
BRDA:103,0,0,0
BRDA:128,1,0,2
BRDA:128,1,1,2
BRDA:128,1,2,1
BRDA:128,1,3,2
BRDA:128,1,4,0
BRDA:128,1,5,1
BRDA:128,1,6,0
BRDA:128,1,7,1
BRDA:128,1,8,1
BRDA:128,1,9,0
BRDA:128,1,10,2
BRDA:128,1,11,0
BRDA:128,1,12,0
BRDA:128,1,13,0
BRDA:138,2,0,0
BRDA:146,3,0,0
BRF:17
BRH:8
end_of_record
TN:
SF:src\types.ts
FN:12,(anonymous_0)
FNF:1
FNH:1
FNDA:1,(anonymous_0)
DA:12,1
DA:13,1
DA:14,1
DA:15,1
DA:16,1
DA:17,1
DA:18,1
DA:19,1
DA:20,1
DA:21,1
DA:22,1
DA:23,1
DA:24,1
DA:25,1
LF:14
LH:14
BRDA:12,0,0,1
BRDA:12,0,1,1
BRF:2
BRH:2
end_of_record
